TN:
SF:src\events.ts
FN:8,ZetaEvent
FN:21,toEvent
FN:38,ZetaSliderEvent
FN:53,ZetaRangeSliderEvent
FN:66,ZetaPageEvent
FN:74,ZetaCloseEvent
FN:83,ZetaPopupEvent
FN:92,ZetaCancelUploadEvent
FN:101,ZetaChangeEvent
FN:112,ZetaInputEvent
FNF:10
FNH:8
FNDA:20,ZetaEvent
FNDA:18,toEvent
FNDA:5,ZetaSliderEvent
FNDA:4,ZetaRangeSliderEvent
FNDA:2,ZetaPageEvent
FNDA:2,ZetaCloseEvent
FNDA:5,ZetaPopupEvent
FNDA:2,ZetaCancelUploadEvent
FNDA:0,ZetaChangeEvent
FNDA:0,ZetaInputEvent
DA:1,42
DA:2,42
DA:3,42
DA:4,42
DA:5,42
DA:6,42
DA:7,42
DA:8,42
DA:9,20
DA:10,20
DA:11,20
DA:12,20
DA:13,20
DA:14,20
DA:15,20
DA:16,20
DA:17,20
DA:18,20
DA:19,20
DA:20,20
DA:21,42
DA:22,18
DA:23,18
DA:24,18
DA:25,18
DA:26,18
DA:27,18
DA:28,18
DA:29,42
DA:30,42
DA:31,42
DA:32,42
DA:33,42
DA:34,42
DA:35,42
DA:36,42
DA:37,42
DA:38,42
DA:39,5
DA:40,5
DA:41,42
DA:42,42
DA:43,42
DA:44,42
DA:45,42
DA:46,42
DA:47,42
DA:48,42
DA:49,42
DA:50,42
DA:51,42
DA:52,42
DA:53,42
DA:54,4
DA:55,4
DA:56,42
DA:57,42
DA:58,42
DA:59,42
DA:60,42
DA:61,42
DA:62,42
DA:63,42
DA:64,42
DA:65,42
DA:66,42
DA:67,2
DA:68,2
DA:69,42
DA:70,42
DA:71,42
DA:72,42
DA:73,42
DA:74,42
DA:75,2
DA:76,2
DA:77,42
DA:78,42
DA:79,42
DA:80,42
DA:81,42
DA:82,42
DA:83,42
DA:84,5
DA:85,5
DA:86,5
DA:87,42
DA:88,42
DA:89,42
DA:90,42
DA:91,42
DA:92,42
DA:93,2
DA:94,2
DA:95,42
DA:96,42
DA:97,42
DA:98,42
DA:99,42
DA:100,42
DA:101,42
DA:102,0
DA:103,0
DA:104,42
DA:105,42
DA:106,42
DA:107,42
DA:108,42
DA:109,42
DA:110,42
DA:111,42
DA:112,42
DA:113,0
DA:114,0
DA:115,42
DA:116,42
DA:117,42
DA:118,42
DA:119,42
DA:120,42
DA:121,42
DA:122,42
DA:123,42
DA:124,42
LF:124
LH:120
BRDA:8,0,0,20
BRDA:17,1,0,6
BRDA:17,2,0,6
BRDA:17,3,0,6
BRDA:18,4,0,6
BRDA:18,5,0,6
BRDA:18,6,0,6
BRDA:19,7,0,6
BRDA:19,8,0,0
BRDA:19,9,0,0
BRDA:21,10,0,18
BRDA:83,11,0,5
BRDA:17,12,0,14
BRDA:18,13,0,14
BRDA:74,14,0,2
BRDA:66,15,0,2
BRDA:92,16,0,2
BRDA:53,17,0,4
BRDA:38,18,0,5
BRF:19
BRH:17
end_of_record
TN:
SF:src\index.ts
FNF:0
FNH:0
DA:1,3
DA:2,3
DA:3,3
DA:4,3
DA:5,3
DA:6,3
DA:7,3
DA:8,3
DA:9,3
DA:10,3
DA:11,3
DA:12,3
DA:13,3
DA:14,3
DA:15,3
DA:16,3
DA:17,3
DA:18,3
DA:19,3
DA:20,3
DA:21,3
DA:22,3
DA:23,3
DA:24,3
DA:25,3
DA:26,3
DA:27,3
DA:28,3
DA:29,3
DA:30,3
DA:31,3
DA:32,3
DA:33,3
DA:34,3
DA:35,3
DA:36,3
DA:37,3
DA:38,3
DA:39,3
DA:40,3
DA:41,3
DA:42,3
DA:43,3
DA:44,3
DA:45,3
DA:46,3
DA:47,3
DA:48,3
DA:49,3
DA:50,3
DA:51,3
DA:52,3
DA:53,3
DA:54,3
DA:55,3
DA:56,3
DA:57,3
DA:58,3
DA:59,3
DA:60,3
DA:61,3
DA:62,3
DA:63,3
DA:64,3
DA:65,3
DA:66,3
DA:67,3
DA:68,3
DA:69,3
DA:70,3
DA:71,3
DA:72,3
DA:73,3
DA:74,3
DA:75,3
DA:76,3
DA:77,3
DA:78,3
DA:79,3
DA:80,3
DA:81,3
DA:82,3
DA:83,3
DA:84,3
DA:85,3
DA:86,3
DA:87,3
DA:88,3
DA:89,3
DA:90,3
DA:91,3
DA:92,3
DA:93,3
DA:94,3
DA:95,3
DA:96,3
DA:97,3
DA:98,3
DA:99,3
DA:100,3
DA:101,3
DA:102,3
DA:103,3
DA:104,3
DA:105,3
DA:106,3
DA:107,3
DA:108,3
DA:109,3
DA:110,3
DA:111,3
DA:112,3
DA:113,3
DA:114,3
DA:115,3
DA:116,3
DA:117,3
DA:118,3
DA:119,3
DA:120,3
DA:121,3
DA:122,3
DA:123,3
DA:124,3
DA:125,3
DA:126,3
DA:127,3
DA:128,3
DA:129,3
DA:130,3
DA:131,3
DA:132,3
DA:133,3
DA:134,3
DA:135,3
DA:136,3
DA:137,3
DA:138,3
DA:139,3
DA:140,3
DA:141,3
DA:142,3
DA:143,3
LF:143
LH:143
BRF:0
BRH:0
end_of_record
TN:
SF:src\components\base-toggle-form-element.ts
FN:8,<static_initializer>
FN:14,handleChange
FN:18,focus
FN:22,blur
FN:26,key
FN:34,render
FNF:6
FNH:3
FNDA:6,<static_initializer>
FNDA:4,handleChange
FNDA:0,focus
FNDA:0,blur
FNDA:0,key
FNDA:46,render
DA:1,6
DA:2,6
DA:3,6
DA:4,6
DA:5,6
DA:6,6
DA:7,6
DA:8,6
DA:9,6
DA:10,6
DA:11,6
DA:12,6
DA:13,6
DA:14,6
DA:15,4
DA:16,4
DA:17,6
DA:18,6
DA:19,0
DA:20,0
DA:21,6
DA:22,6
DA:23,0
DA:24,0
DA:25,6
DA:26,6
DA:27,0
DA:28,0
DA:29,0
DA:30,0
DA:31,0
DA:32,0
DA:33,6
DA:34,6
DA:35,46
DA:36,46
DA:37,46
DA:38,46
DA:39,46
DA:40,46
DA:41,46
DA:42,46
DA:43,46
DA:44,24
DA:45,46
DA:46,46
DA:47,46
DA:48,46
DA:49,46
DA:50,46
DA:51,46
DA:52,6
DA:53,6
DA:54,6
LF:54
LH:44
BRDA:8,0,0,6
BRDA:53,1,0,0
BRDA:14,2,0,8
BRDA:34,3,0,49
BRDA:39,4,0,3
BRDA:44,5,0,3
BRDA:44,6,0,25
BRDA:43,7,0,27
BRF:8
BRH:7
end_of_record
TN:
SF:src\components\accordion\accordion.ts
FN:20,ZetaAccordion
FN:34,toggleOpen
FN:38,render
FNF:3
FNH:0
FNDA:0,ZetaAccordion
FNDA:0,toggleOpen
FNDA:0,render
DA:1,3
DA:2,3
DA:3,3
DA:4,3
DA:5,3
DA:6,3
DA:7,3
DA:8,3
DA:9,3
DA:10,3
DA:11,3
DA:12,3
DA:13,3
DA:14,3
DA:15,3
DA:16,3
DA:17,3
DA:18,3
DA:19,3
DA:20,3
DA:21,0
DA:22,0
DA:23,0
DA:24,0
DA:25,0
DA:26,0
DA:27,0
DA:28,0
DA:29,0
DA:30,0
DA:31,0
DA:32,0
DA:33,3
DA:34,3
DA:35,0
DA:36,0
DA:37,3
DA:38,3
DA:39,0
DA:40,0
DA:41,0
DA:42,0
DA:43,0
DA:44,0
DA:45,0
DA:46,0
DA:47,0
DA:48,0
DA:49,3
DA:50,3
DA:51,3
DA:52,3
DA:53,3
DA:54,3
DA:55,3
DA:56,3
DA:57,3
LF:57
LH:33
BRDA:50,0,0,0
BRF:1
BRH:0
end_of_record
TN:
SF:src\components\action-menu\action-menu-button.ts
FN:18,ZetaActionMenuButton
FN:27,onClick
FN:47,firstUpdated
FN:51,handleClick
FN:60,handleOutsideClick
FN:67,renderItems
FN:75,render
FNF:7
FNH:6
FNDA:6,ZetaActionMenuButton
FNDA:0,onClick
FNDA:6,firstUpdated
FNDA:5,handleClick
FNDA:51,handleOutsideClick
FNDA:16,renderItems
FNDA:16,render
DA:1,4
DA:2,4
DA:3,4
DA:4,4
DA:5,4
DA:6,4
DA:7,4
DA:8,4
DA:9,4
DA:10,4
DA:11,4
DA:12,4
DA:13,4
DA:14,4
DA:15,4
DA:16,4
DA:17,4
DA:18,4
DA:19,6
DA:20,6
DA:21,6
DA:22,6
DA:23,6
DA:24,6
DA:25,6
DA:26,6
DA:27,6
DA:28,0
DA:29,0
DA:30,6
DA:31,6
DA:32,6
DA:33,6
DA:34,6
DA:35,6
DA:36,6
DA:37,6
DA:38,6
DA:39,6
DA:40,6
DA:41,6
DA:42,4
DA:43,4
DA:44,4
DA:45,4
DA:46,4
DA:47,4
DA:48,6
DA:49,6
DA:50,4
DA:51,4
DA:52,5
DA:53,5
DA:54,5
DA:55,5
DA:56,0
DA:57,0
DA:58,5
DA:59,4
DA:60,4
DA:61,51
DA:62,5
DA:63,5
DA:64,5
DA:65,51
DA:66,4
DA:67,4
DA:68,16
DA:69,16
DA:70,16
DA:71,16
DA:72,16
DA:73,16
DA:74,4
DA:75,4
DA:76,16
DA:77,16
DA:78,16
DA:79,16
DA:80,16
DA:81,5
DA:82,16
DA:83,16
DA:84,16
DA:85,16
DA:86,16
DA:87,16
DA:88,16
DA:89,16
DA:90,16
DA:91,16
DA:92,16
DA:93,4
DA:94,4
DA:95,4
DA:96,4
DA:97,4
DA:98,4
DA:99,4
DA:100,4
DA:101,4
LF:101
LH:97
BRDA:94,0,0,0
BRDA:18,1,0,6
BRDA:47,2,0,6
BRDA:51,3,0,5
BRDA:55,4,0,0
BRDA:60,5,0,51
BRDA:61,6,0,10
BRDA:61,7,0,5
BRDA:67,8,0,16
BRDA:68,9,0,16
BRDA:75,10,0,16
BRDA:80,11,0,5
BRF:12
BRH:10
end_of_record
TN:
SF:src\components\avatar\avatar.ts
FN:25,ZetaAvatar
FN:42,render
FNF:2
FNH:2
FNDA:5,ZetaAvatar
FNDA:5,render
DA:1,4
DA:2,4
DA:3,4
DA:4,4
DA:5,4
DA:6,4
DA:7,4
DA:8,4
DA:9,4
DA:10,4
DA:11,4
DA:12,4
DA:13,4
DA:14,4
DA:15,4
DA:16,4
DA:17,4
DA:18,4
DA:19,4
DA:20,4
DA:21,4
DA:22,4
DA:23,4
DA:24,4
DA:25,4
DA:26,5
DA:27,5
DA:28,5
DA:29,5
DA:30,5
DA:31,5
DA:32,5
DA:33,5
DA:34,5
DA:35,5
DA:36,5
DA:37,5
DA:38,5
DA:39,5
DA:40,5
DA:41,4
DA:42,4
DA:43,5
DA:44,5
DA:45,5
DA:46,5
DA:47,5
DA:48,5
DA:49,5
DA:50,0
DA:51,5
DA:52,5
DA:53,5
DA:54,5
DA:55,5
DA:56,5
DA:57,5
DA:58,4
DA:59,4
DA:60,4
DA:61,4
DA:62,4
DA:63,4
DA:64,4
DA:65,4
DA:66,4
LF:66
LH:65
BRDA:25,0,0,5
BRDA:42,1,0,5
BRF:2
BRH:2
end_of_record
TN:
SF:src\components\avatar-rail\avatar-rail.ts
FN:14,ZetaAvatarRail
FN:26,render
FNF:2
FNH:0
FNDA:0,ZetaAvatarRail
FNDA:0,render
DA:1,3
DA:2,3
DA:3,3
DA:4,3
DA:5,3
DA:6,3
DA:7,3
DA:8,3
DA:9,3
DA:10,3
DA:11,3
DA:12,3
DA:13,3
DA:14,3
DA:15,0
DA:16,0
DA:17,0
DA:18,0
DA:19,0
DA:20,3
DA:21,3
DA:22,3
DA:23,3
DA:24,3
DA:25,3
DA:26,3
DA:27,0
DA:28,0
DA:29,3
DA:30,3
DA:31,3
DA:32,3
DA:33,3
DA:34,3
DA:35,3
DA:36,3
DA:37,3
LF:37
LH:30
BRF:0
BRH:0
end_of_record
TN:
SF:src\components\badges\indicators\indicators.ts
FN:16,ZetaIndicator
FN:38,getBody
FN:46,render
FN:55,ZetaIconIndicator
FN:64,ZetaNotificationIndicator
FNF:5
FNH:4
FNDA:19,ZetaIndicator
FNDA:22,getBody
FNDA:22,render
FNDA:0,ZetaIconIndicator
FNDA:19,ZetaNotificationIndicator
DA:1,7
DA:2,7
DA:3,7
DA:4,7
DA:5,7
DA:6,7
DA:7,7
DA:8,7
DA:9,7
DA:10,7
DA:11,7
DA:12,7
DA:13,7
DA:14,7
DA:15,7
DA:16,7
DA:17,19
DA:18,19
DA:19,19
DA:20,19
DA:21,19
DA:22,19
DA:23,19
DA:24,19
DA:25,19
DA:26,19
DA:27,19
DA:28,19
DA:29,19
DA:30,19
DA:31,19
DA:32,19
DA:33,19
DA:34,19
DA:35,7
DA:36,7
DA:37,7
DA:38,7
DA:39,22
DA:40,0
DA:41,22
DA:42,22
DA:43,22
DA:44,22
DA:45,7
DA:46,7
DA:47,22
DA:48,22
DA:49,22
DA:50,7
DA:51,7
DA:52,7
DA:53,7
DA:54,7
DA:55,7
DA:56,0
DA:57,0
DA:58,0
DA:59,7
DA:60,7
DA:61,7
DA:62,7
DA:63,7
DA:64,7
DA:65,19
DA:66,19
DA:67,19
DA:68,7
DA:69,7
DA:70,7
DA:71,7
DA:72,7
DA:73,7
DA:74,7
DA:75,7
DA:76,7
LF:76
LH:72
BRDA:36,0,0,0
BRDA:16,1,0,19
BRDA:38,2,0,22
BRDA:39,3,0,0
BRDA:46,4,0,22
BRDA:47,5,0,18
BRDA:48,6,0,18
BRDA:48,7,0,0
BRDA:64,8,0,19
BRDA:47,9,0,4
BRDA:48,10,0,4
BRF:11
BRH:8
end_of_record
TN:
SF:src\components\badges\label\label.ts
FN:16,ZetaLabel
FN:29,render
FNF:2
FNH:0
FNDA:0,ZetaLabel
FNDA:0,render
DA:1,3
DA:2,3
DA:3,3
DA:4,3
DA:5,3
DA:6,3
DA:7,3
DA:8,3
DA:9,3
DA:10,3
DA:11,3
DA:12,3
DA:13,3
DA:14,3
DA:15,3
DA:16,3
DA:17,0
DA:18,0
DA:19,0
DA:20,0
DA:21,3
DA:22,3
DA:23,3
DA:24,3
DA:25,3
DA:26,3
DA:27,3
DA:28,3
DA:29,3
DA:30,0
DA:31,0
DA:32,0
DA:33,0
DA:34,0
DA:35,0
DA:36,3
DA:37,3
DA:38,3
DA:39,3
DA:40,3
DA:41,3
DA:42,3
LF:42
LH:32
BRDA:27,0,0,0
BRF:1
BRH:0
end_of_record
TN:
SF:src\components\badges\priority-pill\priority-pill.ts
FN:30,render
FNF:1
FNH:0
FNDA:0,render
DA:1,3
DA:2,3
DA:3,3
DA:4,3
DA:5,3
DA:6,3
DA:7,3
DA:8,3
DA:9,3
DA:10,3
DA:11,3
DA:12,3
DA:13,3
DA:14,3
DA:15,3
DA:16,3
DA:17,3
DA:18,3
DA:19,3
DA:20,3
DA:21,3
DA:22,3
DA:23,3
DA:24,3
DA:25,3
DA:26,3
DA:27,3
DA:28,3
DA:29,3
DA:30,3
DA:31,0
DA:32,0
DA:33,0
DA:34,0
DA:35,0
DA:36,0
DA:37,0
DA:38,3
DA:39,3
DA:40,3
DA:41,3
DA:42,3
DA:43,3
DA:44,3
LF:44
LH:37
BRDA:28,0,0,0
BRF:1
BRH:0
end_of_record
TN:
SF:src\components\badges\status-label\status-label.ts
FN:19,ZetaStatusLabel
FN:35,render
FNF:2
FNH:0
FNDA:0,ZetaStatusLabel
FNDA:0,render
DA:1,3
DA:2,3
DA:3,3
DA:4,3
DA:5,3
DA:6,3
DA:7,3
DA:8,3
DA:9,3
DA:10,3
DA:11,3
DA:12,3
DA:13,3
DA:14,3
DA:15,3
DA:16,3
DA:17,3
DA:18,3
DA:19,3
DA:20,0
DA:21,0
DA:22,3
DA:23,3
DA:24,3
DA:25,3
DA:26,3
DA:27,3
DA:28,3
DA:29,3
DA:30,3
DA:31,3
DA:32,3
DA:33,3
DA:34,3
DA:35,3
DA:36,0
DA:37,0
DA:38,0
DA:39,0
DA:40,0
DA:41,0
DA:42,0
DA:43,0
DA:44,0
DA:45,0
DA:46,0
DA:47,0
DA:48,0
DA:49,0
DA:50,0
DA:51,0
DA:52,0
DA:53,0
DA:54,0
DA:55,3
DA:56,3
DA:57,3
DA:58,3
DA:59,3
DA:60,3
DA:61,3
LF:61
LH:40
BRDA:33,0,0,0
BRF:1
BRH:0
end_of_record
TN:
SF:src\components\badges\tag\tag.ts
FN:15,ZetaTag
FN:24,render
FNF:2
FNH:2
FNDA:5,ZetaTag
FNDA:9,render
DA:1,4
DA:2,4
DA:3,4
DA:4,4
DA:5,4
DA:6,4
DA:7,4
DA:8,4
DA:9,4
DA:10,4
DA:11,4
DA:12,4
DA:13,4
DA:14,4
DA:15,4
DA:16,5
DA:17,5
DA:18,5
DA:19,5
DA:20,5
DA:21,4
DA:22,4
DA:23,4
DA:24,4
DA:25,9
DA:26,9
DA:27,0
DA:28,9
DA:29,9
DA:30,9
DA:31,9
DA:32,9
DA:33,9
DA:34,9
DA:35,9
DA:36,9
DA:37,9
DA:38,9
DA:39,4
DA:40,4
DA:41,4
DA:42,4
DA:43,4
DA:44,4
DA:45,4
LF:45
LH:44
BRDA:22,0,0,0
BRDA:15,1,0,5
BRDA:24,2,0,9
BRDA:26,3,0,0
BRF:4
BRH:2
end_of_record
TN:
SF:src\components\badges\workcloud-indicator\workcloud-indicator.ts
FN:8,OverwriteStyles
FN:10,<static_initializer>
FN:18,ZetaWorkcloudIndicator
FN:32,render
FNF:4
FNH:2
FNDA:3,OverwriteStyles
FNDA:3,<static_initializer>
FNDA:0,ZetaWorkcloudIndicator
FNDA:0,render
DA:1,3
DA:2,3
DA:3,3
DA:4,3
DA:5,3
DA:6,3
DA:7,3
DA:8,3
DA:9,3
DA:10,3
DA:11,3
DA:12,3
DA:13,3
DA:14,3
DA:15,3
DA:16,3
DA:17,3
DA:18,3
DA:19,0
DA:20,0
DA:21,0
DA:22,0
DA:23,0
DA:24,0
DA:25,0
DA:26,0
DA:27,0
DA:28,0
DA:29,0
DA:30,0
DA:31,3
DA:32,3
DA:33,0
DA:34,0
DA:35,0
DA:36,0
DA:37,0
DA:38,0
DA:39,0
DA:40,0
DA:41,0
DA:42,3
DA:43,3
DA:44,3
DA:45,3
DA:46,3
DA:47,3
DA:48,3
LF:48
LH:27
BRDA:8,0,0,3
BRDA:10,1,0,3
BRDA:10,2,0,3
BRF:3
BRH:3
end_of_record
TN:
SF:src\components\bottom-sheets\bottom-sheet.ts
FN:14,ZetaBottomSheet
FN:35,ZetaBottomSheet.setLayout
FN:48,render
FNF:3
FNH:3
FNDA:18,ZetaBottomSheet
FNDA:63,ZetaBottomSheet.setLayout
FNDA:45,render
DA:1,4
DA:2,4
DA:3,4
DA:4,4
DA:5,4
DA:6,4
DA:7,4
DA:8,4
DA:9,4
DA:10,4
DA:11,4
DA:12,4
DA:13,4
DA:14,4
DA:15,18
DA:16,18
DA:17,18
DA:18,18
DA:19,18
DA:20,18
DA:21,18
DA:22,18
DA:23,18
DA:24,18
DA:25,18
DA:26,18
DA:27,18
DA:28,18
DA:29,18
DA:30,18
DA:31,18
DA:32,18
DA:33,18
DA:34,18
DA:35,18
DA:36,63
DA:37,63
DA:38,15
DA:39,15
DA:40,63
DA:41,15
DA:42,15
DA:43,48
DA:44,33
DA:45,33
DA:46,63
DA:47,4
DA:48,4
DA:49,45
DA:50,45
DA:51,45
DA:52,45
DA:53,45
DA:54,45
DA:55,45
DA:56,45
DA:57,45
DA:58,45
DA:59,45
DA:60,4
DA:61,4
DA:62,4
DA:63,4
DA:64,4
DA:65,4
LF:65
LH:65
BRDA:14,0,0,18
BRDA:35,1,0,63
BRDA:37,2,0,45
BRDA:37,3,0,15
BRDA:40,4,0,48
BRDA:40,5,0,30
BRDA:40,6,0,15
BRDA:43,7,0,33
BRDA:48,8,0,45
BRDA:54,9,0,27
BRDA:54,10,0,18
BRDA:54,11,0,9
BRDA:54,12,0,36
BRF:13
BRH:13
end_of_record
TN:
SF:src\components\breadcrumbs\breadcrumb.ts
FN:17,ZetaBreadcrumb
FN:33,ZetaBreadcrumb.handleClick
FN:41,ZetaBreadcrumb.handleSlotChange
FN:69,render
FNF:4
FNH:3
FNDA:3,ZetaBreadcrumb
FNDA:0,ZetaBreadcrumb.handleClick
FNDA:6,ZetaBreadcrumb.handleSlotChange
FNDA:6,render
DA:1,4
DA:2,4
DA:3,4
DA:4,4
DA:5,4
DA:6,4
DA:7,4
DA:8,4
DA:9,4
DA:10,4
DA:11,4
DA:12,4
DA:13,4
DA:14,4
DA:15,4
DA:16,4
DA:17,4
DA:18,3
DA:19,3
DA:20,3
DA:21,3
DA:22,3
DA:23,3
DA:24,3
DA:25,3
DA:26,3
DA:27,3
DA:28,3
DA:29,3
DA:30,3
DA:31,3
DA:32,3
DA:33,3
DA:34,0
DA:35,0
DA:36,0
DA:37,0
DA:38,0
DA:39,0
DA:40,3
DA:41,3
DA:42,6
DA:43,6
DA:44,3
DA:45,3
DA:46,3
DA:47,3
DA:48,3
DA:49,3
DA:50,3
DA:51,0
DA:52,0
DA:53,3
DA:54,3
DA:55,3
DA:56,3
DA:57,3
DA:58,18
DA:59,18
DA:60,3
DA:61,3
DA:62,3
DA:63,3
DA:64,3
DA:65,3
DA:66,3
DA:67,6
DA:68,4
DA:69,4
DA:70,6
DA:71,6
DA:72,6
DA:73,6
DA:74,6
DA:75,4
DA:76,4
DA:77,4
DA:78,4
DA:79,4
DA:80,4
DA:81,4
LF:81
LH:73
BRDA:18,0,0,0
BRDA:17,1,0,3
BRDA:41,2,0,6
BRDA:43,3,0,3
BRDA:45,4,0,0
BRDA:50,5,0,0
BRDA:57,6,0,18
BRDA:58,7,0,3
BRDA:59,8,0,9
BRDA:69,9,0,6
BRF:10
BRH:7
end_of_record
TN:
SF:src\components\breadcrumbs\breadcrumb-item\breadcrumb-item.ts
FN:19,render
FNF:1
FNH:1
FNDA:18,render
DA:1,4
DA:2,4
DA:3,4
DA:4,4
DA:5,4
DA:6,4
DA:7,4
DA:8,4
DA:9,4
DA:10,4
DA:11,4
DA:12,4
DA:13,4
DA:14,4
DA:15,4
DA:16,4
DA:17,4
DA:18,4
DA:19,4
DA:20,18
DA:21,18
DA:22,18
DA:23,18
DA:24,18
DA:25,18
DA:26,18
DA:27,4
DA:28,4
DA:29,4
DA:30,4
DA:31,4
DA:32,4
DA:33,4
LF:33
LH:33
BRDA:17,0,0,0
BRDA:19,1,0,18
BRF:2
BRH:1
end_of_record
TN:
SF:src\components\button\base-button.ts
FN:8,<static_initializer>
FN:18,BaseButton
FN:31,focus
FN:35,blur
FN:39,click
FN:44,_handleClick
FNF:6
FNH:4
FNDA:15,<static_initializer>
FNDA:116,BaseButton
FNDA:0,focus
FNDA:0,blur
FNDA:21,click
FNDA:17,_handleClick
DA:1,15
DA:2,15
DA:3,15
DA:4,15
DA:5,15
DA:6,15
DA:7,15
DA:8,15
DA:9,15
DA:10,15
DA:11,15
DA:12,15
DA:13,15
DA:14,15
DA:15,15
DA:16,15
DA:17,15
DA:18,15
DA:19,116
DA:20,116
DA:21,116
DA:22,15
DA:23,15
DA:24,15
DA:25,15
DA:26,15
DA:27,15
DA:28,15
DA:29,15
DA:30,15
DA:31,15
DA:32,0
DA:33,0
DA:34,15
DA:35,15
DA:36,0
DA:37,0
DA:38,15
DA:39,15
DA:40,21
DA:41,21
DA:42,15
DA:43,15
DA:44,15
DA:45,17
DA:46,0
DA:47,0
DA:48,17
DA:49,2
DA:50,2
DA:51,2
DA:52,17
DA:53,17
DA:54,15
DA:55,15
DA:56,15
DA:57,15
DA:58,15
LF:58
LH:52
BRDA:8,0,0,15
BRDA:57,1,0,0
BRDA:18,2,0,121
BRDA:39,3,0,31
BRDA:44,4,0,27
BRDA:45,5,0,10
BRDA:48,6,0,12
BRDA:40,7,0,27
BRF:8
BRH:7
end_of_record
TN:
SF:src\components\button\button.ts
FN:26,ZetaButton
FN:39,render
FNF:2
FNH:2
FNDA:100,ZetaButton
FNDA:122,render
DA:1,14
DA:2,14
DA:3,14
DA:4,14
DA:5,14
DA:6,14
DA:7,14
DA:8,14
DA:9,14
DA:10,14
DA:11,14
DA:12,14
DA:13,14
DA:14,14
DA:15,14
DA:16,14
DA:17,14
DA:18,14
DA:19,14
DA:20,14
DA:21,14
DA:22,14
DA:23,14
DA:24,14
DA:25,14
DA:26,14
DA:27,100
DA:28,100
DA:29,100
DA:30,100
DA:31,100
DA:32,100
DA:33,100
DA:34,100
DA:35,100
DA:36,100
DA:37,100
DA:38,14
DA:39,14
DA:40,122
DA:41,122
DA:42,122
DA:43,122
DA:44,122
DA:45,122
DA:46,122
DA:47,122
DA:48,122
DA:49,122
DA:50,122
DA:51,122
DA:52,122
DA:53,122
DA:54,122
DA:55,122
DA:56,122
DA:57,105
DA:58,17
DA:59,17
DA:60,122
DA:61,122
DA:62,122
DA:63,122
DA:64,14
DA:65,14
DA:66,14
DA:67,14
DA:68,14
DA:69,14
DA:70,14
LF:70
LH:70
BRDA:26,0,0,100
BRDA:31,1,0,0
BRDA:39,2,0,122
BRDA:41,3,0,0
BRDA:44,4,0,0
BRDA:57,5,0,17
BRDA:56,6,0,105
BRF:7
BRH:4
end_of_record
TN:
SF:src\components\button-group\button-group.ts
FN:18,ZetaButtonGroup
FN:22,render
FNF:2
FNH:0
FNDA:0,ZetaButtonGroup
FNDA:0,render
DA:1,3
DA:2,3
DA:3,3
DA:4,3
DA:5,3
DA:6,3
DA:7,3
DA:8,3
DA:9,3
DA:10,3
DA:11,3
DA:12,3
DA:13,3
DA:14,3
DA:15,3
DA:16,3
DA:17,3
DA:18,3
DA:19,0
DA:20,0
DA:21,3
DA:22,3
DA:23,0
DA:24,0
DA:25,3
DA:26,3
DA:27,3
DA:28,3
DA:29,3
DA:30,3
DA:31,3
DA:32,3
DA:33,3
LF:33
LH:29
BRDA:26,0,0,0
BRF:1
BRH:0
end_of_record
TN:
SF:src\components\button-group\button-group-item\button-group-item.ts
FN:20,ZetaButtonGroupItem
FN:44,focus
FN:48,blur
FN:52,render
FNF:4
FNH:0
FNDA:0,ZetaButtonGroupItem
FNDA:0,focus
FNDA:0,blur
FNDA:0,render
DA:1,3
DA:2,3
DA:3,3
DA:4,3
DA:5,3
DA:6,3
DA:7,3
DA:8,3
DA:9,3
DA:10,3
DA:11,3
DA:12,3
DA:13,3
DA:14,3
DA:15,3
DA:16,3
DA:17,3
DA:18,3
DA:19,3
DA:20,3
DA:21,0
DA:22,0
DA:23,0
DA:24,0
DA:25,0
DA:26,0
DA:27,0
DA:28,0
DA:29,0
DA:30,0
DA:31,0
DA:32,0
DA:33,0
DA:34,0
DA:35,0
DA:36,0
DA:37,0
DA:38,0
DA:39,0
DA:40,0
DA:41,0
DA:42,0
DA:43,3
DA:44,3
DA:45,0
DA:46,0
DA:47,3
DA:48,3
DA:49,0
DA:50,0
DA:51,3
DA:52,3
DA:53,0
DA:54,0
DA:55,0
DA:56,0
DA:57,0
DA:58,0
DA:59,0
DA:60,0
DA:61,0
DA:62,0
DA:63,0
DA:64,0
DA:65,0
DA:66,0
DA:67,0
DA:68,0
DA:69,3
DA:70,3
DA:71,3
DA:72,3
DA:73,3
DA:74,3
DA:75,3
DA:76,3
DA:77,3
LF:77
LH:35
BRDA:70,0,0,0
BRF:1
BRH:0
end_of_record
TN:
SF:src\components\button\icon-button\icon-button.ts
FN:17,ZetaIconButton
FNF:1
FNH:1
FNDA:85,ZetaIconButton
DA:1,9
DA:2,9
DA:3,9
DA:4,9
DA:5,9
DA:6,9
DA:7,9
DA:8,9
DA:9,9
DA:10,9
DA:11,9
DA:12,9
DA:13,9
DA:14,9
DA:15,9
DA:16,9
DA:17,9
DA:18,85
DA:19,85
DA:20,85
DA:21,85
DA:22,9
DA:23,9
DA:24,9
DA:25,9
DA:26,9
DA:27,9
DA:28,9
LF:28
LH:28
BRDA:17,0,0,85
BRDA:19,1,0,0
BRF:2
BRH:1
end_of_record
TN:
SF:src\components\card\card.ts
FN:20,render
FNF:1
FNH:0
FNDA:0,render
DA:1,3
DA:2,3
DA:3,3
DA:4,3
DA:5,3
DA:6,3
DA:7,3
DA:8,3
DA:9,3
DA:10,3
DA:11,3
DA:12,3
DA:13,3
DA:14,3
DA:15,3
DA:16,3
DA:17,3
DA:18,3
DA:19,3
DA:20,3
DA:21,0
DA:22,0
DA:23,3
DA:24,3
DA:25,3
DA:26,3
DA:27,3
DA:28,3
DA:29,3
DA:30,3
DA:31,3
LF:31
LH:29
BRDA:24,0,0,0
BRF:1
BRH:0
end_of_record
TN:
SF:src\components\card\card-body\card-body.ts
FN:12,render
FNF:1
FNH:0
FNDA:0,render
DA:1,3
DA:2,3
DA:3,3
DA:4,3
DA:5,3
DA:6,3
DA:7,3
DA:8,3
DA:9,3
DA:10,3
DA:11,3
DA:12,3
DA:13,0
DA:14,0
DA:15,3
DA:16,3
DA:17,3
DA:18,3
DA:19,3
DA:20,3
DA:21,3
DA:22,3
DA:23,3
LF:23
LH:21
BRF:0
BRH:0
end_of_record
TN:
SF:src\components\card\card-footer\card-footer.ts
FN:12,render
FNF:1
FNH:0
FNDA:0,render
DA:1,3
DA:2,3
DA:3,3
DA:4,3
DA:5,3
DA:6,3
DA:7,3
DA:8,3
DA:9,3
DA:10,3
DA:11,3
DA:12,3
DA:13,0
DA:14,0
DA:15,3
DA:16,3
DA:17,3
DA:18,3
DA:19,3
DA:20,3
DA:21,3
DA:22,3
DA:23,3
LF:23
LH:21
BRF:0
BRH:0
end_of_record
TN:
SF:src\components\card\card-header\card-header.ts
FN:20,render
FNF:1
FNH:1
FNDA:5,render
DA:1,4
DA:2,4
DA:3,4
DA:4,4
DA:5,4
DA:6,4
DA:7,4
DA:8,4
DA:9,4
DA:10,4
DA:11,4
DA:12,4
DA:13,4
DA:14,4
DA:15,4
DA:16,4
DA:17,4
DA:18,4
DA:19,4
DA:20,4
DA:21,5
DA:22,5
DA:23,5
DA:24,5
DA:25,5
DA:26,5
DA:27,5
DA:28,5
DA:29,5
DA:30,5
DA:31,5
DA:32,5
DA:33,5
DA:34,4
DA:35,4
DA:36,4
DA:37,4
DA:38,4
DA:39,4
DA:40,4
DA:41,4
DA:42,4
LF:42
LH:42
BRDA:20,0,0,5
BRF:1
BRH:1
end_of_record
TN:
SF:src\components\checkbox\checkbox.ts
FN:15,ZetaCheckbox
FN:23,click
FNF:2
FNH:2
FNDA:12,ZetaCheckbox
FNDA:3,click
DA:1,5
DA:2,5
DA:3,5
DA:4,5
DA:5,5
DA:6,5
DA:7,5
DA:8,5
DA:9,5
DA:10,5
DA:11,5
DA:12,5
DA:13,5
DA:14,5
DA:15,5
DA:16,12
DA:17,12
DA:18,12
DA:19,5
DA:20,5
DA:21,5
DA:22,5
DA:23,5
DA:24,3
DA:25,3
DA:26,5
DA:27,5
DA:28,5
DA:29,5
DA:30,5
DA:31,5
DA:32,5
DA:33,5
LF:33
LH:33
BRDA:15,0,0,12
BRDA:23,1,0,3
BRF:2
BRH:2
end_of_record
TN:
SF:src\components\chips\assist-chip\assist-chip.ts
FN:20,getIcon
FN:28,render
FNF:2
FNH:2
FNDA:3,getIcon
FNDA:3,render
DA:1,3
DA:2,3
DA:3,3
DA:4,3
DA:5,3
DA:6,3
DA:7,3
DA:8,3
DA:9,3
DA:10,3
DA:11,3
DA:12,3
DA:13,3
DA:14,3
DA:15,3
DA:16,3
DA:17,3
DA:18,3
DA:19,3
DA:20,3
DA:21,3
DA:22,3
DA:23,3
DA:24,0
DA:25,0
DA:26,3
DA:27,3
DA:28,3
DA:29,3
DA:30,3
DA:31,3
DA:32,3
DA:33,3
DA:34,3
DA:35,3
DA:36,3
DA:37,3
LF:37
LH:35
BRDA:18,0,0,0
BRDA:20,1,0,3
BRDA:23,2,0,0
BRDA:28,3,0,3
BRF:4
BRH:2
end_of_record
TN:
SF:src\components\chips\base-chips\base-chip.ts
FN:6,<static_initializer>
FN:8,render
FNF:2
FNH:1
FNDA:3,<static_initializer>
FNDA:0,render
DA:1,3
DA:2,3
DA:3,3
DA:4,3
DA:5,3
DA:6,3
DA:7,3
DA:8,3
DA:9,0
DA:10,0
DA:11,3
LF:11
LH:9
BRDA:6,0,0,3
BRDA:6,1,0,3
BRF:2
BRH:2
end_of_record
TN:
SF:src\components\chips\filter-chip\filter-chip.ts
FN:18,getIcon
FN:26,clickHanlder
FN:34,render
FNF:3
FNH:2
FNDA:4,getIcon
FNDA:0,clickHanlder
FNDA:4,render
DA:1,3
DA:2,3
DA:3,3
DA:4,3
DA:5,3
DA:6,3
DA:7,3
DA:8,3
DA:9,3
DA:10,3
DA:11,3
DA:12,3
DA:13,3
DA:14,3
DA:15,3
DA:16,3
DA:17,3
DA:18,3
DA:19,4
DA:20,1
DA:21,4
DA:22,3
DA:23,3
DA:24,4
DA:25,3
DA:26,3
DA:27,0
DA:28,0
DA:29,0
DA:30,0
DA:31,0
DA:32,0
DA:33,3
DA:34,3
DA:35,4
DA:36,4
DA:37,4
DA:38,4
DA:39,3
DA:40,3
DA:41,3
DA:42,3
DA:43,3
DA:44,3
DA:45,3
LF:45
LH:39
BRDA:16,0,0,0
BRDA:18,1,0,4
BRDA:19,2,0,1
BRDA:20,3,0,0
BRDA:21,4,0,3
BRDA:34,5,0,4
BRF:6
BRH:4
end_of_record
TN:
SF:src\components\chips\input-chip\input-chip.ts
FN:16,render
FNF:1
FNH:1
FNDA:2,render
DA:1,3
DA:2,3
DA:3,3
DA:4,3
DA:5,3
DA:6,3
DA:7,3
DA:8,3
DA:9,3
DA:10,3
DA:11,3
DA:12,3
DA:13,3
DA:14,3
DA:15,3
DA:16,3
DA:17,2
DA:18,2
DA:19,2
DA:20,2
DA:21,2
DA:22,2
DA:23,3
DA:24,3
DA:25,3
DA:26,3
DA:27,3
DA:28,3
DA:29,3
LF:29
LH:29
BRDA:14,0,0,0
BRDA:16,1,0,2
BRF:2
BRH:1
end_of_record
TN:
SF:src\components\chips\status-chip\status-chip.ts
FN:12,ZetaStatusChip
FN:18,render
FNF:2
FNH:0
FNDA:0,ZetaStatusChip
FNDA:0,render
DA:1,3
DA:2,3
DA:3,3
DA:4,3
DA:5,3
DA:6,3
DA:7,3
DA:8,3
DA:9,3
DA:10,3
DA:11,3
DA:12,3
DA:13,0
DA:14,0
DA:15,3
DA:16,3
DA:17,3
DA:18,3
DA:19,0
DA:20,0
DA:21,3
DA:22,3
DA:23,3
DA:24,3
DA:25,3
DA:26,3
DA:27,3
LF:27
LH:23
BRDA:16,0,0,0
BRF:1
BRH:0
end_of_record
TN:
SF:src\components\dialog\dialog.ts
FN:31,ZetaDialog
FN:41,ZetaDialog.handleSubmit
FN:81,ZetaDialog.handleActionButtonChange
FN:53,get title
FN:57,set title
FN:102,render
FN:115,btn
FNF:7
FNH:4
FNDA:5,ZetaDialog
FNDA:0,ZetaDialog.handleSubmit
FNDA:4,ZetaDialog.handleActionButtonChange
FNDA:6,get title
FNDA:0,set title
FNDA:4,render
FNDA:0,btn
DA:1,4
DA:2,4
DA:3,4
DA:4,4
DA:5,4
DA:6,4
DA:7,4
DA:8,4
DA:9,4
DA:10,4
DA:11,4
DA:12,4
DA:13,4
DA:14,4
DA:15,4
DA:16,4
DA:17,4
DA:18,4
DA:19,4
DA:20,4
DA:21,4
DA:22,4
DA:23,4
DA:24,4
DA:25,4
DA:26,4
DA:27,4
DA:28,4
DA:29,4
DA:30,4
DA:31,4
DA:32,5
DA:33,5
DA:34,5
DA:35,4
DA:36,4
DA:37,4
DA:38,4
DA:39,4
DA:40,4
DA:41,4
DA:42,3
DA:43,3
DA:44,3
DA:45,3
DA:46,3
DA:47,3
DA:48,3
DA:49,4
DA:50,4
DA:51,4
DA:52,4
DA:53,4
DA:54,6
DA:55,6
DA:56,4
DA:57,4
DA:58,0
DA:59,0
DA:60,4
DA:61,4
DA:62,4
DA:63,4
DA:64,4
DA:65,4
DA:66,4
DA:67,4
DA:68,4
DA:69,4
DA:70,4
DA:71,4
DA:72,4
DA:73,4
DA:74,4
DA:75,4
DA:76,4
DA:77,4
DA:78,4
DA:79,4
DA:80,4
DA:81,4
DA:82,7
DA:83,7
DA:84,7
DA:85,3
DA:86,3
DA:87,3
DA:88,3
DA:89,7
DA:90,3
DA:91,3
DA:92,3
DA:93,3
DA:94,7
DA:95,3
DA:96,3
DA:97,3
DA:98,3
DA:99,7
DA:100,7
DA:101,4
DA:102,4
DA:103,4
DA:104,4
DA:105,4
DA:106,4
DA:107,4
DA:108,4
DA:109,4
DA:110,4
DA:111,4
DA:112,4
DA:113,4
DA:114,4
DA:115,4
DA:116,4
DA:117,4
DA:118,0
DA:119,0
DA:120,0
DA:121,0
DA:122,4
DA:123,4
DA:124,4
DA:125,4
DA:126,4
DA:127,4
DA:128,4
DA:129,4
DA:130,4
DA:131,4
DA:132,4
DA:133,4
DA:134,4
DA:135,4
DA:136,4
DA:137,4
DA:138,4
DA:139,4
LF:139
LH:133
BRDA:132,0,0,0
BRDA:31,1,0,5
BRDA:81,2,0,4
BRDA:84,3,0,0
BRDA:84,4,0,0
BRDA:89,5,0,0
BRDA:89,6,0,0
BRDA:94,7,0,0
BRDA:94,8,0,0
BRDA:53,9,0,6
BRDA:102,10,0,4
BRF:11
BRH:4
end_of_record
TN:
SF:src\components\dropdown\droppable.ts
FN:13,ZetaDroppable
FN:55,ZetaDroppable.topVisible
FN:59,ZetaDroppable.bottomVisible
FN:63,ZetaDroppable.alignHorizontally
FN:77,ZetaDroppable.alignVertically
FN:87,ZetaDroppable.setDroppablePosition
FN:45,getDroppablePosition
FN:125,updated
FN:141,render
FNF:9
FNH:6
FNDA:22,ZetaDroppable
FNDA:0,ZetaDroppable.topVisible
FNDA:0,ZetaDroppable.bottomVisible
FNDA:13,ZetaDroppable.alignHorizontally
FNDA:0,ZetaDroppable.alignVertically
FNDA:15,ZetaDroppable.setDroppablePosition
FNDA:28,getDroppablePosition
FNDA:51,updated
FNDA:51,render
DA:1,6
DA:2,6
DA:3,6
DA:4,6
DA:5,6
DA:6,6
DA:7,6
DA:8,6
DA:9,6
DA:10,6
DA:11,6
DA:12,6
DA:13,6
DA:14,22
DA:15,22
DA:16,22
DA:17,22
DA:18,22
DA:19,22
DA:20,22
DA:21,22
DA:22,22
DA:23,22
DA:24,22
DA:25,22
DA:26,22
DA:27,22
DA:28,22
DA:29,22
DA:30,22
DA:31,22
DA:32,22
DA:33,15
DA:34,15
DA:35,15
DA:36,15
DA:37,15
DA:38,15
DA:39,15
DA:40,15
DA:41,15
DA:42,7
DA:43,22
DA:44,22
DA:45,22
DA:46,28
DA:47,28
DA:48,28
DA:49,28
DA:50,28
DA:51,28
DA:52,28
DA:53,28
DA:54,22
DA:55,22
DA:56,0
DA:57,0
DA:58,22
DA:59,22
DA:60,0
DA:61,0
DA:62,22
DA:63,22
DA:64,13
DA:65,13
DA:66,13
DA:67,13
DA:68,1
DA:69,1
DA:70,13
DA:71,1
DA:72,12
DA:73,11
DA:74,11
DA:75,13
DA:76,22
DA:77,22
DA:78,0
DA:79,0
DA:80,0
DA:81,0
DA:82,0
DA:83,0
DA:84,0
DA:85,0
DA:86,22
DA:87,22
DA:88,15
DA:89,15
DA:90,15
DA:91,15
DA:92,13
DA:93,13
DA:94,0
DA:95,0
DA:96,0
DA:97,0
DA:98,13
DA:99,0
DA:100,0
DA:101,0
DA:102,0
DA:103,13
DA:104,0
DA:105,0
DA:106,0
DA:107,13
DA:108,13
DA:109,13
DA:110,13
DA:111,13
DA:112,0
DA:113,0
DA:114,0
DA:115,0
DA:116,0
DA:117,0
DA:118,0
DA:119,0
DA:120,0
DA:121,13
DA:122,13
DA:123,15
DA:124,6
DA:125,6
DA:126,51
DA:127,15
DA:128,15
DA:129,51
DA:130,51
DA:131,51
DA:132,51
DA:133,40
DA:134,40
DA:135,51
DA:136,24
DA:137,24
DA:138,24
DA:139,51
DA:140,6
DA:141,6
DA:142,51
DA:143,15
DA:144,15
DA:145,36
DA:146,51
DA:147,6
DA:148,6
DA:149,6
DA:150,6
DA:151,6
DA:152,6
DA:153,6
DA:154,6
DA:155,6
LF:155
LH:123
BRDA:148,0,0,0
BRDA:13,1,0,22
BRDA:63,2,0,20
BRDA:67,3,0,8
BRDA:70,4,0,19
BRDA:70,5,0,8
BRDA:72,6,0,18
BRDA:87,7,0,15
BRDA:93,8,0,0
BRDA:98,9,0,0
BRDA:103,10,0,0
BRDA:111,11,0,0
BRDA:41,12,0,7
BRDA:45,13,0,28
BRDA:125,14,0,51
BRDA:126,15,0,15
BRDA:135,16,0,24
BRDA:141,17,0,51
BRDA:142,18,0,15
BRDA:144,19,0,36
BRDA:91,20,0,13
BRDA:32,21,0,15
BRDA:132,22,0,40
BRF:23
BRH:18
end_of_record
TN:
SF:src\components\dropdown\dropdown-menu\dropdown-menu-button.ts
FN:23,ZetaDropdownMenuButton
FN:58,handleChange
FN:62,firstUpdated
FN:77,handleItemClick
FN:94,handleClick
FN:105,handleOutsideClick
FN:111,renderItems
FN:161,render
FNF:8
FNH:7
FNDA:9,ZetaDropdownMenuButton
FNDA:0,handleChange
FNDA:9,firstUpdated
FNDA:5,handleItemClick
FNDA:15,handleClick
FNDA:326,handleOutsideClick
FNDA:26,renderItems
FNDA:26,render
DA:1,4
DA:2,4
DA:3,4
DA:4,4
DA:5,4
DA:6,4
DA:7,4
DA:8,4
DA:9,4
DA:10,4
DA:11,4
DA:12,4
DA:13,4
DA:14,4
DA:15,4
DA:16,4
DA:17,4
DA:18,4
DA:19,4
DA:20,4
DA:21,4
DA:22,4
DA:23,4
DA:24,9
DA:25,9
DA:26,9
DA:27,9
DA:28,9
DA:29,9
DA:30,9
DA:31,9
DA:32,9
DA:33,9
DA:34,9
DA:35,9
DA:36,9
DA:37,9
DA:38,9
DA:39,9
DA:40,9
DA:41,9
DA:42,9
DA:43,9
DA:44,9
DA:45,9
DA:46,9
DA:47,9
DA:48,9
DA:49,9
DA:50,9
DA:51,9
DA:52,9
DA:53,4
DA:54,4
DA:55,4
DA:56,4
DA:57,4
DA:58,4
DA:59,0
DA:60,0
DA:61,4
DA:62,4
DA:63,9
DA:64,9
DA:65,9
DA:66,0
DA:67,0
DA:68,0
DA:69,0
DA:70,0
DA:71,0
DA:72,0
DA:73,0
DA:74,9
DA:75,9
DA:76,4
DA:77,4
DA:78,5
DA:79,2
DA:80,2
DA:81,5
DA:82,2
DA:83,0
DA:84,2
DA:85,2
DA:86,2
DA:87,2
DA:88,3
DA:89,1
DA:90,1
DA:91,5
DA:92,5
DA:93,4
DA:94,4
DA:95,15
DA:96,15
DA:97,8
DA:98,8
DA:99,15
DA:100,7
DA:101,7
DA:102,7
DA:103,15
DA:104,4
DA:105,4
DA:106,326
DA:107,5
DA:108,5
DA:109,326
DA:110,4
DA:111,4
DA:112,26
DA:113,2
DA:114,6
DA:115,6
DA:116,1
DA:117,1
DA:118,0
DA:119,0
DA:120,6
DA:121,6
DA:122,6
DA:123,6
DA:124,6
DA:125,6
DA:126,2
DA:127,26
DA:128,3
DA:129,9
DA:130,9
DA:131,9
DA:132,2
DA:133,2
DA:134,0
DA:135,0
DA:136,9
DA:137,9
DA:138,9
DA:139,9
DA:140,9
DA:141,9
DA:142,9
DA:143,9
DA:144,3
DA:145,24
DA:146,21
DA:147,25
DA:148,25
DA:149,2
DA:150,2
DA:151,0
DA:152,0
DA:153,25
DA:154,25
DA:155,25
DA:156,25
DA:157,21
DA:158,21
DA:159,26
DA:160,4
DA:161,4
DA:162,26
DA:163,26
DA:164,26
DA:165,26
DA:166,26
DA:167,8
DA:168,26
DA:169,26
DA:170,26
DA:171,26
DA:172,26
DA:173,26
DA:174,26
DA:175,26
DA:176,26
DA:177,26
DA:178,26
DA:179,26
DA:180,4
DA:181,4
DA:182,4
DA:183,4
DA:184,4
DA:185,4
DA:186,4
DA:187,4
DA:188,4
LF:188
LH:171
BRDA:181,0,0,0
BRDA:23,1,0,9
BRDA:62,2,0,9
BRDA:64,3,0,9
BRDA:65,4,0,0
BRDA:77,5,0,5
BRDA:78,6,0,2
BRDA:81,7,0,3
BRDA:81,8,0,2
BRDA:82,9,0,0
BRDA:88,10,0,1
BRDA:94,11,0,15
BRDA:96,12,0,8
BRDA:99,13,0,7
BRDA:105,14,0,326
BRDA:106,15,0,29
BRDA:106,16,0,5
BRDA:111,17,0,26
BRDA:112,18,0,2
BRDA:127,19,0,24
BRDA:127,20,0,3
BRDA:145,21,0,21
BRDA:113,22,0,6
BRDA:115,23,0,1
BRDA:117,24,0,0
BRDA:128,25,0,9
BRDA:131,26,0,2
BRDA:133,27,0,0
BRDA:146,28,0,25
BRDA:148,29,0,2
BRDA:150,30,0,0
BRDA:161,31,0,26
BRDA:166,32,0,8
BRF:33
BRH:27
end_of_record
TN:
SF:src\components\dropdown\menu-item\dropdown-menu-item.ts
FN:16,key
FN:24,render
FNF:2
FNH:1
FNDA:0,key
FNDA:29,render
DA:1,7
DA:2,7
DA:3,7
DA:4,7
DA:5,7
DA:6,7
DA:7,7
DA:8,7
DA:9,7
DA:10,7
DA:11,7
DA:12,7
DA:13,7
DA:14,7
DA:15,7
DA:16,7
DA:17,0
DA:18,0
DA:19,0
DA:20,0
DA:21,0
DA:22,0
DA:23,7
DA:24,7
DA:25,29
DA:26,29
DA:27,29
DA:28,29
DA:29,29
DA:30,29
DA:31,29
DA:32,29
DA:33,29
DA:34,29
DA:35,29
DA:36,29
DA:37,7
DA:38,7
DA:39,7
DA:40,7
DA:41,7
DA:42,7
DA:43,7
DA:44,7
DA:45,7
LF:45
LH:39
BRDA:38,0,0,0
BRDA:24,1,0,29
BRF:2
BRH:1
end_of_record
TN:
SF:src\components\fab\fab.ts
FN:20,ZetaFab
FN:37,get round
FN:40,set round
FN:58,getLabel
FN:61,render
FNF:5
FNH:5
FNDA:16,ZetaFab
FNDA:61,get round
FNDA:3,set round
FNDA:21,getLabel
FNDA:21,render
DA:1,4
DA:2,4
DA:3,4
DA:4,4
DA:5,4
DA:6,4
DA:7,4
DA:8,4
DA:9,4
DA:10,4
DA:11,4
DA:12,4
DA:13,4
DA:14,4
DA:15,4
DA:16,4
DA:17,4
DA:18,4
DA:19,4
DA:20,4
DA:21,16
DA:22,16
DA:23,16
DA:24,16
DA:25,16
DA:26,16
DA:27,16
DA:28,16
DA:29,16
DA:30,16
DA:31,16
DA:32,16
DA:33,16
DA:34,16
DA:35,16
DA:36,16
DA:37,16
DA:38,61
DA:39,61
DA:40,16
DA:41,3
DA:42,3
DA:43,3
DA:44,3
DA:45,16
DA:46,16
DA:47,16
DA:48,16
DA:49,16
DA:50,16
DA:51,16
DA:52,16
DA:53,16
DA:54,16
DA:55,16
DA:56,16
DA:57,4
DA:58,4
DA:59,21
DA:60,21
DA:61,4
DA:62,21
DA:63,21
DA:64,21
DA:65,21
DA:66,21
DA:67,21
DA:68,21
DA:69,21
DA:70,4
DA:71,4
DA:72,4
DA:73,4
DA:74,4
DA:75,4
DA:76,4
LF:76
LH:76
BRDA:20,0,0,16
BRDA:22,1,0,0
BRDA:37,2,0,61
BRDA:40,3,0,3
BRDA:41,4,0,2
BRDA:41,5,0,1
BRDA:41,6,0,1
BRDA:58,7,0,21
BRDA:59,8,0,13
BRDA:59,9,0,8
BRDA:61,10,0,21
BRDA:65,11,0,1
BRDA:65,12,0,20
BRDA:67,13,0,1
BRDA:67,14,0,20
BRF:15
BRH:14
end_of_record
TN:
SF:src\components\file-upload\file-upload.ts
FN:17,ZetaFileUpload
FN:90,ZetaFileUpload.dropHandler
FN:103,ZetaFileUpload.dragOverHandler
FN:114,ZetaFileUpload.dragLeaveHandler
FN:120,ZetaFileUpload.mouseLeaveHandler
FN:124,ZetaFileUpload.openFileInput
FN:52,checkTypes
FN:74,typesEqual
FN:128,render
FNF:9
FNH:2
FNDA:1,ZetaFileUpload
FNDA:0,ZetaFileUpload.dropHandler
FNDA:0,ZetaFileUpload.dragOverHandler
FNDA:0,ZetaFileUpload.dragLeaveHandler
FNDA:0,ZetaFileUpload.mouseLeaveHandler
FNDA:0,ZetaFileUpload.openFileInput
FNDA:0,checkTypes
FNDA:0,typesEqual
FNDA:1,render
DA:1,4
DA:2,4
DA:3,4
DA:4,4
DA:5,4
DA:6,4
DA:7,4
DA:8,4
DA:9,4
DA:10,4
DA:11,4
DA:12,4
DA:13,4
DA:14,4
DA:15,4
DA:16,4
DA:17,4
DA:18,1
DA:19,1
DA:20,1
DA:21,1
DA:22,1
DA:23,1
DA:24,1
DA:25,1
DA:26,1
DA:27,1
DA:28,1
DA:29,1
DA:30,1
DA:31,1
DA:32,1
DA:33,1
DA:34,1
DA:35,1
DA:36,1
DA:37,1
DA:38,1
DA:39,1
DA:40,1
DA:41,1
DA:42,1
DA:43,1
DA:44,1
DA:45,1
DA:46,1
DA:47,1
DA:48,1
DA:49,1
DA:50,1
DA:51,1
DA:52,1
DA:53,0
DA:54,0
DA:55,0
DA:56,0
DA:57,0
DA:58,0
DA:59,0
DA:60,0
DA:61,0
DA:62,0
DA:63,0
DA:64,0
DA:65,0
DA:66,0
DA:67,0
DA:68,0
DA:69,0
DA:70,0
DA:71,0
DA:72,0
DA:73,1
DA:74,1
DA:75,0
DA:76,0
DA:77,0
DA:78,0
DA:79,0
DA:80,0
DA:81,0
DA:82,0
DA:83,0
DA:84,0
DA:85,0
DA:86,0
DA:87,0
DA:88,0
DA:89,1
DA:90,1
DA:91,0
DA:92,0
DA:93,0
DA:94,0
DA:95,0
DA:96,0
DA:97,0
DA:98,0
DA:99,0
DA:100,0
DA:101,0
DA:102,1
DA:103,1
DA:104,0
DA:105,0
DA:106,0
DA:107,0
DA:108,0
DA:109,0
DA:110,0
DA:111,0
DA:112,0
DA:113,1
DA:114,1
DA:115,0
DA:116,0
DA:117,0
DA:118,0
DA:119,1
DA:120,1
DA:121,0
DA:122,0
DA:123,1
DA:124,1
DA:125,0
DA:126,0
DA:127,4
DA:128,4
DA:129,1
DA:130,1
DA:131,1
DA:132,1
DA:133,1
DA:134,1
DA:135,1
DA:136,1
DA:137,1
DA:138,1
DA:139,1
DA:140,1
DA:141,1
DA:142,1
DA:143,1
DA:144,1
DA:145,1
DA:146,1
DA:147,4
DA:148,4
DA:149,4
DA:150,4
DA:151,4
DA:152,4
DA:153,4
DA:154,4
DA:155,4
LF:155
LH:93
BRDA:148,0,0,0
BRDA:17,1,0,1
BRDA:128,2,0,1
BRDA:142,3,0,0
BRF:4
BRH:2
end_of_record
TN:
SF:src\components\global-header\global-header.ts
FN:20,ZetaGlobalHeader
FN:27,render
FNF:2
FNH:2
FNDA:3,ZetaGlobalHeader
FNDA:3,render
DA:1,4
DA:2,4
DA:3,4
DA:4,4
DA:5,4
DA:6,4
DA:7,4
DA:8,4
DA:9,4
DA:10,4
DA:11,4
DA:12,4
DA:13,4
DA:14,4
DA:15,4
DA:16,4
DA:17,4
DA:18,4
DA:19,4
DA:20,4
DA:21,3
DA:22,3
DA:23,3
DA:24,3
DA:25,3
DA:26,4
DA:27,4
DA:28,3
DA:29,3
DA:30,3
DA:31,3
DA:32,3
DA:33,3
DA:34,3
DA:35,3
DA:36,3
DA:37,3
DA:38,3
DA:39,3
DA:40,3
DA:41,3
DA:42,3
DA:43,3
DA:44,4
DA:45,4
DA:46,4
DA:47,4
DA:48,4
DA:49,4
DA:50,4
DA:51,4
DA:52,4
LF:52
LH:52
BRDA:45,0,0,0
BRDA:20,1,0,3
BRDA:27,2,0,3
BRDA:35,3,0,0
BRDA:41,4,0,0
BRF:5
BRH:2
end_of_record
TN:
SF:src\components\grid-menu-item\grid-menu-item.ts
FN:18,ZetaGridMenuItem
FN:22,render
FNF:2
FNH:2
FNDA:43,ZetaGridMenuItem
FNDA:43,render
DA:1,6
DA:2,6
DA:3,6
DA:4,6
DA:5,6
DA:6,6
DA:7,6
DA:8,6
DA:9,6
DA:10,6
DA:11,6
DA:12,6
DA:13,6
DA:14,6
DA:15,6
DA:16,6
DA:17,6
DA:18,6
DA:19,43
DA:20,43
DA:21,6
DA:22,6
DA:23,43
DA:24,43
DA:25,43
DA:26,43
DA:27,43
DA:28,43
DA:29,43
DA:30,43
DA:31,43
DA:32,43
DA:33,6
DA:34,6
DA:35,6
DA:36,6
DA:37,6
DA:38,6
DA:39,6
DA:40,6
DA:41,6
LF:41
LH:41
BRDA:34,0,0,0
BRDA:18,1,0,43
BRDA:22,2,0,43
BRDA:25,3,0,0
BRF:4
BRH:2
end_of_record
TN:
SF:src\components\icon\icon.ts
FN:12,ZetaIcon
FN:27,ZetaIcon.sizeIsNum
FN:29,render
FNF:3
FNH:3
FNDA:314,ZetaIcon
FNDA:631,ZetaIcon.sizeIsNum
FNDA:631,render
DA:1,34
DA:2,34
DA:3,34
DA:4,34
DA:5,34
DA:6,34
DA:7,34
DA:8,34
DA:9,34
DA:10,34
DA:11,34
DA:12,34
DA:13,314
DA:14,314
DA:15,314
DA:16,314
DA:17,314
DA:18,314
DA:19,314
DA:20,314
DA:21,314
DA:22,314
DA:23,314
DA:24,314
DA:25,314
DA:26,314
DA:27,314
DA:28,34
DA:29,34
DA:30,631
DA:31,631
DA:32,631
DA:33,631
DA:34,631
DA:35,631
DA:36,631
DA:37,631
DA:38,631
DA:39,34
DA:40,34
LF:40
LH:40
BRDA:39,0,0,0
BRDA:12,1,0,314
BRDA:27,2,0,631
BRDA:29,3,0,631
BRDA:30,4,0,16
BRDA:33,5,0,92
BRDA:34,6,0,2
BRDA:37,7,0,314
BRDA:30,8,0,615
BRDA:33,9,0,539
BRDA:34,10,0,629
BRF:11
BRH:10
end_of_record
TN:
SF:src\components\in-page-banner\in-page-banner.ts
FN:22,ZetaInPageBanner
FN:35,ZetaInPageBanner.getIcon
FN:48,render
FNF:3
FNH:3
FNDA:3,ZetaInPageBanner
FNDA:3,ZetaInPageBanner.getIcon
FNDA:3,render
DA:1,4
DA:2,4
DA:3,4
DA:4,4
DA:5,4
DA:6,4
DA:7,4
DA:8,4
DA:9,4
DA:10,4
DA:11,4
DA:12,4
DA:13,4
DA:14,4
DA:15,4
DA:16,4
DA:17,4
DA:18,4
DA:19,4
DA:20,4
DA:21,4
DA:22,4
DA:23,3
DA:24,3
DA:25,3
DA:26,3
DA:27,3
DA:28,3
DA:29,3
DA:30,3
DA:31,3
DA:32,3
DA:33,3
DA:34,3
DA:35,3
DA:36,3
DA:37,3
DA:38,0
DA:39,3
DA:40,0
DA:41,3
DA:42,0
DA:43,3
DA:44,3
DA:45,3
DA:46,3
DA:47,4
DA:48,4
DA:49,3
DA:50,3
DA:51,3
DA:52,3
DA:53,3
DA:54,3
DA:55,3
DA:56,3
DA:57,3
DA:58,3
DA:59,3
DA:60,3
DA:61,3
DA:62,3
DA:63,3
DA:64,3
DA:65,4
DA:66,4
DA:67,4
DA:68,4
DA:69,4
DA:70,4
DA:71,4
LF:71
LH:68
BRDA:33,0,0,0
BRDA:22,1,0,3
BRDA:35,2,0,3
BRDA:37,3,0,0
BRDA:39,4,0,0
BRDA:41,5,0,0
BRDA:48,6,0,3
BRF:7
BRH:3
end_of_record
TN:
SF:src\components\list\list.ts
FN:15,ZetaList
FN:19,render
FNF:2
FNH:0
FNDA:0,ZetaList
FNDA:0,render
DA:1,4
DA:2,4
DA:3,4
DA:4,4
DA:5,4
DA:6,4
DA:7,4
DA:8,4
DA:9,4
DA:10,4
DA:11,4
DA:12,4
DA:13,4
DA:14,4
DA:15,4
DA:16,0
DA:17,0
DA:18,4
DA:19,4
DA:20,0
DA:21,0
DA:22,4
DA:23,4
DA:24,4
DA:25,4
DA:26,4
DA:27,4
DA:28,4
DA:29,4
DA:30,4
LF:30
LH:26
BRF:0
BRH:0
end_of_record
TN:
SF:src\components\list\list-item\list-item.ts
FN:19,render
FNF:1
FNH:1
FNDA:18,render
DA:1,4
DA:2,4
DA:3,4
DA:4,4
DA:5,4
DA:6,4
DA:7,4
DA:8,4
DA:9,4
DA:10,4
DA:11,4
DA:12,4
DA:13,4
DA:14,4
DA:15,4
DA:16,4
DA:17,4
DA:18,4
DA:19,4
DA:20,18
DA:21,18
DA:22,18
DA:23,18
DA:24,18
DA:25,18
DA:26,18
DA:27,18
DA:28,18
DA:29,18
DA:30,18
DA:31,18
DA:32,4
DA:33,4
DA:34,4
DA:35,4
DA:36,4
DA:37,4
DA:38,4
DA:39,4
DA:40,4
LF:40
LH:40
BRDA:19,0,0,18
BRF:1
BRH:1
end_of_record
TN:
SF:src\components\navigation-bar\navigation-bar.ts
FN:15,ZetaNavigationBar
FN:18,render
FNF:2
FNH:2
FNDA:5,ZetaNavigationBar
FNDA:5,render
DA:1,4
DA:2,4
DA:3,4
DA:4,4
DA:5,4
DA:6,4
DA:7,4
DA:8,4
DA:9,4
DA:10,4
DA:11,4
DA:12,4
DA:13,4
DA:14,4
DA:15,4
DA:16,5
DA:17,4
DA:18,4
DA:19,5
DA:20,5
DA:21,4
DA:22,4
DA:23,4
DA:24,4
DA:25,4
DA:26,4
DA:27,4
DA:28,4
DA:29,4
DA:30,4
LF:30
LH:30
BRDA:15,0,0,5
BRDA:18,1,0,5
BRF:2
BRH:2
end_of_record
TN:
SF:src\components\navigation-drawer\navigation-drawer.ts
FN:26,ZetaNavigationDrawer
FN:41,render
FNF:2
FNH:2
FNDA:1,ZetaNavigationDrawer
FNDA:1,render
DA:1,4
DA:2,4
DA:3,4
DA:4,4
DA:5,4
DA:6,4
DA:7,4
DA:8,4
DA:9,4
DA:10,4
DA:11,4
DA:12,4
DA:13,4
DA:14,4
DA:15,4
DA:16,4
DA:17,4
DA:18,4
DA:19,4
DA:20,4
DA:21,4
DA:22,4
DA:23,4
DA:24,4
DA:25,4
DA:26,4
DA:27,1
DA:28,1
DA:29,1
DA:30,1
DA:31,1
DA:32,1
DA:33,1
DA:34,1
DA:35,4
DA:36,4
DA:37,4
DA:38,4
DA:39,4
DA:40,4
DA:41,4
DA:42,1
DA:43,1
DA:44,1
DA:45,1
DA:46,1
DA:47,1
DA:48,1
DA:49,1
DA:50,1
DA:51,1
DA:52,1
DA:53,1
DA:54,4
DA:55,4
DA:56,4
DA:57,4
DA:58,4
DA:59,4
DA:60,4
DA:61,4
DA:62,4
LF:62
LH:62
BRDA:55,0,0,0
BRDA:26,1,0,1
BRDA:41,2,0,1
BRF:3
BRH:2
end_of_record
TN:
SF:src\components\navigation-drawer\navigation-drawer-footer\navigation-drawer-footer.ts
FN:19,ZetaNavigationDrawerFooter
FN:63,getLogoFooter
FN:72,render
FN:54,ZetaNavigationDrawerFooter.handleSlotChange
FNF:4
FNH:2
FNDA:1,ZetaNavigationDrawerFooter
FNDA:0,getLogoFooter
FNDA:1,render
FNDA:0,ZetaNavigationDrawerFooter.handleSlotChange
DA:1,5
DA:2,5
DA:3,5
DA:4,5
DA:5,5
DA:6,5
DA:7,5
DA:8,5
DA:9,5
DA:10,5
DA:11,5
DA:12,5
DA:13,5
DA:14,5
DA:15,5
DA:16,5
DA:17,5
DA:18,5
DA:19,5
DA:20,1
DA:21,1
DA:22,1
DA:23,1
DA:24,1
DA:25,1
DA:26,1
DA:27,1
DA:28,1
DA:29,1
DA:30,1
DA:31,1
DA:32,1
DA:33,1
DA:34,1
DA:35,1
DA:36,1
DA:37,1
DA:38,1
DA:39,1
DA:40,1
DA:41,1
DA:42,1
DA:43,1
DA:44,1
DA:45,1
DA:46,1
DA:47,1
DA:48,1
DA:49,1
DA:50,1
DA:51,1
DA:52,1
DA:53,1
DA:54,1
DA:55,0
DA:56,0
DA:57,0
DA:58,0
DA:59,0
DA:60,0
DA:61,0
DA:62,5
DA:63,5
DA:64,0
DA:65,0
DA:66,0
DA:67,0
DA:68,0
DA:69,0
DA:70,0
DA:71,5
DA:72,5
DA:73,1
DA:74,1
DA:75,1
DA:76,1
DA:77,0
DA:78,1
DA:79,1
DA:80,5
DA:81,5
DA:82,5
DA:83,5
DA:84,5
DA:85,5
DA:86,5
DA:87,5
DA:88,5
LF:88
LH:73
BRDA:19,0,0,1
BRDA:45,1,0,0
BRDA:72,2,0,1
BRDA:76,3,0,0
BRF:4
BRH:2
end_of_record
TN:
SF:src\components\navigation-drawer\navigation-drawer-header\navigation-drawer-header.ts
FN:16,ZetaNavigationDrawerHeader
FN:26,render
FNF:2
FNH:0
FNDA:0,ZetaNavigationDrawerHeader
FNDA:0,render
DA:1,4
DA:2,4
DA:3,4
DA:4,4
DA:5,4
DA:6,4
DA:7,4
DA:8,4
DA:9,4
DA:10,4
DA:11,4
DA:12,4
DA:13,4
DA:14,4
DA:15,4
DA:16,4
DA:17,0
DA:18,0
DA:19,0
DA:20,0
DA:21,0
DA:22,0
DA:23,0
DA:24,0
DA:25,4
DA:26,4
DA:27,0
DA:28,0
DA:29,0
DA:30,0
DA:31,0
DA:32,0
DA:33,0
DA:34,0
DA:35,0
DA:36,0
DA:37,0
DA:38,0
DA:39,0
DA:40,4
DA:41,4
DA:42,4
DA:43,4
DA:44,4
DA:45,4
DA:46,4
DA:47,4
DA:48,4
LF:48
LH:27
BRF:0
BRH:0
end_of_record
TN:
SF:src\components\navigation-drawer\navigation-drawer-item\navigation-drawer-item.ts
FN:18,ZetaNavigationDrawerItem
FN:25,render
FNF:2
FNH:2
FNDA:1,ZetaNavigationDrawerItem
FNDA:1,render
DA:1,5
DA:2,5
DA:3,5
DA:4,5
DA:5,5
DA:6,5
DA:7,5
DA:8,5
DA:9,5
DA:10,5
DA:11,5
DA:12,5
DA:13,5
DA:14,5
DA:15,5
DA:16,5
DA:17,5
DA:18,5
DA:19,1
DA:20,1
DA:21,1
DA:22,1
DA:23,1
DA:24,5
DA:25,5
DA:26,1
DA:27,1
DA:28,1
DA:29,1
DA:30,1
DA:31,1
DA:32,1
DA:33,1
DA:34,1
DA:35,1
DA:36,1
DA:37,5
DA:38,5
DA:39,5
DA:40,5
DA:41,5
DA:42,5
DA:43,5
DA:44,5
DA:45,5
LF:45
LH:45
BRDA:38,0,0,0
BRDA:18,1,0,1
BRDA:25,2,0,1
BRF:3
BRH:2
end_of_record
TN:
SF:src\components\navigation-drawer\navigation-drawer-sub-item\navigation-drawer-sub-item.ts
FN:15,ZetaNavigationDrawerSubItem
FN:22,render
FNF:2
FNH:2
FNDA:1,ZetaNavigationDrawerSubItem
FNDA:1,render
DA:1,5
DA:2,5
DA:3,5
DA:4,5
DA:5,5
DA:6,5
DA:7,5
DA:8,5
DA:9,5
DA:10,5
DA:11,5
DA:12,5
DA:13,5
DA:14,5
DA:15,5
DA:16,1
DA:17,1
DA:18,1
DA:19,1
DA:20,1
DA:21,5
DA:22,5
DA:23,1
DA:24,1
DA:25,1
DA:26,1
DA:27,1
DA:28,1
DA:29,1
DA:30,5
DA:31,5
DA:32,5
DA:33,5
DA:34,5
DA:35,5
DA:36,5
DA:37,5
DA:38,5
LF:38
LH:38
BRDA:31,0,0,0
BRDA:15,1,0,1
BRDA:22,2,0,1
BRF:3
BRH:2
end_of_record
TN:
SF:src\components\navigation-profile\navigation-profile.ts
FN:16,render
FNF:1
FNH:1
FNDA:1,render
DA:1,4
DA:2,4
DA:3,4
DA:4,4
DA:5,4
DA:6,4
DA:7,4
DA:8,4
DA:9,4
DA:10,4
DA:11,4
DA:12,4
DA:13,4
DA:14,4
DA:15,4
DA:16,4
DA:17,1
DA:18,1
DA:19,1
DA:20,1
DA:21,1
DA:22,1
DA:23,1
DA:24,1
DA:25,1
DA:26,1
DA:27,4
DA:28,4
DA:29,4
DA:30,4
DA:31,4
DA:32,4
DA:33,4
DA:34,4
DA:35,4
LF:35
LH:35
BRDA:28,0,0,0
BRDA:16,1,0,1
BRF:2
BRH:1
end_of_record
TN:
SF:src\components\navigation-rail\navigation-rail-item.ts
FN:19,ZetaNavigationRailItem
FN:31,render
FNF:2
FNH:2
FNDA:8,ZetaNavigationRailItem
FNDA:9,render
DA:1,5
DA:2,5
DA:3,5
DA:4,5
DA:5,5
DA:6,5
DA:7,5
DA:8,5
DA:9,5
DA:10,5
DA:11,5
DA:12,5
DA:13,5
DA:14,5
DA:15,5
DA:16,5
DA:17,5
DA:18,5
DA:19,5
DA:20,8
DA:21,8
DA:22,8
DA:23,8
DA:24,8
DA:25,8
DA:26,8
DA:27,8
DA:28,8
DA:29,8
DA:30,5
DA:31,5
DA:32,9
DA:33,9
DA:34,9
DA:35,9
DA:36,9
DA:37,9
DA:38,9
DA:39,5
DA:40,5
DA:41,5
DA:42,5
DA:43,5
DA:44,5
DA:45,5
DA:46,5
DA:47,5
LF:47
LH:47
BRDA:40,0,0,0
BRDA:19,1,0,8
BRDA:31,2,0,9
BRF:3
BRH:2
end_of_record
TN:
SF:src\components\navigation-rail\navigation-rail.ts
FN:16,render
FNF:1
FNH:1
FNDA:2,render
DA:1,4
DA:2,4
DA:3,4
DA:4,4
DA:5,4
DA:6,4
DA:7,4
DA:8,4
DA:9,4
DA:10,4
DA:11,4
DA:12,4
DA:13,4
DA:14,4
DA:15,4
DA:16,4
DA:17,2
DA:18,2
DA:19,4
DA:20,4
DA:21,4
DA:22,4
DA:23,4
DA:24,4
DA:25,4
DA:26,4
DA:27,4
LF:27
LH:27
BRDA:20,0,0,0
BRDA:16,1,0,2
BRF:2
BRH:1
end_of_record
TN:
SF:src\components\pagination\pagination.ts
FN:22,ZetaPagination
FN:47,ZetaPagination.range
FN:55,ZetaPagination.handlePageChange
FN:62,ZetaPagination.result
FN:37,set currentPage
FN:94,getIconButton
FN:108,render
FNF:7
FNH:7
FNDA:10,ZetaPagination
FNDA:10,ZetaPagination.range
FNDA:2,ZetaPagination.handlePageChange
FNDA:10,ZetaPagination.result
FNDA:7,set currentPage
FNDA:40,getIconButton
FNDA:10,render
DA:1,4
DA:2,4
DA:3,4
DA:4,4
DA:5,4
DA:6,4
DA:7,4
DA:8,4
DA:9,4
DA:10,4
DA:11,4
DA:12,4
DA:13,4
DA:14,4
DA:15,4
DA:16,4
DA:17,4
DA:18,4
DA:19,4
DA:20,4
DA:21,4
DA:22,4
DA:23,10
DA:24,10
DA:25,10
DA:26,10
DA:27,10
DA:28,10
DA:29,10
DA:30,10
DA:31,10
DA:32,10
DA:33,10
DA:34,10
DA:35,10
DA:36,10
DA:37,10
DA:38,7
DA:39,2
DA:40,7
DA:41,1
DA:42,5
DA:43,4
DA:44,4
DA:45,7
DA:46,10
DA:47,10
DA:48,10
DA:49,10
DA:50,10
DA:51,10
DA:52,10
DA:53,10
DA:54,10
DA:55,10
DA:56,2
DA:57,2
DA:58,2
DA:59,10
DA:60,10
DA:61,10
DA:62,10
DA:63,10
DA:64,10
DA:65,10
DA:66,10
DA:67,10
DA:68,10
DA:69,10
DA:70,10
DA:71,1
DA:72,1
DA:73,9
DA:74,10
DA:75,6
DA:76,6
DA:77,6
DA:78,6
DA:79,3
DA:80,10
DA:81,2
DA:82,2
DA:83,2
DA:84,2
DA:85,1
DA:86,10
DA:87,1
DA:88,1
DA:89,1
DA:90,0
DA:91,0
DA:92,10
DA:93,4
DA:94,4
DA:95,40
DA:96,40
DA:97,40
DA:98,40
DA:99,40
DA:100,40
DA:101,40
DA:102,40
DA:103,40
DA:104,40
DA:105,40
DA:106,40
DA:107,4
DA:108,4
DA:109,10
DA:110,10
DA:111,10
DA:112,10
DA:113,10
DA:114,10
DA:115,10
DA:116,10
DA:117,68
DA:118,68
DA:119,68
DA:120,68
DA:121,10
DA:122,68
DA:123,58
DA:124,58
DA:125,10
DA:126,10
DA:127,10
DA:128,10
DA:129,10
DA:130,10
DA:131,4
DA:132,4
DA:133,4
DA:134,4
DA:135,4
DA:136,4
DA:137,4
LF:137
LH:135
BRDA:23,0,0,0
BRDA:22,1,0,10
BRDA:47,2,0,10
BRDA:49,3,0,48
BRDA:55,4,0,2
BRDA:62,5,0,10
BRDA:70,6,0,1
BRDA:72,7,0,9
BRDA:74,8,0,6
BRDA:74,9,0,6
BRDA:78,10,0,3
BRDA:80,11,0,2
BRDA:84,12,0,1
BRDA:86,13,0,1
BRDA:89,14,0,0
BRDA:37,15,0,7
BRDA:38,16,0,2
BRDA:40,17,0,5
BRDA:40,18,0,1
BRDA:42,19,0,4
BRDA:94,20,0,40
BRDA:100,21,0,2
BRDA:108,22,0,10
BRDA:116,23,0,68
BRDA:120,24,0,10
BRDA:122,25,0,58
BRF:26
BRH:24
end_of_record
TN:
SF:src\components\progress-indicators\progress-bar\progress-bar.ts
FN:13,ZetaProgressBar
FN:33,getBufferingDots
FN:45,render
FNF:3
FNH:3
FNDA:1,ZetaProgressBar
FNDA:1,getBufferingDots
FNDA:1,render
DA:1,4
DA:2,4
DA:3,4
DA:4,4
DA:5,4
DA:6,4
DA:7,4
DA:8,4
DA:9,4
DA:10,4
DA:11,4
DA:12,4
DA:13,4
DA:14,1
DA:15,1
DA:16,1
DA:17,1
DA:18,1
DA:19,1
DA:20,1
DA:21,1
DA:22,4
DA:23,4
DA:24,4
DA:25,4
DA:26,4
DA:27,4
DA:28,4
DA:29,4
DA:30,4
DA:31,4
DA:32,4
DA:33,4
DA:34,1
DA:35,0
DA:36,0
DA:37,0
DA:38,0
DA:39,0
DA:40,1
DA:41,1
DA:42,1
DA:43,1
DA:44,4
DA:45,4
DA:46,1
DA:47,1
DA:48,1
DA:49,1
DA:50,1
DA:51,1
DA:52,1
DA:53,1
DA:54,1
DA:55,1
DA:56,1
DA:57,1
DA:58,1
DA:59,1
DA:60,4
DA:61,4
DA:62,4
DA:63,4
DA:64,4
DA:65,4
DA:66,4
DA:67,4
DA:68,4
LF:68
LH:63
BRDA:61,0,0,0
BRDA:13,1,0,1
BRDA:33,2,0,1
BRDA:34,3,0,0
BRDA:45,4,0,1
BRDA:51,5,0,0
BRDA:54,6,0,0
BRF:7
BRH:3
end_of_record
TN:
SF:src\components\progress-indicators\progress-circle\progress-circle.ts
FN:17,ZetaProgressCircle
FN:48,ZetaProgressCircle.getStrokeDasharray
FN:53,ZetaProgressCircle.getStrokeDashoffset
FN:58,ZetaProgressCircle.renderUploading
FN:79,type.styleMap.padding
FN:31,set progress
FN:94,render
FNF:7
FNH:7
FNDA:9,ZetaProgressCircle
FNDA:20,ZetaProgressCircle.getStrokeDasharray
FNDA:10,ZetaProgressCircle.getStrokeDashoffset
FNDA:10,ZetaProgressCircle.renderUploading
FNDA:1,type.styleMap.padding
FNDA:5,set progress
FNDA:10,render
DA:1,5
DA:2,5
DA:3,5
DA:4,5
DA:5,5
DA:6,5
DA:7,5
DA:8,5
DA:9,5
DA:10,5
DA:11,5
DA:12,5
DA:13,5
DA:14,5
DA:15,5
DA:16,5
DA:17,5
DA:18,9
DA:19,9
DA:20,9
DA:21,9
DA:22,9
DA:23,9
DA:24,9
DA:25,9
DA:26,9
DA:27,9
DA:28,9
DA:29,9
DA:30,9
DA:31,9
DA:32,5
DA:33,2
DA:34,2
DA:35,2
DA:36,3
DA:37,5
DA:38,1
DA:39,1
DA:40,1
DA:41,2
DA:42,2
DA:43,5
DA:44,9
DA:45,9
DA:46,9
DA:47,9
DA:48,9
DA:49,20
DA:50,20
DA:51,20
DA:52,9
DA:53,9
DA:54,10
DA:55,10
DA:56,10
DA:57,9
DA:58,9
DA:59,10
DA:60,4
DA:61,4
DA:62,4
DA:63,4
DA:64,4
DA:65,4
DA:66,4
DA:67,4
DA:68,4
DA:69,4
DA:70,4
DA:71,4
DA:72,4
DA:73,4
DA:74,4
DA:75,4
DA:76,0
DA:77,4
DA:78,4
DA:79,4
DA:80,1
DA:81,4
DA:82,4
DA:83,4
DA:84,4
DA:85,4
DA:86,4
DA:87,4
DA:88,6
DA:89,6
DA:90,6
DA:91,6
DA:92,10
DA:93,5
DA:94,5
DA:95,10
DA:96,10
DA:97,10
DA:98,10
DA:99,10
DA:100,10
DA:101,10
DA:102,10
DA:103,10
DA:104,10
DA:105,10
DA:106,10
DA:107,10
DA:108,10
DA:109,10
DA:110,10
DA:111,10
DA:112,10
DA:113,10
DA:114,10
DA:115,10
DA:116,10
DA:117,10
DA:118,10
DA:119,10
DA:120,5
DA:121,5
DA:122,5
DA:123,5
DA:124,5
DA:125,5
DA:126,5
LF:126
LH:125
BRDA:18,0,0,0
BRDA:17,1,0,9
BRDA:48,2,0,20
BRDA:53,3,0,10
BRDA:58,4,0,10
BRDA:75,5,0,0
BRDA:87,6,0,6
BRDA:31,7,0,5
BRDA:32,8,0,3
BRDA:32,9,0,4
BRDA:37,10,0,1
BRDA:40,11,0,2
BRDA:94,12,0,10
BRDA:98,13,0,6
BRDA:109,14,0,0
BRDA:59,15,0,4
BRDA:79,16,0,3
BRDA:32,17,0,2
BRDA:35,18,0,3
BRDA:37,19,0,3
BRDA:98,20,0,4
BRF:21
BRH:18
end_of_record
TN:
SF:src\components\radio-button\radio-button-controller.ts
FN:5,RadioButtonController
FN:8,hostConnected
FN:12,hostDisconnected
FN:15,handleChange
FN:24,get radios
FNF:5
FNH:5
FNDA:9,RadioButtonController
FNDA:12,hostConnected
FNDA:9,hostDisconnected
FNDA:15,handleChange
FNDA:4,get radios
DA:1,5
DA:2,5
DA:3,5
DA:4,5
DA:5,5
DA:6,9
DA:7,5
DA:8,5
DA:9,12
DA:10,12
DA:11,12
DA:12,5
DA:13,9
DA:14,9
DA:15,5
DA:16,15
DA:17,4
DA:18,8
DA:19,4
DA:20,4
DA:21,4
DA:22,4
DA:23,15
DA:24,5
DA:25,4
DA:26,4
DA:27,4
DA:28,5
DA:29,5
DA:30,5
DA:31,5
LF:31
LH:31
BRDA:5,0,0,9
BRDA:8,1,0,12
BRDA:12,2,0,9
BRDA:15,3,0,15
BRDA:16,4,0,4
BRDA:17,5,0,8
BRDA:18,6,0,4
BRDA:24,7,0,4
BRF:8
BRH:8
end_of_record
TN:
SF:src\components\radio-button\radio-button.ts
FN:17,ZetaRadioButton
FN:23,handleChange
FNF:2
FNH:2
FNDA:9,ZetaRadioButton
FNDA:3,handleChange
DA:1,5
DA:2,5
DA:3,5
DA:4,5
DA:5,5
DA:6,5
DA:7,5
DA:8,5
DA:9,5
DA:10,5
DA:11,5
DA:12,5
DA:13,5
DA:14,5
DA:15,5
DA:16,5
DA:17,5
DA:18,9
DA:19,9
DA:20,9
DA:21,9
DA:22,5
DA:23,5
DA:24,3
DA:25,3
DA:26,3
DA:27,5
DA:28,5
DA:29,5
DA:30,5
DA:31,5
DA:32,5
DA:33,5
DA:34,5
LF:34
LH:34
BRDA:17,0,0,9
BRDA:23,1,0,3
BRF:2
BRH:2
end_of_record
TN:
SF:src\components\search\search.ts
FN:21,ZetaSearch
FN:58,ZetaSearch.resetInput
FN:62,ZetaSearch.handleSpeechRecognition
FN:79,ZetaSearch.renderRightIcon
FN:88,ZetaSearch.renderCancelIcon
FN:37,set round
FN:43,handleChange
FN:47,focus
FN:51,blur
FN:92,render
FNF:10
FNH:8
FNDA:12,ZetaSearch
FNDA:1,ZetaSearch.resetInput
FNDA:0,ZetaSearch.handleSpeechRecognition
FNDA:17,ZetaSearch.renderRightIcon
FNDA:17,ZetaSearch.renderCancelIcon
FNDA:0,set round
FNDA:1,handleChange
FNDA:2,focus
FNDA:1,blur
FNDA:17,render
DA:1,4
DA:2,4
DA:3,4
DA:4,4
DA:5,4
DA:6,4
DA:7,4
DA:8,4
DA:9,4
DA:10,4
DA:11,4
DA:12,4
DA:13,4
DA:14,4
DA:15,4
DA:16,4
DA:17,4
DA:18,4
DA:19,4
DA:20,4
DA:21,4
DA:22,12
DA:23,12
DA:24,12
DA:25,12
DA:26,12
DA:27,12
DA:28,12
DA:29,12
DA:30,12
DA:31,12
DA:32,12
DA:33,12
DA:34,12
DA:35,12
DA:36,12
DA:37,12
DA:38,0
DA:39,0
DA:40,0
DA:41,0
DA:42,12
DA:43,12
DA:44,1
DA:45,1
DA:46,12
DA:47,12
DA:48,2
DA:49,2
DA:50,12
DA:51,12
DA:52,1
DA:53,1
DA:54,12
DA:55,12
DA:56,12
DA:57,12
DA:58,12
DA:59,1
DA:60,1
DA:61,12
DA:62,12
DA:63,0
DA:64,0
DA:65,0
DA:66,0
DA:67,0
DA:68,0
DA:69,0
DA:70,0
DA:71,0
DA:72,0
DA:73,0
DA:74,0
DA:75,0
DA:76,0
DA:77,0
DA:78,12
DA:79,12
DA:80,17
DA:81,2
DA:82,2
DA:83,17
DA:84,15
DA:85,15
DA:86,17
DA:87,12
DA:88,12
DA:89,17
DA:90,17
DA:91,4
DA:92,4
DA:93,17
DA:94,17
DA:95,17
DA:96,17
DA:97,17
DA:98,17
DA:99,17
DA:100,4
DA:101,4
DA:102,4
DA:103,4
DA:104,4
DA:105,4
DA:106,4
DA:107,4
DA:108,4
LF:108
LH:89
BRDA:101,0,0,0
BRDA:21,1,0,12
BRDA:58,2,0,1
BRDA:79,3,0,17
BRDA:80,4,0,4
BRDA:80,5,0,2
BRDA:81,6,0,0
BRDA:83,7,0,15
BRDA:88,8,0,17
BRDA:89,9,0,2
BRDA:89,10,0,15
BRDA:43,11,0,1
BRDA:47,12,0,2
BRDA:51,13,0,1
BRDA:92,14,0,17
BRF:15
BRH:13
end_of_record
TN:
SF:src\components\segmented-control\segmented-control.ts
FN:31,ZetaSegmentedControl
FN:40,Promise.then.item.active
FN:50,findSegmentedItem
FN:60,firstUpdated
FN:69,Promise.then.initComplete
FN:74,render
FNF:6
FNH:6
FNDA:4,ZetaSegmentedControl
FNDA:1,Promise.then.item.active
FNDA:3,findSegmentedItem
FNDA:4,firstUpdated
FNDA:4,Promise.then.initComplete
FNDA:9,render
DA:1,4
DA:2,4
DA:3,4
DA:4,4
DA:5,4
DA:6,4
DA:7,4
DA:8,4
DA:9,4
DA:10,4
DA:11,4
DA:12,4
DA:13,4
DA:14,4
DA:15,4
DA:16,4
DA:17,4
DA:18,4
DA:19,4
DA:20,4
DA:21,4
DA:22,4
DA:23,4
DA:24,4
DA:25,4
DA:26,4
DA:27,4
DA:28,4
DA:29,4
DA:30,4
DA:31,4
DA:32,4
DA:33,4
DA:34,1
DA:35,1
DA:36,1
DA:37,3
DA:38,3
DA:39,1
DA:40,1
DA:41,0
DA:42,1
DA:43,3
DA:44,2
DA:45,2
DA:46,1
DA:47,4
DA:48,4
DA:49,4
DA:50,4
DA:51,3
DA:52,3
DA:53,3
DA:54,0
DA:55,0
DA:56,0
DA:57,0
DA:58,3
DA:59,4
DA:60,4
DA:61,4
DA:62,12
DA:63,0
DA:64,0
DA:65,4
DA:66,4
DA:67,4
DA:68,4
DA:69,4
DA:70,0
DA:71,4
DA:72,4
DA:73,4
DA:74,4
DA:75,9
DA:76,9
DA:77,9
DA:78,9
DA:79,9
DA:80,9
DA:81,9
DA:82,9
DA:83,9
DA:84,9
DA:85,9
DA:86,9
DA:87,9
DA:88,9
DA:89,4
DA:90,4
DA:91,4
DA:92,4
DA:93,4
DA:94,4
DA:95,4
DA:96,4
DA:97,4
LF:97
LH:89
BRDA:90,0,0,0
BRDA:31,1,0,4
BRDA:33,2,0,1
BRDA:34,3,0,0
BRDA:36,4,0,3
BRDA:38,5,0,1
BRDA:43,6,0,2
BRDA:40,7,0,1
BRDA:50,8,0,3
BRDA:53,9,0,0
BRDA:60,10,0,4
BRDA:61,11,0,12
BRDA:62,12,0,0
BRDA:69,13,0,4
BRDA:74,14,0,9
BRDA:79,15,0,0
BRDA:81,16,0,5
BRDA:82,17,0,5
BRDA:82,18,0,4
BRDA:83,19,0,5
BRF:20
BRH:15
end_of_record
TN:
SF:src\components\segmented-control\segmented-item.ts
FN:14,ZetaSegmentedItem
FN:20,render
FNF:2
FNH:2
FNDA:11,ZetaSegmentedItem
FNDA:11,render
DA:1,4
DA:2,4
DA:3,4
DA:4,4
DA:5,4
DA:6,4
DA:7,4
DA:8,4
DA:9,4
DA:10,4
DA:11,4
DA:12,4
DA:13,4
DA:14,4
DA:15,11
DA:16,11
DA:17,11
DA:18,11
DA:19,4
DA:20,4
DA:21,11
DA:22,11
DA:23,4
DA:24,4
DA:25,4
DA:26,4
DA:27,4
DA:28,4
DA:29,4
DA:30,4
DA:31,4
LF:31
LH:31
BRDA:24,0,0,0
BRDA:14,1,0,11
BRDA:20,2,0,11
BRF:3
BRH:2
end_of_record
TN:
SF:src\components\slider\slider.ts
FN:20,ZetaSlider
FN:136,ZetaSlider.onHandleMoved
FN:154,ZetaSlider.moveHandle
FN:159,ZetaSlider.mouseDownHandler
FN:185,ZetaSlider.dragHandler
FN:214,ZetaSlider.trackClickHandler
FN:224,ZetaSlider.snapHandle
FN:250,ZetaSlider.updateSelectedArea
FN:259,ZetaSlider.getSteps
FN:67,convertValueToProgress
FN:75,getHandleProgress
FN:86,getHandlePosition
FN:91,getHandleValue
FN:99,convertProgressToValue
FN:106,roundToStepValue
FN:114,setStyles
FN:125,removeStyles
FN:279,updated
FN:302,render
FN:169,dragHandler
FN:171,onMouseUp
FNF:21
FNH:18
FNDA:44,ZetaSlider
FNDA:4,ZetaSlider.onHandleMoved
FNDA:79,ZetaSlider.moveHandle
FNDA:4,ZetaSlider.mouseDownHandler
FNDA:3,ZetaSlider.dragHandler
FNDA:0,ZetaSlider.trackClickHandler
FNDA:0,ZetaSlider.snapHandle
FNDA:79,ZetaSlider.updateSelectedArea
FNDA:56,ZetaSlider.getSteps
FNDA:76,convertValueToProgress
FNDA:91,getHandleProgress
FNDA:76,getHandlePosition
FNDA:12,getHandleValue
FNDA:12,convertProgressToValue
FNDA:0,roundToStepValue
FNDA:4,setStyles
FNDA:4,removeStyles
FNDA:56,updated
FNDA:56,render
FNDA:3,dragHandler
FNDA:4,onMouseUp
DA:1,6
DA:2,6
DA:3,6
DA:4,6
DA:5,6
DA:6,6
DA:7,6
DA:8,6
DA:9,6
DA:10,6
DA:11,6
DA:12,6
DA:13,6
DA:14,6
DA:15,6
DA:16,6
DA:17,6
DA:18,6
DA:19,6
DA:20,6
DA:21,44
DA:22,44
DA:23,44
DA:24,44
DA:25,44
DA:26,44
DA:27,44
DA:28,44
DA:29,44
DA:30,44
DA:31,44
DA:32,44
DA:33,44
DA:34,44
DA:35,44
DA:36,44
DA:37,44
DA:38,44
DA:39,44
DA:40,44
DA:41,44
DA:42,44
DA:43,44
DA:44,44
DA:45,44
DA:46,44
DA:47,44
DA:48,44
DA:49,44
DA:50,44
DA:51,44
DA:52,44
DA:53,44
DA:54,44
DA:55,44
DA:56,44
DA:57,44
DA:58,44
DA:59,44
DA:60,44
DA:61,44
DA:62,44
DA:63,44
DA:64,44
DA:65,44
DA:66,44
DA:67,44
DA:68,76
DA:69,76
DA:70,76
DA:71,76
DA:72,76
DA:73,44
DA:74,44
DA:75,44
DA:76,91
DA:77,91
DA:78,91
DA:79,91
DA:80,91
DA:81,91
DA:82,91
DA:83,44
DA:84,44
DA:85,44
DA:86,44
DA:87,76
DA:88,76
DA:89,44
DA:90,44
DA:91,44
DA:92,12
DA:93,12
DA:94,12
DA:95,12
DA:96,12
DA:97,44
DA:98,44
DA:99,44
DA:100,12
DA:101,12
DA:102,12
DA:103,12
DA:104,44
DA:105,44
DA:106,44
DA:107,0
DA:108,0
DA:109,0
DA:110,0
DA:111,0
DA:112,0
DA:113,44
DA:114,44
DA:115,4
DA:116,4
DA:117,4
DA:118,4
DA:119,4
DA:120,4
DA:121,2
DA:122,2
DA:123,4
DA:124,44
DA:125,44
DA:126,4
DA:127,4
DA:128,4
DA:129,2
DA:130,2
DA:131,4
DA:132,44
DA:133,44
DA:134,44
DA:135,44
DA:136,44
DA:137,4
DA:138,4
DA:139,4
DA:140,2
DA:141,2
DA:142,2
DA:143,2
DA:144,2
DA:145,2
DA:146,2
DA:147,2
DA:148,2
DA:149,2
DA:150,2
DA:151,2
DA:152,4
DA:153,44
DA:154,44
DA:155,79
DA:156,79
DA:157,79
DA:158,44
DA:159,44
DA:160,4
DA:161,4
DA:162,4
DA:163,4
DA:164,4
DA:165,4
DA:166,2
DA:167,2
DA:168,4
DA:169,4
DA:170,4
DA:171,4
DA:172,4
DA:173,4
DA:174,4
DA:175,4
DA:176,4
DA:177,4
DA:178,4
DA:179,4
DA:180,4
DA:181,4
DA:182,4
DA:183,4
DA:184,44
DA:185,44
DA:186,3
DA:187,3
DA:188,3
DA:189,3
DA:190,3
DA:191,3
DA:192,3
DA:193,3
DA:194,3
DA:195,2
DA:196,1
DA:197,1
DA:198,1
DA:199,1
DA:200,1
DA:201,2
DA:202,3
DA:203,3
DA:204,3
DA:205,3
DA:206,3
DA:207,3
DA:208,3
DA:209,3
DA:210,3
DA:211,3
DA:212,3
DA:213,44
DA:214,44
DA:215,0
DA:216,0
DA:217,0
DA:218,0
DA:219,0
DA:220,0
DA:221,0
DA:222,44
DA:223,44
DA:224,44
DA:225,0
DA:226,0
DA:227,0
DA:228,0
DA:229,0
DA:230,0
DA:231,0
DA:232,0
DA:233,0
DA:234,0
DA:235,0
DA:236,0
DA:237,0
DA:238,0
DA:239,0
DA:240,0
DA:241,0
DA:242,0
DA:243,0
DA:244,0
DA:245,0
DA:246,0
DA:247,0
DA:248,44
DA:249,44
DA:250,44
DA:251,79
DA:252,42
DA:253,42
DA:254,79
DA:255,37
DA:256,37
DA:257,79
DA:258,44
DA:259,44
DA:260,56
DA:261,0
DA:262,0
DA:263,0
DA:264,0
DA:265,0
DA:266,0
DA:267,0
DA:268,0
DA:269,0
DA:270,0
DA:271,0
DA:272,0
DA:273,0
DA:274,0
DA:275,0
DA:276,0
DA:277,56
DA:278,6
DA:279,6
DA:280,56
DA:281,36
DA:282,36
DA:283,36
DA:284,0
DA:285,0
DA:286,36
DA:287,36
DA:288,56
DA:289,20
DA:290,20
DA:291,20
DA:292,20
DA:293,0
DA:294,0
DA:295,0
DA:296,20
DA:297,20
DA:298,20
DA:299,20
DA:300,56
DA:301,6
DA:302,6
DA:303,56
DA:304,56
DA:305,56
DA:306,56
DA:307,56
DA:308,56
DA:309,20
DA:310,56
DA:311,56
DA:312,56
DA:313,56
DA:314,6
DA:315,6
DA:316,6
DA:317,6
DA:318,6
DA:319,6
DA:320,6
DA:321,6
DA:322,6
LF:322
LH:265
BRDA:315,0,0,0
BRDA:20,1,0,44
BRDA:154,2,0,79
BRDA:250,3,0,79
BRDA:254,4,0,37
BRDA:259,5,0,56
BRDA:260,6,0,0
BRDA:67,7,0,76
BRDA:75,8,0,91
BRDA:86,9,0,76
BRDA:279,10,0,56
BRDA:280,11,0,36
BRDA:292,12,0,0
BRDA:302,13,0,56
BRDA:309,14,0,36
BRDA:136,15,0,32
BRDA:137,16,0,28
BRDA:139,17,0,30
BRDA:159,18,0,32
BRDA:165,19,0,30
BRDA:169,20,0,31
BRDA:171,21,0,32
BRDA:185,22,0,31
BRDA:194,23,0,30
BRDA:195,24,0,29
BRDA:251,25,0,42
BRDA:91,26,0,40
BRDA:99,27,0,40
BRDA:114,28,0,32
BRDA:120,29,0,30
BRDA:125,30,0,32
BRDA:128,31,0,30
BRDA:283,32,0,0
BRDA:288,33,0,20
BRDA:308,34,0,20
BRDA:307,35,0,37
BRDA:309,36,0,18
BRF:37
BRH:33
end_of_record
TN:
SF:src\components\slider\range-selector\range-selector.ts
FN:25,ZetaRangeSelector
FN:61,ZetaRangeSelector.sliderChange
FN:71,onValueUpdated
FN:84,isError
FN:88,handleInputChange
FN:98,updateVisibleInputs
FN:103,updateHiddenInput
FN:110,handleChange
FN:114,firstUpdated
FN:118,getLabel
FN:126,getInput
FN:143,render
FNF:12
FNH:11
FNDA:14,ZetaRangeSelector
FNDA:1,ZetaRangeSelector.sliderChange
FNDA:3,onValueUpdated
FNDA:6,isError
FNDA:2,handleInputChange
FNDA:1,updateVisibleInputs
FNDA:17,updateHiddenInput
FNDA:0,handleChange
FNDA:14,firstUpdated
FNDA:33,getLabel
FNDA:66,getInput
FNDA:33,render
DA:1,4
DA:2,4
DA:3,4
DA:4,4
DA:5,4
DA:6,4
DA:7,4
DA:8,4
DA:9,4
DA:10,4
DA:11,4
DA:12,4
DA:13,4
DA:14,4
DA:15,4
DA:16,4
DA:17,4
DA:18,4
DA:19,4
DA:20,4
DA:21,4
DA:22,4
DA:23,4
DA:24,4
DA:25,4
DA:26,14
DA:27,14
DA:28,14
DA:29,14
DA:30,14
DA:31,14
DA:32,14
DA:33,14
DA:34,14
DA:35,14
DA:36,14
DA:37,14
DA:38,14
DA:39,14
DA:40,14
DA:41,14
DA:42,14
DA:43,14
DA:44,14
DA:45,14
DA:46,14
DA:47,14
DA:48,14
DA:49,14
DA:50,14
DA:51,14
DA:52,14
DA:53,14
DA:54,14
DA:55,14
DA:56,14
DA:57,14
DA:58,14
DA:59,14
DA:60,14
DA:61,14
DA:62,1
DA:63,1
DA:64,1
DA:65,1
DA:66,1
DA:67,4
DA:68,4
DA:69,4
DA:70,4
DA:71,4
DA:72,3
DA:73,3
DA:74,3
DA:75,3
DA:76,3
DA:77,3
DA:78,3
DA:79,2
DA:80,2
DA:81,3
DA:82,3
DA:83,4
DA:84,4
DA:85,6
DA:86,6
DA:87,4
DA:88,4
DA:89,2
DA:90,2
DA:91,1
DA:92,1
DA:93,1
DA:94,1
DA:95,2
DA:96,2
DA:97,4
DA:98,4
DA:99,1
DA:100,1
DA:101,1
DA:102,4
DA:103,4
DA:104,17
DA:105,17
DA:106,17
DA:107,17
DA:108,17
DA:109,4
DA:110,4
DA:111,0
DA:112,0
DA:113,4
DA:114,4
DA:115,14
DA:116,14
DA:117,4
DA:118,4
DA:119,33
DA:120,2
DA:121,33
DA:122,31
DA:123,31
DA:124,33
DA:125,4
DA:126,4
DA:127,66
DA:128,66
DA:129,66
DA:130,66
DA:131,66
DA:132,66
DA:133,66
DA:134,66
DA:135,66
DA:136,66
DA:137,66
DA:138,66
DA:139,66
DA:140,66
DA:141,66
DA:142,4
DA:143,4
DA:144,33
DA:145,33
DA:146,33
DA:147,33
DA:148,33
DA:149,33
DA:150,33
DA:151,33
DA:152,33
DA:153,33
DA:154,33
DA:155,33
DA:156,33
DA:157,33
DA:158,33
DA:159,33
DA:160,33
DA:161,33
DA:162,33
DA:163,33
DA:164,33
DA:165,33
DA:166,4
DA:167,4
DA:168,4
DA:169,4
DA:170,4
DA:171,4
DA:172,4
DA:173,4
DA:174,4
LF:174
LH:172
BRDA:167,0,0,0
BRDA:25,1,0,14
BRDA:61,2,0,1
BRDA:71,3,0,3
BRDA:78,4,0,2
BRDA:84,5,0,6
BRDA:88,6,0,2
BRDA:90,7,0,1
BRDA:98,8,0,1
BRDA:103,9,0,17
BRDA:114,10,0,14
BRDA:118,11,0,33
BRDA:119,12,0,2
BRDA:121,13,0,31
BRDA:126,14,0,66
BRDA:129,15,0,62
BRDA:131,16,0,33
BRDA:131,17,0,33
BRDA:133,18,0,33
BRDA:133,19,0,33
BRDA:134,20,0,33
BRDA:134,21,0,33
BRDA:135,22,0,33
BRDA:135,23,0,33
BRDA:137,24,0,33
BRDA:137,25,0,33
BRDA:138,26,0,2
BRDA:143,27,0,33
BRF:28
BRH:27
end_of_record
TN:
SF:src\components\slider\slider-input-field\slider-input-field.ts
FN:23,ZetaSliderInputField
FN:85,updateVisibleInputs
FN:89,updateHiddenInput
FN:96,handleChange
FN:100,firstUpdated
FN:104,getLabel
FN:112,render
FN:58,ZetaSliderInputField.sliderChange
FN:79,ZetaSliderInputField.handleInputChange
FNF:9
FNH:8
FNDA:14,ZetaSliderInputField
FNDA:2,updateVisibleInputs
FNDA:17,updateHiddenInput
FNDA:0,handleChange
FNDA:14,firstUpdated
FNDA:31,getLabel
FNDA:31,render
FNDA:2,ZetaSliderInputField.sliderChange
FNDA:1,ZetaSliderInputField.handleInputChange
DA:1,6
DA:2,6
DA:3,6
DA:4,6
DA:5,6
DA:6,6
DA:7,6
DA:8,6
DA:9,6
DA:10,6
DA:11,6
DA:12,6
DA:13,6
DA:14,6
DA:15,6
DA:16,6
DA:17,6
DA:18,6
DA:19,6
DA:20,6
DA:21,6
DA:22,6
DA:23,6
DA:24,14
DA:25,14
DA:26,14
DA:27,14
DA:28,14
DA:29,14
DA:30,14
DA:31,14
DA:32,14
DA:33,14
DA:34,14
DA:35,14
DA:36,14
DA:37,14
DA:38,14
DA:39,14
DA:40,14
DA:41,14
DA:42,14
DA:43,14
DA:44,14
DA:45,14
DA:46,14
DA:47,14
DA:48,14
DA:49,14
DA:50,14
DA:51,14
DA:52,14
DA:53,14
DA:54,14
DA:55,14
DA:56,14
DA:57,14
DA:58,14
DA:59,2
DA:60,2
DA:61,2
DA:62,2
DA:63,2
DA:64,14
DA:65,14
DA:66,14
DA:67,14
DA:68,14
DA:69,14
DA:70,14
DA:71,14
DA:72,14
DA:73,14
DA:74,14
DA:75,14
DA:76,14
DA:77,14
DA:78,14
DA:79,14
DA:80,1
DA:81,1
DA:82,1
DA:83,1
DA:84,6
DA:85,6
DA:86,2
DA:87,2
DA:88,6
DA:89,6
DA:90,17
DA:91,17
DA:92,17
DA:93,17
DA:94,17
DA:95,6
DA:96,6
DA:97,0
DA:98,0
DA:99,6
DA:100,6
DA:101,14
DA:102,14
DA:103,6
DA:104,6
DA:105,31
DA:106,28
DA:107,31
DA:108,3
DA:109,3
DA:110,31
DA:111,6
DA:112,6
DA:113,31
DA:114,31
DA:115,31
DA:116,31
DA:117,31
DA:118,31
DA:119,31
DA:120,31
DA:121,31
DA:122,31
DA:123,31
DA:124,31
DA:125,31
DA:126,31
DA:127,31
DA:128,31
DA:129,31
DA:130,31
DA:131,31
DA:132,31
DA:133,31
DA:134,31
DA:135,31
DA:136,31
DA:137,31
DA:138,31
DA:139,31
DA:140,31
DA:141,31
DA:142,31
DA:143,31
DA:144,31
DA:145,31
DA:146,31
DA:147,31
DA:148,6
DA:149,6
DA:150,6
DA:151,6
DA:152,6
DA:153,6
DA:154,6
DA:155,6
DA:156,6
LF:156
LH:154
BRDA:149,0,0,0
BRDA:23,1,0,14
BRDA:58,2,0,2
BRDA:79,3,0,1
BRDA:85,4,0,2
BRDA:89,5,0,17
BRDA:100,6,0,14
BRDA:104,7,0,31
BRDA:105,8,0,28
BRDA:107,9,0,3
BRDA:112,10,0,31
BRDA:134,11,0,3
BRF:12
BRH:11
end_of_record
TN:
SF:src\components\snackbar\snackbar.ts
FN:19,ZetaSnackbar
FN:31,set round
FN:64,render
FNF:3
FNH:3
FNDA:27,ZetaSnackbar
FNDA:3,set round
FNDA:64,render
DA:1,4
DA:2,4
DA:3,4
DA:4,4
DA:5,4
DA:6,4
DA:7,4
DA:8,4
DA:9,4
DA:10,4
DA:11,4
DA:12,4
DA:13,4
DA:14,4
DA:15,4
DA:16,4
DA:17,4
DA:18,4
DA:19,4
DA:20,27
DA:21,27
DA:22,27
DA:23,27
DA:24,27
DA:25,27
DA:26,27
DA:27,27
DA:28,27
DA:29,27
DA:30,27
DA:31,27
DA:32,3
DA:33,3
DA:34,3
DA:35,3
DA:36,27
DA:37,27
DA:38,27
DA:39,27
DA:40,27
DA:41,27
DA:42,27
DA:43,27
DA:44,27
DA:45,27
DA:46,27
DA:47,27
DA:48,27
DA:49,27
DA:50,27
DA:51,4
DA:52,4
DA:53,4
DA:54,4
DA:55,4
DA:56,4
DA:57,4
DA:58,4
DA:59,4
DA:60,4
DA:61,4
DA:62,4
DA:63,4
DA:64,4
DA:65,64
DA:66,64
DA:67,64
DA:68,64
DA:69,64
DA:70,64
DA:71,64
DA:72,64
DA:73,64
DA:74,64
DA:75,64
DA:76,0
DA:77,0
DA:78,64
DA:79,64
DA:80,64
DA:81,64
DA:82,4
DA:83,4
DA:84,4
DA:85,4
DA:86,4
DA:87,4
DA:88,4
DA:89,4
DA:90,4
LF:90
LH:88
BRDA:83,0,0,0
BRDA:19,1,0,27
BRDA:31,2,0,3
BRDA:32,3,0,1
BRDA:32,4,0,2
BRDA:32,5,0,2
BRDA:32,6,0,2
BRDA:64,7,0,64
BRDA:71,8,0,37
BRDA:71,9,0,27
BRDA:75,10,0,0
BRDA:74,11,0,3
BRF:12
BRH:10
end_of_record
TN:
SF:src\components\stepper\stepper.ts
FN:19,ZetaStepper
FN:29,ZetaStepper.renderSteps
FN:60,render
FNF:3
FNH:3
FNDA:3,ZetaStepper
FNDA:1,ZetaStepper.renderSteps
FNDA:1,render
DA:1,4
DA:2,4
DA:3,4
DA:4,4
DA:5,4
DA:6,4
DA:7,4
DA:8,4
DA:9,4
DA:10,4
DA:11,4
DA:12,4
DA:13,4
DA:14,4
DA:15,4
DA:16,4
DA:17,4
DA:18,4
DA:19,4
DA:20,3
DA:21,3
DA:22,3
DA:23,3
DA:24,3
DA:25,3
DA:26,3
DA:27,3
DA:28,3
DA:29,3
DA:30,1
DA:31,1
DA:32,3
DA:33,3
DA:34,3
DA:35,3
DA:36,3
DA:37,3
DA:38,3
DA:39,3
DA:40,3
DA:41,3
DA:42,3
DA:43,3
DA:44,3
DA:45,3
DA:46,3
DA:47,3
DA:48,3
DA:49,3
DA:50,3
DA:51,3
DA:52,3
DA:53,3
DA:54,3
DA:55,3
DA:56,3
DA:57,1
DA:58,1
DA:59,4
DA:60,4
DA:61,1
DA:62,1
DA:63,1
DA:64,1
DA:65,1
DA:66,1
DA:67,4
DA:68,4
DA:69,4
DA:70,4
DA:71,4
DA:72,4
DA:73,4
DA:74,4
DA:75,4
LF:75
LH:75
BRDA:68,0,0,0
BRDA:19,1,0,3
BRDA:29,2,0,1
BRDA:31,3,0,3
BRDA:39,4,0,0
BRDA:40,5,0,1
BRDA:51,6,0,0
BRDA:60,7,0,1
BRF:8
BRH:5
end_of_record
TN:
SF:src\components\stepper-input\stepper-input.ts
FN:21,ZetaStepperInput
FN:45,ZetaStepperInput.handleOnChange
FN:32,set value
FN:59,render
FNF:4
FNH:4
FNDA:9,ZetaStepperInput
FNDA:3,ZetaStepperInput.handleOnChange
FNDA:7,set value
FNDA:10,render
DA:1,4
DA:2,4
DA:3,4
DA:4,4
DA:5,4
DA:6,4
DA:7,4
DA:8,4
DA:9,4
DA:10,4
DA:11,4
DA:12,4
DA:13,4
DA:14,4
DA:15,4
DA:16,4
DA:17,4
DA:18,4
DA:19,4
DA:20,4
DA:21,4
DA:22,9
DA:23,9
DA:24,9
DA:25,9
DA:26,9
DA:27,9
DA:28,9
DA:29,9
DA:30,9
DA:31,9
DA:32,9
DA:33,7
DA:34,7
DA:35,1
DA:36,7
DA:37,2
DA:38,6
DA:39,2
DA:40,2
DA:41,2
DA:42,2
DA:43,7
DA:44,9
DA:45,9
DA:46,3
DA:47,1
DA:48,3
DA:49,1
DA:50,1
DA:51,1
DA:52,1
DA:53,3
DA:54,3
DA:55,3
DA:56,9
DA:57,9
DA:58,4
DA:59,4
DA:60,10
DA:61,10
DA:62,10
DA:63,10
DA:64,10
DA:65,10
DA:66,10
DA:67,10
DA:68,10
DA:69,10
DA:70,10
DA:71,10
DA:72,10
DA:73,10
DA:74,10
DA:75,10
DA:76,10
DA:77,10
DA:78,10
DA:79,10
DA:80,10
DA:81,10
DA:82,10
DA:83,10
DA:84,10
DA:85,10
DA:86,10
DA:87,10
DA:88,10
DA:89,10
DA:90,10
DA:91,10
DA:92,4
DA:93,4
DA:94,4
DA:95,4
DA:96,4
DA:97,4
DA:98,4
LF:98
LH:98
BRDA:22,0,0,0
BRDA:21,1,0,9
BRDA:45,2,0,3
BRDA:46,3,0,1
BRDA:46,4,0,1
BRDA:48,5,0,2
BRDA:48,6,0,1
BRDA:48,7,0,2
BRDA:32,8,0,7
BRDA:34,9,0,6
BRDA:34,10,0,1
BRDA:36,11,0,6
BRDA:36,12,0,2
BRDA:36,13,0,2
BRDA:38,14,0,4
BRDA:38,15,0,2
BRDA:38,16,0,4
BRDA:59,17,0,10
BRDA:73,18,0,3
BRDA:74,19,0,3
BRDA:76,20,0,3
BRF:21
BRH:20
end_of_record
TN:
SF:src\components\switch\switch.ts
FN:41,ZetaSwitch
FN:56,handleChange
FN:61,key
FN:71,render
FNF:4
FNH:3
FNDA:22,ZetaSwitch
FNDA:2,handleChange
FNDA:0,key
FNDA:41,render
DA:1,4
DA:2,4
DA:3,4
DA:4,4
DA:5,4
DA:6,4
DA:7,4
DA:8,4
DA:9,4
DA:10,4
DA:11,4
DA:12,4
DA:13,4
DA:14,4
DA:15,4
DA:16,4
DA:17,4
DA:18,4
DA:19,4
DA:20,4
DA:21,4
DA:22,4
DA:23,4
DA:24,4
DA:25,4
DA:26,4
DA:27,4
DA:28,4
DA:29,4
DA:30,4
DA:31,4
DA:32,4
DA:33,4
DA:34,4
DA:35,4
DA:36,4
DA:37,4
DA:38,4
DA:39,4
DA:40,4
DA:41,4
DA:42,22
DA:43,22
DA:44,22
DA:45,4
DA:46,4
DA:47,4
DA:48,4
DA:49,4
DA:50,4
DA:51,4
DA:52,4
DA:53,4
DA:54,4
DA:55,4
DA:56,4
DA:57,2
DA:58,2
DA:59,2
DA:60,4
DA:61,4
DA:62,0
DA:63,0
DA:64,0
DA:65,0
DA:66,0
DA:67,0
DA:68,4
DA:69,4
DA:70,4
DA:71,4
DA:72,41
DA:73,41
DA:74,41
DA:75,41
DA:76,41
DA:77,41
DA:78,41
DA:79,41
DA:80,41
DA:81,41
DA:82,38
DA:83,38
DA:84,41
DA:85,41
DA:86,38
DA:87,38
DA:88,38
DA:89,41
DA:90,41
DA:91,41
DA:92,41
DA:93,41
DA:94,41
DA:95,4
DA:96,4
DA:97,4
DA:98,4
DA:99,4
DA:100,4
DA:101,4
LF:101
LH:95
BRDA:69,0,0,0
BRDA:41,1,0,22
BRDA:56,2,0,2
BRDA:58,3,0,1
BRDA:58,4,0,1
BRDA:71,5,0,41
BRDA:78,6,0,8
BRDA:78,7,0,33
BRDA:81,8,0,38
BRDA:85,9,0,38
BRF:10
BRH:9
end_of_record
TN:
SF:src\components\system-banner\system-banner.ts
FN:19,ZetaSystemBanner
FN:39,render
FNF:2
FNH:0
FNDA:0,ZetaSystemBanner
FNDA:0,render
DA:1,3
DA:2,3
DA:3,3
DA:4,3
DA:5,3
DA:6,3
DA:7,3
DA:8,3
DA:9,3
DA:10,3
DA:11,3
DA:12,3
DA:13,3
DA:14,3
DA:15,3
DA:16,3
DA:17,3
DA:18,3
DA:19,3
DA:20,0
DA:21,0
DA:22,0
DA:23,0
DA:24,0
DA:25,3
DA:26,3
DA:27,3
DA:28,3
DA:29,3
DA:30,3
DA:31,3
DA:32,3
DA:33,3
DA:34,3
DA:35,3
DA:36,3
DA:37,3
DA:38,3
DA:39,3
DA:40,0
DA:41,0
DA:42,0
DA:43,0
DA:44,0
DA:45,0
DA:46,0
DA:47,0
DA:48,0
DA:49,0
DA:50,0
DA:51,0
DA:52,0
DA:53,0
DA:54,0
DA:55,0
DA:56,3
DA:57,3
DA:58,3
DA:59,3
DA:60,3
DA:61,3
DA:62,3
LF:62
LH:41
BRDA:37,0,0,0
BRF:1
BRH:0
end_of_record
TN:
SF:src\components\tab-bar\tab-bar.ts
FN:17,render
FNF:1
FNH:0
FNDA:0,render
DA:1,4
DA:2,4
DA:3,4
DA:4,4
DA:5,4
DA:6,4
DA:7,4
DA:8,4
DA:9,4
DA:10,4
DA:11,4
DA:12,4
DA:13,4
DA:14,4
DA:15,4
DA:16,4
DA:17,4
DA:18,0
DA:19,0
DA:20,4
DA:21,4
DA:22,4
DA:23,4
DA:24,4
DA:25,4
DA:26,4
DA:27,4
DA:28,4
LF:28
LH:26
BRF:0
BRH:0
end_of_record
TN:
SF:src\components\tab-bar\tab-item\tab-item.ts
FN:15,ZetaTabItem
FN:19,render
FNF:2
FNH:0
FNDA:0,ZetaTabItem
FNDA:0,render
DA:1,4
DA:2,4
DA:3,4
DA:4,4
DA:5,4
DA:6,4
DA:7,4
DA:8,4
DA:9,4
DA:10,4
DA:11,4
DA:12,4
DA:13,4
DA:14,4
DA:15,4
DA:16,0
DA:17,0
DA:18,4
DA:19,4
DA:20,0
DA:21,0
DA:22,0
DA:23,4
DA:24,4
DA:25,4
DA:26,4
DA:27,4
DA:28,4
DA:29,4
DA:30,4
DA:31,4
LF:31
LH:26
BRDA:24,0,0,0
BRF:1
BRH:0
end_of_record
TN:
SF:src\components\text-input\text-input.ts
FN:22,ZetaTextInput
FN:68,focus
FN:72,blur
FN:76,handleChange
FN:80,render
FN:88,renderInput
FN:105,renderLeftIcon
FN:111,renderRightIcon
FN:132,renderPrefix
FN:136,renderSuffix
FNF:10
FNH:10
FNDA:21,ZetaTextInput
FNDA:3,focus
FNDA:1,blur
FNDA:2,handleChange
FNDA:22,render
FNDA:22,renderInput
FNDA:22,renderLeftIcon
FNDA:22,renderRightIcon
FNDA:22,renderPrefix
FNDA:22,renderSuffix
DA:1,7
DA:2,7
DA:3,7
DA:4,7
DA:5,7
DA:6,7
DA:7,7
DA:8,7
DA:9,7
DA:10,7
DA:11,7
DA:12,7
DA:13,7
DA:14,7
DA:15,7
DA:16,7
DA:17,7
DA:18,7
DA:19,7
DA:20,7
DA:21,7
DA:22,7
DA:23,21
DA:24,21
DA:25,21
DA:26,21
DA:27,7
DA:28,7
DA:29,7
DA:30,7
DA:31,7
DA:32,7
DA:33,7
DA:34,7
DA:35,7
DA:36,7
DA:37,7
DA:38,7
DA:39,7
DA:40,7
DA:41,7
DA:42,7
DA:43,7
DA:44,7
DA:45,7
DA:46,7
DA:47,7
DA:48,7
DA:49,7
DA:50,7
DA:51,7
DA:52,7
DA:53,7
DA:54,7
DA:55,7
DA:56,7
DA:57,7
DA:58,7
DA:59,7
DA:60,7
DA:61,7
DA:62,7
DA:63,7
DA:64,7
DA:65,7
DA:66,7
DA:67,7
DA:68,7
DA:69,3
DA:70,3
DA:71,7
DA:72,7
DA:73,1
DA:74,1
DA:75,7
DA:76,7
DA:77,2
DA:78,2
DA:79,7
DA:80,7
DA:81,22
DA:82,1
DA:83,22
DA:84,21
DA:85,21
DA:86,22
DA:87,7
DA:88,7
DA:89,22
DA:90,22
DA:91,22
DA:92,22
DA:93,22
DA:94,22
DA:95,22
DA:96,22
DA:97,5
DA:98,5
DA:99,5
DA:100,17
DA:101,22
DA:102,22
DA:103,22
DA:104,7
DA:105,7
DA:106,22
DA:107,2
DA:108,20
DA:109,22
DA:110,7
DA:111,7
DA:112,22
DA:113,1
DA:114,21
DA:115,3
DA:116,3
DA:117,1
DA:118,1
DA:119,3
DA:120,3
DA:121,3
DA:122,3
DA:123,3
DA:124,18
DA:125,18
DA:126,2
DA:127,2
DA:128,16
DA:129,16
DA:130,22
DA:131,7
DA:132,7
DA:133,22
DA:134,22
DA:135,7
DA:136,7
DA:137,22
DA:138,22
DA:139,7
DA:140,7
DA:141,7
DA:142,7
DA:143,7
DA:144,7
DA:145,7
DA:146,7
DA:147,7
LF:147
LH:147
BRDA:20,0,0,0
BRDA:22,1,0,21
BRDA:68,2,0,3
BRDA:72,3,0,1
BRDA:76,4,0,2
BRDA:80,5,0,22
BRDA:81,6,0,1
BRDA:83,7,0,21
BRDA:88,8,0,22
BRDA:96,9,0,18
BRDA:96,10,0,5
BRDA:98,11,0,4
BRDA:98,12,0,1
BRDA:99,13,0,4
BRDA:99,14,0,1
BRDA:99,15,0,17
BRDA:105,16,0,22
BRDA:106,17,0,2
BRDA:106,18,0,2
BRDA:106,19,0,2
BRDA:107,20,0,20
BRDA:111,21,0,22
BRDA:112,22,0,1
BRDA:112,23,0,1
BRDA:112,24,0,1
BRDA:113,25,0,21
BRDA:114,26,0,19
BRDA:114,27,0,3
BRDA:123,28,0,1
BRDA:123,29,0,2
BRDA:123,30,0,18
BRDA:125,31,0,17
BRDA:125,32,0,2
BRDA:127,33,0,1
BRDA:127,34,0,1
BRDA:127,35,0,16
BRDA:116,36,0,1
BRDA:118,37,0,0
BRDA:132,38,0,22
BRDA:133,39,0,1
BRDA:133,40,0,1
BRDA:133,41,0,1
BRDA:133,42,0,21
BRDA:136,43,0,22
BRDA:137,44,0,1
BRDA:137,45,0,1
BRDA:137,46,0,1
BRDA:137,47,0,21
BRF:48
BRH:46
end_of_record
TN:
SF:src\components\tooltip\tooltip.ts
FN:13,ZetaTooltip
FN:22,render
FNF:2
FNH:0
FNDA:0,ZetaTooltip
FNDA:0,render
DA:1,3
DA:2,3
DA:3,3
DA:4,3
DA:5,3
DA:6,3
DA:7,3
DA:8,3
DA:9,3
DA:10,3
DA:11,3
DA:12,3
DA:13,3
DA:14,0
DA:15,0
DA:16,3
DA:17,3
DA:18,3
DA:19,3
DA:20,3
DA:21,3
DA:22,3
DA:23,0
DA:24,0
DA:25,0
DA:26,0
DA:27,0
DA:28,0
DA:29,0
DA:30,0
DA:31,0
DA:32,3
DA:33,3
DA:34,3
DA:35,3
DA:36,3
DA:37,3
DA:38,3
LF:38
LH:27
BRDA:20,0,0,0
BRF:1
BRH:0
end_of_record
TN:
SF:src\components\top-appbar\top-appbar.ts
FN:16,ZetaTopAppbar
FN:23,getTitle
FN:29,render
FNF:3
FNH:3
FNDA:6,ZetaTopAppbar
FNDA:6,getTitle
FNDA:6,render
DA:1,4
DA:2,4
DA:3,4
DA:4,4
DA:5,4
DA:6,4
DA:7,4
DA:8,4
DA:9,4
DA:10,4
DA:11,4
DA:12,4
DA:13,4
DA:14,4
DA:15,4
DA:16,4
DA:17,6
DA:18,6
DA:19,6
DA:20,6
DA:21,6
DA:22,4
DA:23,4
DA:24,6
DA:25,6
DA:26,6
DA:27,6
DA:28,4
DA:29,4
DA:30,6
DA:31,6
DA:32,6
DA:33,6
DA:34,6
DA:35,6
DA:36,6
DA:37,6
DA:38,6
DA:39,6
DA:40,6
DA:41,4
DA:42,4
DA:43,4
DA:44,4
DA:45,4
DA:46,4
DA:47,4
DA:48,4
DA:49,4
LF:49
LH:49
BRDA:16,0,0,6
BRDA:23,1,0,6
BRDA:29,2,0,6
BRDA:34,3,0,5
BRDA:34,4,0,1
BRDA:37,5,0,1
BRDA:37,6,0,5
BRF:7
BRH:7
end_of_record
TN:
SF:src\components\upload-item\upload-item.ts
FN:22,ZetaUploadItem
FN:29,getTrailingContent
FN:40,onCancelClicked
FN:44,render
FNF:4
FNH:4
FNDA:5,ZetaUploadItem
FNDA:5,getTrailingContent
FNDA:1,onCancelClicked
FNDA:5,render
DA:1,4
DA:2,4
DA:3,4
DA:4,4
DA:5,4
DA:6,4
DA:7,4
DA:8,4
DA:9,4
DA:10,4
DA:11,4
DA:12,4
DA:13,4
DA:14,4
DA:15,4
DA:16,4
DA:17,4
DA:18,4
DA:19,4
DA:20,4
DA:21,4
DA:22,4
DA:23,5
DA:24,5
DA:25,5
DA:26,5
DA:27,5
DA:28,4
DA:29,4
DA:30,5
DA:31,5
DA:32,2
DA:33,5
DA:34,1
DA:35,5
DA:36,2
DA:37,5
DA:38,5
DA:39,4
DA:40,4
DA:41,1
DA:42,1
DA:43,4
DA:44,4
DA:45,5
DA:46,5
DA:47,5
DA:48,5
DA:49,5
DA:50,5
DA:51,5
DA:52,5
DA:53,5
DA:54,5
DA:55,5
DA:56,5
DA:57,5
DA:58,5
DA:59,4
DA:60,4
DA:61,4
DA:62,4
DA:63,4
DA:64,4
DA:65,4
DA:66,4
DA:67,4
LF:67
LH:67
BRDA:60,0,0,0
BRDA:22,1,0,5
BRDA:29,2,0,5
BRDA:31,3,0,2
BRDA:33,4,0,1
BRDA:35,5,0,2
BRDA:40,6,0,1
BRDA:44,7,0,5
BRDA:54,8,0,1
BRF:9
BRH:8
end_of_record
TN:
SF:src\mixins\contour.ts
FN:18,Contourable
FN:29,<static_initializer>
FNF:2
FNH:2
FNDA:237,Contourable
FNDA:237,<static_initializer>
DA:1,43
DA:2,43
DA:3,43
DA:4,43
DA:5,43
DA:6,43
DA:7,43
DA:8,43
DA:9,43
DA:10,43
DA:11,43
DA:12,43
DA:13,43
DA:14,43
DA:15,43
DA:16,43
DA:17,43
DA:18,43
DA:19,237
DA:20,237
DA:21,237
DA:22,237
DA:23,237
DA:24,237
DA:25,237
DA:26,237
DA:27,237
DA:28,237
DA:29,237
DA:30,237
DA:31,237
DA:32,237
DA:33,237
DA:34,237
DA:35,237
DA:36,237
DA:37,237
DA:38,237
DA:39,237
DA:40,237
DA:41,237
DA:42,237
DA:43,237
DA:44,237
DA:45,237
DA:46,237
DA:47,237
DA:48,237
DA:49,237
LF:49
LH:49
BRDA:18,0,0,237
BRDA:29,1,0,237
BRDA:30,2,0,163
BRF:3
BRH:3
end_of_record
TN:
SF:src\mixins\flavor.ts
FN:21,Flavored
FN:22,FlavoredClass
FN:36,<static_initializer>
FNF:3
FNH:3
FNDA:26,Flavored
FNDA:131,FlavoredClass
FNDA:26,<static_initializer>
DA:1,42
DA:2,42
DA:3,42
DA:4,42
DA:5,42
DA:6,42
DA:7,42
DA:8,42
DA:9,42
DA:10,42
DA:11,42
DA:12,42
DA:13,42
DA:14,42
DA:15,42
DA:16,42
DA:17,42
DA:18,42
DA:19,42
DA:20,42
DA:21,42
DA:22,26
DA:23,131
DA:24,131
DA:25,131
DA:26,131
DA:27,131
DA:28,131
DA:29,131
DA:30,131
DA:31,131
DA:32,131
DA:33,131
DA:34,131
DA:35,26
DA:36,26
DA:37,26
DA:38,26
DA:39,26
DA:40,26
LF:40
LH:40
BRDA:21,0,0,26
BRDA:22,1,0,145
BRDA:36,2,0,26
BRDA:36,3,0,26
BRF:4
BRH:4
end_of_record
TN:
SF:src\mixins\form-field.ts
FN:44,FormField
FN:52,FormFieldClass
FN:77,get isCheckable
FN:111,get checked
FN:114,set checked
FN:138,checkValidity
FN:142,reportValidity
FN:146,get validity
FN:150,get validationMessage
FN:154,getValue
FN:165,connectedCallback
FN:179,firstUpdated
FN:186,disconnectedCallback
FN:191,formResetCallback
FN:195,setToInitialValues
FN:201,handleInput
FN:206,_setValue
FN:218,_handleChange
FN:230,handleChange
FN:249,render
FNF:20
FNH:14
FNDA:35,FormField
FNDA:113,FormFieldClass
FNDA:663,get isCheckable
FNDA:684,get checked
FNDA:61,set checked
FNDA:0,checkValidity
FNDA:0,reportValidity
FNDA:0,get validity
FNDA:0,get validationMessage
FNDA:244,getValue
FNDA:115,connectedCallback
FNDA:69,firstUpdated
FNDA:106,disconnectedCallback
FNDA:0,formResetCallback
FNDA:69,setToInitialValues
FNDA:60,handleInput
FNDA:129,_setValue
FNDA:12,_handleChange
FNDA:0,handleChange
FNDA:216,render
DA:1,12
DA:2,12
DA:3,12
DA:4,12
DA:5,12
DA:6,12
DA:7,12
DA:8,12
DA:9,12
DA:10,12
DA:11,12
DA:12,12
DA:13,12
DA:14,12
DA:15,12
DA:16,12
DA:17,12
DA:18,12
DA:19,12
DA:20,12
DA:21,12
DA:22,12
DA:23,12
DA:24,12
DA:25,12
DA:26,12
DA:27,12
DA:28,12
DA:29,12
DA:30,12
DA:31,12
DA:32,12
DA:33,12
DA:34,12
DA:35,12
DA:36,12
DA:37,12
DA:38,12
DA:39,12
DA:40,12
DA:41,12
DA:42,12
DA:43,12
DA:44,12
DA:45,35
DA:46,35
DA:47,35
DA:48,35
DA:49,35
DA:50,35
DA:51,35
DA:52,35
DA:53,113
DA:54,113
DA:55,113
DA:56,113
DA:57,35
DA:58,35
DA:59,35
DA:60,35
DA:61,35
DA:62,35
DA:63,35
DA:64,35
DA:65,35
DA:66,35
DA:67,35
DA:68,35
DA:69,35
DA:70,35
DA:71,35
DA:72,35
DA:73,35
DA:74,35
DA:75,35
DA:76,35
DA:77,35
DA:78,663
DA:79,663
DA:80,35
DA:81,35
DA:82,35
DA:83,35
DA:84,35
DA:85,35
DA:86,35
DA:87,35
DA:88,35
DA:89,35
DA:90,35
DA:91,35
DA:92,35
DA:93,35
DA:94,35
DA:95,35
DA:96,35
DA:97,35
DA:98,35
DA:99,35
DA:100,35
DA:101,35
DA:102,35
DA:103,35
DA:104,35
DA:105,35
DA:106,35
DA:107,35
DA:108,35
DA:109,35
DA:110,35
DA:111,35
DA:112,684
DA:113,684
DA:114,35
DA:115,61
DA:116,61
DA:117,61
DA:118,35
DA:119,35
DA:120,35
DA:121,35
DA:122,35
DA:123,35
DA:124,35
DA:125,35
DA:126,35
DA:127,35
DA:128,35
DA:129,35
DA:130,35
DA:131,35
DA:132,35
DA:133,35
DA:134,35
DA:135,35
DA:136,35
DA:137,35
DA:138,35
DA:139,0
DA:140,0
DA:141,35
DA:142,35
DA:143,0
DA:144,0
DA:145,35
DA:146,35
DA:147,0
DA:148,0
DA:149,35
DA:150,35
DA:151,0
DA:152,0
DA:153,35
DA:154,35
DA:155,244
DA:156,102
DA:157,19
DA:158,102
DA:159,83
DA:160,83
DA:161,102
DA:162,142
DA:163,244
DA:164,35
DA:165,35
DA:166,115
DA:167,115
DA:168,6
DA:169,6
DA:170,115
DA:171,115
DA:172,115
DA:173,115
DA:174,115
DA:175,45
DA:176,45
DA:177,115
DA:178,35
DA:179,35
DA:180,69
DA:181,69
DA:182,69
DA:183,69
DA:184,69
DA:185,35
DA:186,35
DA:187,106
DA:188,106
DA:189,106
DA:190,35
DA:191,35
DA:192,0
DA:193,0
DA:194,35
DA:195,35
DA:196,69
DA:197,69
DA:198,35
DA:199,35
DA:200,35
DA:201,35
DA:202,60
DA:203,60
DA:204,60
DA:205,35
DA:206,35
DA:207,129
DA:208,129
DA:209,129
DA:210,57
DA:211,57
DA:212,129
DA:213,72
DA:214,72
DA:215,72
DA:216,129
DA:217,35
DA:218,35
DA:219,12
DA:220,12
DA:221,12
DA:222,35
DA:223,35
DA:224,35
DA:225,35
DA:226,35
DA:227,35
DA:228,35
DA:229,35
DA:230,35
DA:231,35
DA:232,35
DA:233,35
DA:234,35
DA:235,35
DA:236,35
DA:237,35
DA:238,35
DA:239,35
DA:240,35
DA:241,35
DA:242,35
DA:243,35
DA:244,35
DA:245,35
DA:246,35
DA:247,35
DA:248,35
DA:249,35
DA:250,216
DA:251,216
DA:252,216
DA:253,216
DA:254,216
DA:255,87
DA:256,87
DA:257,87
DA:258,87
DA:259,87
DA:260,87
DA:261,87
DA:262,87
DA:263,87
DA:264,87
DA:265,87
DA:266,87
DA:267,87
DA:268,87
DA:269,87
DA:270,216
DA:271,216
DA:272,1
DA:273,1
DA:274,1
DA:275,1
DA:276,1
DA:277,1
DA:278,1
DA:279,1
DA:280,1
DA:281,1
DA:282,1
DA:283,1
DA:284,1
DA:285,1
DA:286,1
DA:287,216
DA:288,216
DA:289,216
DA:290,216
DA:291,26
DA:292,26
DA:293,26
DA:294,26
DA:295,26
DA:296,26
DA:297,26
DA:298,26
DA:299,26
DA:300,26
DA:301,26
DA:302,26
DA:303,26
DA:304,26
DA:305,26
DA:306,26
DA:307,216
DA:308,216
DA:309,31
DA:310,31
DA:311,31
DA:312,31
DA:313,31
DA:314,31
DA:315,31
DA:316,31
DA:317,31
DA:318,31
DA:319,31
DA:320,31
DA:321,31
DA:322,216
DA:323,216
DA:324,216
DA:325,33
DA:326,33
DA:327,33
DA:328,33
DA:329,33
DA:330,33
DA:331,33
DA:332,33
DA:333,33
DA:334,33
DA:335,33
DA:336,33
DA:337,33
DA:338,33
DA:339,216
DA:340,216
DA:341,38
DA:342,38
DA:343,38
DA:344,38
DA:345,38
DA:346,38
DA:347,38
DA:348,38
DA:349,38
DA:350,38
DA:351,38
DA:352,38
DA:353,38
DA:354,38
DA:355,38
DA:356,216
DA:357,216
DA:358,216
DA:359,216
DA:360,216
DA:361,216
DA:362,216
DA:363,216
DA:364,216
DA:365,216
DA:366,216
DA:367,216
DA:368,216
DA:369,216
DA:370,216
DA:371,216
DA:372,216
DA:373,216
DA:374,216
DA:375,216
DA:376,216
DA:377,35
DA:378,35
DA:379,35
LF:379
LH:369
BRDA:44,0,0,35
BRDA:52,1,0,136
BRDA:77,2,0,686
BRDA:78,3,0,476
BRDA:111,4,0,707
BRDA:114,5,0,91
BRDA:116,6,0,46
BRDA:116,7,0,46
BRDA:116,8,0,75
BRDA:154,9,0,267
BRDA:156,10,0,42
BRDA:157,11,0,32
BRDA:158,12,0,106
BRDA:161,13,0,165
BRDA:165,14,0,138
BRDA:167,15,0,29
BRDA:179,16,0,97
BRDA:186,17,0,129
BRDA:195,18,0,97
BRDA:201,19,0,83
BRDA:206,20,0,152
BRDA:212,21,0,95
BRDA:218,22,0,40
BRDA:249,23,0,239
BRDA:257,24,0,30
BRDA:257,25,0,103
BRDA:262,26,0,31
BRDA:263,27,0,23
BRDA:265,28,0,71
BRDA:265,29,0,62
BRDA:266,30,0,30
BRDA:266,31,0,103
BRDA:271,32,0,24
BRDA:288,33,0,44
BRDA:289,34,0,47
BRDA:290,35,0,49
BRDA:308,36,0,54
BRDA:324,37,0,56
BRDA:340,38,0,61
BRDA:116,39,0,46
BRDA:155,40,0,125
BRDA:174,41,0,68
BRDA:188,42,0,62
BRDA:209,43,0,80
BRDA:253,44,0,88
BRDA:254,45,0,110
BRDA:293,46,0,23
BRDA:296,47,0,23
BRDA:298,48,0,23
BRDA:299,49,0,23
BRDA:303,50,0,44
BRDA:327,51,0,23
BRDA:331,52,0,23
BRDA:333,53,0,23
BRDA:335,54,0,37
BRDA:183,55,0,67
BRDA:343,56,0,23
BRDA:346,57,0,26
BRDA:346,58,0,58
BRDA:348,59,0,23
BRDA:349,60,0,25
BRDA:353,61,0,56
BRDA:311,62,0,23
BRDA:315,63,0,23
BRDA:317,64,0,23
BRDA:319,65,0,37
BRDA:262,66,0,102
BRDA:273,67,0,23
BRDA:276,68,0,23
BRDA:278,69,0,23
BRDA:283,70,0,23
BRDA:349,71,0,59
BRF:72
BRH:72
end_of_record
TN:
SF:src\mixins\interactive.ts
FN:18,Interactive
FN:19,InteractiveClass
FN:49,InteractiveClass._handleFocus
FN:36,disconnectedCallback
FN:80,<static_initializer>
FNF:5
FNH:5
FNDA:79,Interactive
FNDA:267,InteractiveClass
FNDA:2,InteractiveClass._handleFocus
FNDA:260,disconnectedCallback
FNDA:79,<static_initializer>
DA:1,42
DA:2,42
DA:3,42
DA:4,42
DA:5,42
DA:6,42
DA:7,42
DA:8,42
DA:9,42
DA:10,42
DA:11,42
DA:12,42
DA:13,42
DA:14,42
DA:15,42
DA:16,42
DA:17,42
DA:18,42
DA:19,79
DA:20,267
DA:21,267
DA:22,267
DA:23,267
DA:24,267
DA:25,267
DA:26,267
DA:27,57
DA:28,57
DA:29,267
DA:30,210
DA:31,210
DA:32,210
DA:33,210
DA:34,267
DA:35,267
DA:36,267
DA:37,260
DA:38,260
DA:39,260
DA:40,54
DA:41,54
DA:42,260
DA:43,206
DA:44,206
DA:45,260
DA:46,260
DA:47,267
DA:48,267
DA:49,267
DA:50,2
DA:51,0
DA:52,0
DA:53,0
DA:54,0
DA:55,0
DA:56,0
DA:57,0
DA:58,0
DA:59,0
DA:60,2
DA:61,2
DA:62,267
DA:63,267
DA:64,267
DA:65,267
DA:66,267
DA:67,267
DA:68,267
DA:69,267
DA:70,267
DA:71,267
DA:72,267
DA:73,267
DA:74,267
DA:75,267
DA:76,267
DA:77,267
DA:78,267
DA:79,79
DA:80,79
DA:81,79
DA:82,79
DA:83,79
LF:83
LH:74
BRDA:18,0,0,79
BRDA:19,1,0,275
BRDA:26,2,0,65
BRDA:36,3,0,268
BRDA:39,4,0,62
BRDA:80,5,0,79
BRDA:29,6,0,218
BRDA:42,7,0,214
BRDA:80,8,0,79
BRDA:49,9,0,255
BRDA:50,10,0,253
BRF:11
BRH:11
end_of_record
TN:
SF:src\mixins\mixins.ts
FNF:0
FNH:0
DA:1,42
DA:2,42
DA:3,42
DA:4,42
DA:5,42
DA:6,42
DA:7,42
LF:7
LH:7
BRF:0
BRH:0
end_of_record
TN:
SF:src\mixins\navigate.ts
FN:17,Navigate
FN:24,<static_initializer>
FNF:2
FNH:2
FNDA:9,Navigate
FNDA:9,<static_initializer>
DA:1,42
DA:2,42
DA:3,42
DA:4,42
DA:5,42
DA:6,42
DA:7,42
DA:8,42
DA:9,42
DA:10,42
DA:11,42
DA:12,42
DA:13,42
DA:14,42
DA:15,42
DA:16,42
DA:17,42
DA:18,9
DA:19,9
DA:20,9
DA:21,9
DA:22,9
DA:23,9
DA:24,9
DA:25,9
DA:26,9
DA:27,9
DA:28,9
DA:29,9
DA:30,9
DA:31,9
DA:32,9
DA:33,9
DA:34,9
LF:34
LH:34
BRDA:17,0,0,9
BRDA:24,1,0,9
BRDA:25,2,0,4
BRF:3
BRH:3
end_of_record
TN:
SF:src\mixins\popup.ts
FN:26,Popup
FN:27,PopupClass
FN:35,get open
FN:39,showModal
FN:43,show
FN:48,_show
FN:59,hide
FN:65,cancel
FN:69,_onClose
FN:73,_onCancel
FN:77,onBarrierClicked
FN:86,firstUpdated
FN:96,disconnectedCallback
FN:103,<static_initializer>
FNF:14
FNH:10
FNDA:8,Popup
FNDA:6,PopupClass
FNDA:14,get open
FNDA:0,showModal
FNDA:3,show
FNDA:3,_show
FNDA:2,hide
FNDA:0,cancel
FNDA:2,_onClose
FNDA:0,_onCancel
FNDA:0,onBarrierClicked
FNDA:4,firstUpdated
FNDA:4,disconnectedCallback
FNDA:8,<static_initializer>
DA:1,42
DA:2,42
DA:3,42
DA:4,42
DA:5,42
DA:6,42
DA:7,42
DA:8,42
DA:9,42
DA:10,42
DA:11,42
DA:12,42
DA:13,42
DA:14,42
DA:15,42
DA:16,42
DA:17,42
DA:18,42
DA:19,42
DA:20,42
DA:21,42
DA:22,42
DA:23,42
DA:24,42
DA:25,42
DA:26,42
DA:27,8
DA:28,6
DA:29,6
DA:30,6
DA:31,6
DA:32,8
DA:33,8
DA:34,8
DA:35,8
DA:36,14
DA:37,14
DA:38,8
DA:39,8
DA:40,0
DA:41,0
DA:42,8
DA:43,8
DA:44,3
DA:45,3
DA:46,8
DA:47,8
DA:48,8
DA:49,3
DA:50,3
DA:51,0
DA:52,3
DA:53,3
DA:54,3
DA:55,3
DA:56,3
DA:57,3
DA:58,8
DA:59,8
DA:60,2
DA:61,2
DA:62,2
DA:63,2
DA:64,8
DA:65,8
DA:66,0
DA:67,0
DA:68,8
DA:69,8
DA:70,2
DA:71,2
DA:72,8
DA:73,8
DA:74,0
DA:75,0
DA:76,8
DA:77,8
DA:78,0
DA:79,0
DA:80,0
DA:81,0
DA:82,0
DA:83,0
DA:84,8
DA:85,8
DA:86,8
DA:87,4
DA:88,4
DA:89,4
DA:90,4
DA:91,4
DA:92,4
DA:93,4
DA:94,4
DA:95,8
DA:96,8
DA:97,4
DA:98,4
DA:99,4
DA:100,4
DA:101,4
DA:102,8
DA:103,8
DA:104,8
DA:105,8
DA:106,8
DA:107,8
DA:108,8
DA:109,8
DA:110,8
DA:111,8
DA:112,8
DA:113,8
LF:113
LH:100
BRDA:26,0,0,8
BRDA:27,1,0,12
BRDA:35,2,0,20
BRDA:36,3,0,8
BRDA:36,4,0,18
BRDA:43,5,0,10
BRDA:48,6,0,10
BRDA:50,7,0,7
BRDA:59,8,0,9
BRDA:69,9,0,9
BRDA:86,10,0,10
BRDA:96,11,0,10
BRDA:103,12,0,8
BRF:13
BRH:13
end_of_record
TN:
SF:src\mixins\size.ts
FN:18,Size
FN:19,InteractiveClass
FN:23,<static_initializer>
FNF:3
FNH:3
FNDA:41,Size
FNDA:183,InteractiveClass
FNDA:41,<static_initializer>
DA:1,42
DA:2,42
DA:3,42
DA:4,42
DA:5,42
DA:6,42
DA:7,42
DA:8,42
DA:9,42
DA:10,42
DA:11,42
DA:12,42
DA:13,42
DA:14,42
DA:15,42
DA:16,42
DA:17,42
DA:18,42
DA:19,41
DA:20,183
DA:21,183
DA:22,41
DA:23,41
DA:24,41
DA:25,41
DA:26,41
LF:26
LH:26
BRDA:18,0,0,41
BRDA:19,1,0,207
BRDA:23,2,0,41
BRDA:23,3,0,41
BRF:4
BRH:4
end_of_record
TN:
SF:src\test\utils.ts
FN:9,toRGB
FN:21,getCssVarValue
FN:31,getCssVarColorValue
FN:40,getSlotTextNode
FN:51,getSlot
FN:61,getSlottedIconName
FN:72,getSlotText
FN:86,getIconColor
FN:95,getMiddleOfElement
FN:113,<static_initializer>
FN:113,hover
FN:125,down
FN:135,up
FN:139,click
FNF:14
FNH:14
FNDA:82,toRGB
FNDA:90,getCssVarValue
FNDA:79,getCssVarColorValue
FNDA:29,getSlotTextNode
FNDA:2,getSlot
FNDA:2,getSlottedIconName
FNDA:13,getSlotText
FNDA:16,getIconColor
FNDA:8,getMiddleOfElement
FNDA:15,<static_initializer>
FNDA:8,hover
FNDA:2,down
FNDA:2,up
FNDA:2,click
DA:1,15
DA:2,15
DA:3,15
DA:4,15
DA:5,15
DA:6,15
DA:7,15
DA:8,15
DA:9,15
DA:10,82
DA:11,82
DA:12,82
DA:13,82
DA:14,15
DA:15,15
DA:16,15
DA:17,15
DA:18,15
DA:19,15
DA:20,15
DA:21,15
DA:22,90
DA:23,90
DA:24,15
DA:25,15
DA:26,15
DA:27,15
DA:28,15
DA:29,15
DA:30,15
DA:31,15
DA:32,79
DA:33,79
DA:34,15
DA:35,15
DA:36,15
DA:37,15
DA:38,15
DA:39,15
DA:40,15
DA:41,29
DA:42,29
DA:43,29
DA:44,29
DA:45,1
DA:46,29
DA:47,28
DA:48,28
DA:49,29
DA:50,15
DA:51,15
DA:52,2
DA:53,2
DA:54,15
DA:55,15
DA:56,15
DA:57,15
DA:58,15
DA:59,15
DA:60,15
DA:61,15
DA:62,2
DA:63,2
DA:64,2
DA:65,2
DA:66,15
DA:67,15
DA:68,15
DA:69,15
DA:70,15
DA:71,15
DA:72,15
DA:73,13
DA:74,13
DA:75,13
DA:76,13
DA:77,13
DA:78,13
DA:79,13
DA:80,15
DA:81,15
DA:82,15
DA:83,15
DA:84,15
DA:85,15
DA:86,15
DA:87,16
DA:88,16
DA:89,15
DA:90,15
DA:91,15
DA:92,15
DA:93,15
DA:94,15
DA:95,15
DA:96,8
DA:97,8
DA:98,8
DA:99,8
DA:100,8
DA:101,8
DA:102,8
DA:103,15
DA:104,15
DA:105,15
DA:106,15
DA:107,15
DA:108,15
DA:109,15
DA:110,15
DA:111,15
DA:112,15
DA:113,15
DA:114,8
DA:115,8
DA:116,8
DA:117,8
DA:118,15
DA:119,15
DA:120,15
DA:121,15
DA:122,15
DA:123,15
DA:124,15
DA:125,15
DA:126,2
DA:127,2
DA:128,2
DA:129,15
DA:130,15
DA:131,15
DA:132,15
DA:133,15
DA:134,15
DA:135,15
DA:136,2
DA:137,2
DA:138,15
DA:139,15
DA:140,2
DA:141,2
DA:142,2
DA:143,15
DA:144,15
DA:145,15
DA:146,15
DA:147,15
DA:148,15
LF:148
LH:148
BRDA:113,0,0,15
BRDA:9,1,0,82
BRDA:21,2,0,90
BRDA:31,3,0,79
BRDA:40,4,0,29
BRDA:46,5,0,28
BRDA:41,6,0,34
BRDA:43,7,0,44
BRDA:72,8,0,13
BRDA:76,9,0,20
BRDA:77,10,0,20
BRDA:44,11,0,1
BRDA:43,12,0,44
BRDA:51,13,0,2
BRDA:61,14,0,2
BRDA:63,15,0,2
BRDA:86,16,0,16
BRDA:95,17,0,8
BRDA:113,18,0,21
BRDA:125,19,0,16
BRDA:135,20,0,16
BRDA:139,21,0,16
BRF:22
BRH:22
end_of_record
TN:
SF:src\test\text-input\setup.ts
FN:23,setup
FNF:1
FNH:1
FNDA:20,setup
DA:1,1
DA:2,1
DA:3,1
DA:4,1
DA:5,1
DA:6,1
DA:7,1
DA:8,1
DA:9,1
DA:10,1
DA:11,1
DA:12,1
DA:13,1
DA:14,1
DA:15,1
DA:16,1
DA:17,1
DA:18,1
DA:19,1
DA:20,1
DA:21,1
DA:22,1
DA:23,20
DA:24,20
DA:25,20
DA:26,20
DA:27,20
DA:28,20
DA:29,20
DA:30,20
DA:31,20
DA:32,20
DA:33,20
DA:34,20
DA:35,20
DA:36,20
DA:37,20
DA:38,20
DA:39,20
DA:40,20
DA:41,20
DA:42,20
DA:43,20
DA:44,20
DA:45,20
DA:46,20
DA:47,20
DA:48,20
DA:49,20
DA:50,20
DA:51,20
DA:52,20
DA:53,20
DA:54,20
DA:55,20
LF:55
LH:55
BRDA:23,0,0,20
BRDA:48,1,0,16
BRF:2
BRH:2
end_of_record
