TN:
SF:src/events.ts
FN:8,ZetaEvent
FN:21,toEvent
FN:38,ZetaSliderEvent
FN:53,ZetaRangeSliderEvent
FN:66,ZetaPageEvent
FN:75,ZetaCloseEvent
FN:84,ZetaPopupEvent
FN:94,ZetaCancelUploadEvent
FN:102,ZetaDropdownEvent
FN:112,ZetaChangeEvent
FN:123,ZetaInputEvent
FN:134,ZetaOptionClickEvent
FN:145,ZetaStepperChangeEvent
FNF:13
FNH:10
FNDA:43,ZetaEvent
FNDA:41,toEvent
FNDA:2,ZetaSliderEvent
FNDA:4,ZetaRangeSliderEvent
FNDA:2,ZetaPageEvent
FNDA:0,ZetaCloseEvent
FNDA:5,ZetaPopupEvent
FNDA:4,ZetaCancelUploadEvent
FNDA:15,ZetaDropdownEvent
FNDA:0,ZetaChangeEvent
FNDA:0,ZetaInputEvent
FNDA:7,ZetaOptionClickEvent
FNDA:4,ZetaStepperChangeEvent
DA:1,52
DA:2,52
DA:3,52
DA:4,52
DA:5,52
DA:6,52
DA:7,52
DA:8,52
DA:9,43
DA:10,43
DA:11,43
DA:12,43
DA:13,43
DA:14,43
DA:15,43
DA:16,43
DA:17,43
DA:18,43
DA:19,43
DA:20,43
DA:21,52
DA:22,41
DA:23,41
DA:24,41
DA:25,41
DA:26,41
DA:27,41
DA:28,41
DA:29,52
DA:30,52
DA:31,52
DA:32,52
DA:33,52
DA:34,52
DA:35,52
DA:36,52
DA:37,52
DA:38,52
DA:39,2
DA:40,2
DA:41,52
DA:42,52
DA:43,52
DA:44,52
DA:45,52
DA:46,52
DA:47,52
DA:48,52
DA:49,52
DA:50,52
DA:51,52
DA:52,52
DA:53,52
DA:54,4
DA:55,4
DA:56,52
DA:57,52
DA:58,52
DA:59,52
DA:60,52
DA:61,52
DA:62,52
DA:63,52
DA:64,52
DA:65,52
DA:66,52
DA:67,2
DA:68,2
DA:69,52
DA:70,52
DA:71,52
DA:72,52
DA:73,52
DA:74,52
DA:75,52
DA:76,0
DA:77,0
DA:78,52
DA:79,52
DA:80,52
DA:81,52
DA:82,52
DA:83,52
DA:84,52
DA:85,5
DA:86,5
DA:87,5
DA:88,52
DA:89,52
DA:90,52
DA:91,52
DA:92,52
DA:93,52
DA:94,52
DA:95,4
DA:96,4
DA:97,52
DA:98,52
DA:99,52
DA:100,52
DA:101,52
DA:102,52
DA:103,15
DA:104,15
DA:105,15
DA:106,52
DA:107,52
DA:108,52
DA:109,52
DA:110,52
DA:111,52
DA:112,52
DA:113,0
DA:114,0
DA:115,52
DA:116,52
DA:117,52
DA:118,52
DA:119,52
DA:120,52
DA:121,52
DA:122,52
DA:123,52
DA:124,0
DA:125,0
DA:126,52
DA:127,52
DA:128,52
DA:129,52
DA:130,52
DA:131,52
DA:132,52
DA:133,52
DA:134,52
DA:135,7
DA:136,7
DA:137,52
DA:138,52
DA:139,52
DA:140,52
DA:141,52
DA:142,52
DA:143,52
DA:144,52
DA:145,52
DA:146,4
DA:147,4
DA:148,52
LF:148
LH:142
BRDA:8,0,0,43
BRDA:17,1,0,17
BRDA:17,2,0,17
BRDA:17,3,0,17
BRDA:18,4,0,17
BRDA:18,5,0,10
BRDA:18,6,0,10
BRDA:19,7,0,17
BRDA:19,8,0,0
BRDA:19,9,0,0
BRDA:21,10,0,41
BRDA:84,11,0,5
BRDA:102,12,0,15
BRDA:104,13,0,8
BRDA:104,14,0,7
BRDA:17,15,0,26
BRDA:18,16,0,33
BRDA:94,17,0,4
BRDA:66,18,0,2
BRDA:53,19,0,4
BRDA:134,20,0,7
BRDA:38,21,0,2
BRDA:145,22,0,4
BRF:23
BRH:21
end_of_record
TN:
SF:src/index.ts
FNF:0
FNH:0
DA:1,3
DA:2,3
DA:3,3
DA:4,3
DA:5,3
DA:6,3
DA:7,3
DA:8,3
DA:9,3
DA:10,3
DA:11,3
DA:12,3
DA:13,3
DA:14,3
DA:15,3
DA:16,3
DA:17,3
DA:18,3
DA:19,3
DA:20,3
DA:21,3
DA:22,3
DA:23,3
DA:24,3
DA:25,3
DA:26,3
DA:27,3
DA:28,3
DA:29,3
DA:30,3
DA:31,3
DA:32,3
DA:33,3
DA:34,3
DA:35,3
DA:36,3
DA:37,3
DA:38,3
DA:39,3
DA:40,3
DA:41,3
DA:42,3
DA:43,3
DA:44,3
DA:45,3
DA:46,3
DA:47,3
DA:48,3
DA:49,3
DA:50,3
DA:51,3
DA:52,3
DA:53,3
DA:54,3
DA:55,3
DA:56,3
DA:57,3
DA:58,3
DA:59,3
DA:60,3
DA:61,3
DA:62,3
DA:63,3
DA:64,3
DA:65,3
DA:66,3
DA:67,3
DA:68,3
DA:69,3
DA:70,3
DA:71,3
DA:72,3
DA:73,3
DA:74,3
DA:75,3
DA:76,3
DA:77,3
DA:78,3
DA:79,3
DA:80,3
DA:81,3
DA:82,3
DA:83,3
DA:84,3
DA:85,3
DA:86,3
DA:87,3
DA:88,3
DA:89,3
DA:90,3
DA:91,3
DA:92,3
DA:93,3
DA:94,3
DA:95,3
DA:96,3
DA:97,3
DA:98,3
DA:99,3
DA:100,3
DA:101,3
DA:102,3
DA:103,3
DA:104,3
DA:105,3
DA:106,3
DA:107,3
DA:108,3
DA:109,3
DA:110,3
DA:111,3
DA:112,3
DA:113,3
DA:114,3
DA:115,3
DA:116,3
DA:117,3
DA:118,3
DA:119,3
DA:120,3
DA:121,3
DA:122,3
DA:123,3
DA:124,3
DA:125,3
DA:126,3
DA:127,3
DA:128,3
DA:129,3
DA:130,3
DA:131,3
DA:132,3
DA:133,3
DA:134,3
DA:135,3
DA:136,3
DA:137,3
DA:138,3
DA:139,3
DA:140,3
DA:141,3
DA:142,3
DA:143,3
DA:144,3
DA:145,3
DA:146,3
DA:147,3
DA:148,3
DA:149,3
DA:150,3
DA:151,3
DA:152,3
DA:153,3
DA:154,3
DA:155,3
LF:155
LH:155
BRF:0
BRH:0
end_of_record
TN:
SF:src/components/base-toggle-form-element.ts
FN:16,<static_initializer>
FN:22,handleChange
FN:27,key
FN:35,render
FNF:4
FNH:3
FNDA:7,<static_initializer>
FNDA:9,handleChange
FNDA:0,key
FNDA:51,render
DA:1,7
DA:2,7
DA:3,7
DA:4,7
DA:5,7
DA:6,7
DA:7,7
DA:8,7
DA:9,7
DA:10,7
DA:11,7
DA:12,7
DA:13,7
DA:14,7
DA:15,7
DA:16,7
DA:17,7
DA:18,7
DA:19,7
DA:20,7
DA:21,7
DA:22,7
DA:23,9
DA:24,9
DA:25,9
DA:26,7
DA:27,7
DA:28,0
DA:29,0
DA:30,0
DA:31,0
DA:32,0
DA:33,0
DA:34,7
DA:35,7
DA:36,51
DA:37,21
DA:38,30
DA:39,30
DA:40,30
DA:41,30
DA:42,30
DA:43,30
DA:44,30
DA:45,30
DA:46,30
DA:47,16
DA:48,30
DA:49,30
DA:50,30
DA:51,30
DA:52,51
DA:53,51
DA:54,51
DA:55,7
DA:56,7
LF:56
LH:50
BRDA:16,0,0,7
BRDA:55,1,0,0
BRDA:22,2,0,12
BRDA:35,3,0,54
BRDA:36,4,0,24
BRDA:42,5,0,3
BRDA:47,6,0,3
BRDA:47,7,0,17
BRDA:46,8,0,19
BRDA:37,9,0,33
BRF:10
BRH:9
end_of_record
TN:
SF:src/components/accordion/accordion.ts
FN:16,ZetaAccordion
FN:41,ZetaAccordion.handleItemExpanded
FN:55,ZetaAccordion.handleItemSelected
FN:33,disconnectedCallback
FN:69,getAccordionItems
FN:76,render
FNF:6
FNH:6
FNDA:20,ZetaAccordion
FNDA:4,ZetaAccordion.handleItemExpanded
FNDA:4,ZetaAccordion.handleItemSelected
FNDA:20,disconnectedCallback
FNDA:4,getAccordionItems
FNDA:25,render
DA:1,4
DA:2,4
DA:3,4
DA:4,4
DA:5,4
DA:6,4
DA:7,4
DA:8,4
DA:9,4
DA:10,4
DA:11,4
DA:12,4
DA:13,4
DA:14,4
DA:15,4
DA:16,4
DA:17,20
DA:18,20
DA:19,20
DA:20,20
DA:21,20
DA:22,20
DA:23,20
DA:24,20
DA:25,20
DA:26,20
DA:27,20
DA:28,20
DA:29,20
DA:30,20
DA:31,20
DA:32,20
DA:33,20
DA:34,20
DA:35,20
DA:36,20
DA:37,20
DA:38,20
DA:39,20
DA:40,20
DA:41,20
DA:42,4
DA:43,4
DA:44,2
DA:45,2
DA:46,2
DA:47,2
DA:48,6
DA:49,1
DA:50,1
DA:51,2
DA:52,2
DA:53,4
DA:54,20
DA:55,20
DA:56,4
DA:57,4
DA:58,2
DA:59,2
DA:60,2
DA:61,2
DA:62,6
DA:63,1
DA:64,1
DA:65,2
DA:66,2
DA:67,4
DA:68,4
DA:69,4
DA:70,4
DA:71,4
DA:72,4
DA:73,4
DA:74,4
DA:75,4
DA:76,4
DA:77,25
DA:78,25
DA:79,25
DA:80,25
DA:81,4
DA:82,4
DA:83,4
DA:84,4
DA:85,4
DA:86,4
DA:87,4
DA:88,4
DA:89,4
LF:89
LH:89
BRDA:82,0,0,0
BRDA:16,1,0,20
BRDA:41,2,0,4
BRDA:43,3,0,2
BRDA:47,4,0,6
BRDA:48,5,0,4
BRDA:48,6,0,1
BRDA:55,7,0,4
BRDA:57,8,0,2
BRDA:61,9,0,6
BRDA:62,10,0,4
BRDA:62,11,0,1
BRDA:33,12,0,20
BRDA:69,13,0,4
BRDA:71,14,0,0
BRDA:73,15,0,12
BRDA:76,16,0,25
BRF:17
BRH:15
end_of_record
TN:
SF:src/components/accordion/accordion-item/accordion-item.ts
FN:24,ZetaAccordionItem
FN:42,firstUpdated
FN:46,updateHasDefaultSlot
FN:55,toggle
FN:65,toggleSelection
FN:75,render
FN:83,leftTap
FN:84,rightTap
FN:87,wholeTileTap
FN:92,wholeTileTap
FN:99,wholeTileTap
FNF:11
FNH:11
FNDA:91,ZetaAccordionItem
FNDA:91,firstUpdated
FNDA:183,updateHasDefaultSlot
FNDA:8,toggle
FNDA:6,toggleSelection
FNDA:211,render
FNDA:2,leftTap
FNDA:4,rightTap
FNDA:2,wholeTileTap
FNDA:1,wholeTileTap
FNDA:6,wholeTileTap
DA:1,4
DA:2,4
DA:3,4
DA:4,4
DA:5,4
DA:6,4
DA:7,4
DA:8,4
DA:9,4
DA:10,4
DA:11,4
DA:12,4
DA:13,4
DA:14,4
DA:15,4
DA:16,4
DA:17,4
DA:18,4
DA:19,4
DA:20,4
DA:21,4
DA:22,4
DA:23,4
DA:24,4
DA:25,91
DA:26,91
DA:27,91
DA:28,91
DA:29,91
DA:30,91
DA:31,91
DA:32,91
DA:33,91
DA:34,91
DA:35,91
DA:36,91
DA:37,91
DA:38,91
DA:39,91
DA:40,91
DA:41,4
DA:42,4
DA:43,91
DA:44,91
DA:45,91
DA:46,91
DA:47,183
DA:48,183
DA:49,183
DA:50,91
DA:51,91
DA:52,91
DA:53,91
DA:54,4
DA:55,4
DA:56,8
DA:57,8
DA:58,8
DA:59,8
DA:60,8
DA:61,6
DA:62,6
DA:63,8
DA:64,4
DA:65,4
DA:66,6
DA:67,6
DA:68,6
DA:69,6
DA:70,6
DA:71,5
DA:72,5
DA:73,6
DA:74,4
DA:75,4
DA:76,211
DA:77,211
DA:78,211
DA:79,211
DA:80,211
DA:81,14
DA:82,14
DA:83,14
DA:84,14
DA:85,211
DA:86,3
DA:87,3
DA:88,3
DA:89,3
DA:90,197
DA:91,2
DA:92,2
DA:93,1
DA:94,1
DA:95,2
DA:96,2
DA:97,194
DA:98,192
DA:99,192
DA:100,192
DA:101,192
DA:102,192
DA:103,211
DA:104,211
DA:105,211
DA:106,211
DA:107,211
DA:108,14
DA:109,211
DA:110,211
DA:111,211
DA:112,211
DA:113,211
DA:114,211
DA:115,211
DA:116,211
DA:117,211
DA:118,211
DA:119,211
DA:120,211
DA:121,211
DA:122,211
DA:123,211
DA:124,211
DA:125,211
DA:126,211
DA:127,211
DA:128,4
DA:129,4
DA:130,4
DA:131,4
DA:132,4
DA:133,4
DA:134,4
DA:135,4
DA:136,4
LF:136
LH:136
BRDA:129,0,0,0
BRDA:24,1,0,91
BRDA:42,2,0,91
BRDA:46,3,0,183
BRDA:55,4,0,8
BRDA:60,5,0,6
BRDA:65,6,0,6
BRDA:70,7,0,5
BRDA:75,8,0,211
BRDA:80,9,0,17
BRDA:80,10,0,14
BRDA:85,11,0,197
BRDA:85,12,0,3
BRDA:90,13,0,194
BRDA:90,14,0,2
BRDA:97,15,0,192
BRDA:107,16,0,17
BRDA:107,17,0,14
BRDA:108,18,0,197
BRDA:112,19,0,17
BRDA:112,20,0,6
BRDA:112,21,0,205
BRDA:113,22,0,2
BRDA:113,23,0,209
BRDA:114,24,0,117
BRDA:114,25,0,115
BRDA:114,26,0,101
BRDA:114,27,0,110
BRDA:83,28,0,2
BRDA:84,29,0,4
BRDA:87,30,0,2
BRDA:92,31,0,1
BRDA:99,32,0,6
BRDA:106,33,0,15
BRDA:106,34,0,15
BRDA:108,35,0,2
BRDA:110,36,0,4
BRF:37
BRH:36
end_of_record
TN:
SF:src/components/action-menu/action-menu-button.ts
FN:17,ZetaActionMenuButton
FN:26,onClick
FN:46,firstUpdated
FN:50,handleClick
FN:59,handleOutsideClick
FN:66,renderItems
FN:74,render
FNF:7
FNH:6
FNDA:6,ZetaActionMenuButton
FNDA:0,onClick
FNDA:6,firstUpdated
FNDA:5,handleClick
FNDA:51,handleOutsideClick
FNDA:16,renderItems
FNDA:16,render
DA:1,4
DA:2,4
DA:3,4
DA:4,4
DA:5,4
DA:6,4
DA:7,4
DA:8,4
DA:9,4
DA:10,4
DA:11,4
DA:12,4
DA:13,4
DA:14,4
DA:15,4
DA:16,4
DA:17,4
DA:18,6
DA:19,6
DA:20,6
DA:21,6
DA:22,6
DA:23,6
DA:24,6
DA:25,6
DA:26,6
DA:27,0
DA:28,0
DA:29,6
DA:30,6
DA:31,6
DA:32,6
DA:33,6
DA:34,6
DA:35,6
DA:36,6
DA:37,6
DA:38,6
DA:39,6
DA:40,6
DA:41,4
DA:42,4
DA:43,4
DA:44,4
DA:45,4
DA:46,4
DA:47,6
DA:48,6
DA:49,4
DA:50,4
DA:51,5
DA:52,5
DA:53,5
DA:54,5
DA:55,0
DA:56,0
DA:57,5
DA:58,4
DA:59,4
DA:60,51
DA:61,5
DA:62,5
DA:63,5
DA:64,51
DA:65,4
DA:66,4
DA:67,16
DA:68,16
DA:69,16
DA:70,16
DA:71,16
DA:72,16
DA:73,4
DA:74,4
DA:75,16
DA:76,16
DA:77,16
DA:78,16
DA:79,16
DA:80,5
DA:81,16
DA:82,16
DA:83,16
DA:84,16
DA:85,16
DA:86,16
DA:87,16
DA:88,16
DA:89,16
DA:90,16
DA:91,16
DA:92,4
DA:93,4
DA:94,4
DA:95,4
DA:96,4
DA:97,4
DA:98,4
LF:98
LH:94
BRDA:17,0,0,6
BRDA:46,1,0,6
BRDA:50,2,0,5
BRDA:54,3,0,0
BRDA:59,4,0,51
BRDA:60,5,0,10
BRDA:60,6,0,5
BRDA:66,7,0,16
BRDA:67,8,0,16
BRDA:74,9,0,16
BRDA:79,10,0,5
BRF:11
BRH:10
end_of_record
TN:
SF:src/components/avatar/avatar.ts
FN:25,ZetaAvatar
FN:42,render
FNF:2
FNH:2
FNDA:13,ZetaAvatar
FNDA:13,render
DA:1,5
DA:2,5
DA:3,5
DA:4,5
DA:5,5
DA:6,5
DA:7,5
DA:8,5
DA:9,5
DA:10,5
DA:11,5
DA:12,5
DA:13,5
DA:14,5
DA:15,5
DA:16,5
DA:17,5
DA:18,5
DA:19,5
DA:20,5
DA:21,5
DA:22,5
DA:23,5
DA:24,5
DA:25,5
DA:26,13
DA:27,13
DA:28,13
DA:29,13
DA:30,13
DA:31,13
DA:32,13
DA:33,13
DA:34,13
DA:35,13
DA:36,13
DA:37,13
DA:38,13
DA:39,13
DA:40,13
DA:41,5
DA:42,5
DA:43,13
DA:44,13
DA:45,13
DA:46,13
DA:47,13
DA:48,13
DA:49,13
DA:50,0
DA:51,13
DA:52,13
DA:53,13
DA:54,13
DA:55,13
DA:56,13
DA:57,13
DA:58,5
DA:59,5
DA:60,5
DA:61,5
DA:62,5
DA:63,5
DA:64,5
DA:65,5
DA:66,5
LF:66
LH:65
BRDA:25,0,0,13
BRDA:42,1,0,13
BRF:2
BRH:2
end_of_record
TN:
SF:src/components/avatar-rail/avatar-rail.ts
FN:14,ZetaAvatarRail
FN:26,render
FNF:2
FNH:0
FNDA:0,ZetaAvatarRail
FNDA:0,render
DA:1,3
DA:2,3
DA:3,3
DA:4,3
DA:5,3
DA:6,3
DA:7,3
DA:8,3
DA:9,3
DA:10,3
DA:11,3
DA:12,3
DA:13,3
DA:14,3
DA:15,0
DA:16,0
DA:17,0
DA:18,0
DA:19,0
DA:20,3
DA:21,3
DA:22,3
DA:23,3
DA:24,3
DA:25,3
DA:26,3
DA:27,0
DA:28,0
DA:29,3
DA:30,3
DA:31,3
DA:32,3
DA:33,3
DA:34,3
DA:35,3
DA:36,3
DA:37,3
LF:37
LH:30
BRF:0
BRH:0
end_of_record
TN:
SF:src/components/badges/indicators/indicators.ts
FN:21,ZetaIndicator
FN:44,getBody
FN:53,render
FN:74,ZetaIconIndicator
FN:83,ZetaNotificationIndicator
FNF:5
FNH:5
FNDA:38,ZetaIndicator
FNDA:53,getBody
FNDA:55,render
FNDA:1,ZetaIconIndicator
FNDA:19,ZetaNotificationIndicator
DA:1,9
DA:2,9
DA:3,9
DA:4,9
DA:5,9
DA:6,9
DA:7,9
DA:8,9
DA:9,9
DA:10,9
DA:11,9
DA:12,9
DA:13,9
DA:14,9
DA:15,9
DA:16,9
DA:17,9
DA:18,9
DA:19,9
DA:20,9
DA:21,9
DA:22,38
DA:23,38
DA:24,38
DA:25,38
DA:26,38
DA:27,38
DA:28,38
DA:29,38
DA:30,38
DA:31,9
DA:32,9
DA:33,9
DA:34,9
DA:35,9
DA:36,9
DA:37,9
DA:38,9
DA:39,9
DA:40,9
DA:41,9
DA:42,9
DA:43,9
DA:44,9
DA:45,53
DA:46,5
DA:47,53
DA:48,25
DA:49,25
DA:50,23
DA:51,53
DA:52,9
DA:53,9
DA:54,55
DA:55,55
DA:56,55
DA:57,55
DA:58,55
DA:59,25
DA:60,25
DA:61,2
DA:62,2
DA:63,25
DA:64,4
DA:65,4
DA:66,25
DA:67,55
DA:68,55
DA:69,9
DA:70,9
DA:71,9
DA:72,9
DA:73,9
DA:74,9
DA:75,1
DA:76,1
DA:77,1
DA:78,9
DA:79,9
DA:80,9
DA:81,9
DA:82,9
DA:83,9
DA:84,19
DA:85,19
DA:86,19
DA:87,9
DA:88,9
DA:89,9
DA:90,9
DA:91,9
DA:92,9
DA:93,9
DA:94,9
DA:95,9
LF:95
LH:95
BRDA:42,0,0,0
BRDA:21,1,0,38
BRDA:44,2,0,53
BRDA:47,3,0,52
BRDA:53,4,0,55
BRDA:58,5,0,49
BRDA:58,6,0,25
BRDA:58,7,0,25
BRDA:67,8,0,2
BRDA:74,9,0,1
BRDA:45,10,0,5
BRDA:45,11,0,5
BRDA:47,12,0,44
BRDA:83,13,0,19
BRDA:49,14,0,23
BRDA:60,15,0,2
BRDA:63,16,0,4
BRDA:47,17,0,48
BRDA:67,18,0,53
BRF:19
BRH:18
end_of_record
TN:
SF:src/components/badges/label/label.ts
FN:13,ZetaLabel
FN:26,render
FNF:2
FNH:2
FNDA:11,ZetaLabel
FNDA:17,render
DA:1,4
DA:2,4
DA:3,4
DA:4,4
DA:5,4
DA:6,4
DA:7,4
DA:8,4
DA:9,4
DA:10,4
DA:11,4
DA:12,4
DA:13,4
DA:14,11
DA:15,11
DA:16,11
DA:17,11
DA:18,4
DA:19,4
DA:20,4
DA:21,4
DA:22,4
DA:23,4
DA:24,4
DA:25,4
DA:26,4
DA:27,17
DA:28,17
DA:29,17
DA:30,17
DA:31,17
DA:32,17
DA:33,4
DA:34,4
DA:35,4
DA:36,4
DA:37,4
DA:38,4
DA:39,4
LF:39
LH:39
BRDA:24,0,0,0
BRDA:13,1,0,11
BRDA:26,2,0,17
BRDA:29,3,0,6
BRF:4
BRH:3
end_of_record
TN:
SF:src/components/badges/priority-pill/priority-pill.ts
FN:19,ZetaPriorityPill
FN:50,ZetaPriorityPill.getIndex
FN:63,ZetaPriorityPill.getText
FN:73,render
FNF:4
FNH:4
FNDA:25,ZetaPriorityPill
FNDA:42,ZetaPriorityPill.getIndex
FNDA:40,ZetaPriorityPill.getText
FNDA:42,render
DA:1,4
DA:2,4
DA:3,4
DA:4,4
DA:5,4
DA:6,4
DA:7,4
DA:8,4
DA:9,4
DA:10,4
DA:11,4
DA:12,4
DA:13,4
DA:14,4
DA:15,4
DA:16,4
DA:17,4
DA:18,4
DA:19,4
DA:20,25
DA:21,25
DA:22,25
DA:23,25
DA:24,25
DA:25,25
DA:26,25
DA:27,25
DA:28,25
DA:29,25
DA:30,25
DA:31,25
DA:32,25
DA:33,25
DA:34,25
DA:35,25
DA:36,25
DA:37,25
DA:38,25
DA:39,25
DA:40,25
DA:41,25
DA:42,25
DA:43,25
DA:44,25
DA:45,25
DA:46,25
DA:47,25
DA:48,25
DA:49,25
DA:50,25
DA:51,42
DA:52,1
DA:53,1
DA:54,42
DA:55,14
DA:56,14
DA:57,42
DA:58,0
DA:59,0
DA:60,27
DA:61,42
DA:62,25
DA:63,25
DA:64,40
DA:65,3
DA:66,3
DA:67,40
DA:68,12
DA:69,12
DA:70,25
DA:71,40
DA:72,4
DA:73,4
DA:74,42
DA:75,42
DA:76,42
DA:77,42
DA:78,42
DA:79,42
DA:80,42
DA:81,4
DA:82,4
DA:83,4
DA:84,4
DA:85,4
DA:86,4
DA:87,4
LF:87
LH:85
BRDA:48,0,0,0
BRDA:19,1,0,25
BRDA:50,2,0,42
BRDA:51,3,0,1
BRDA:53,4,0,41
BRDA:54,5,0,14
BRDA:56,6,0,27
BRDA:57,7,0,0
BRDA:59,8,0,27
BRDA:63,9,0,40
BRDA:64,10,0,3
BRDA:66,11,0,37
BRDA:67,12,0,12
BRDA:69,13,0,25
BRDA:73,14,0,42
BRDA:77,15,0,40
BRDA:77,16,0,2
BRF:17
BRH:15
end_of_record
TN:
SF:src/components/badges/status-label/status-label.ts
FN:15,ZetaStatusLabel
FN:43,render
FNF:2
FNH:2
FNDA:12,ZetaStatusLabel
FNDA:19,render
DA:1,4
DA:2,4
DA:3,4
DA:4,4
DA:5,4
DA:6,4
DA:7,4
DA:8,4
DA:9,4
DA:10,4
DA:11,4
DA:12,4
DA:13,4
DA:14,4
DA:15,4
DA:16,12
DA:17,12
DA:18,12
DA:19,12
DA:20,12
DA:21,12
DA:22,12
DA:23,12
DA:24,12
DA:25,12
DA:26,12
DA:27,12
DA:28,12
DA:29,12
DA:30,12
DA:31,12
DA:32,12
DA:33,12
DA:34,12
DA:35,12
DA:36,12
DA:37,12
DA:38,12
DA:39,12
DA:40,4
DA:41,4
DA:42,4
DA:43,4
DA:44,19
DA:45,1
DA:46,18
DA:47,19
DA:48,19
DA:49,19
DA:50,19
DA:51,19
DA:52,19
DA:53,19
DA:54,19
DA:55,19
DA:56,19
DA:57,19
DA:58,4
DA:59,4
DA:60,4
DA:61,4
DA:62,4
DA:63,4
DA:64,4
LF:64
LH:64
BRDA:41,0,0,0
BRDA:15,1,0,12
BRDA:43,2,0,19
BRDA:44,3,0,1
BRDA:45,4,0,18
BRDA:53,5,0,1
BRDA:53,6,0,18
BRDA:53,7,0,0
BRDA:54,8,0,7
BRDA:54,9,0,12
BRF:10
BRH:8
end_of_record
TN:
SF:src/components/badges/tag/tag.ts
FN:17,ZetaTag
FN:31,render
FN:44,updated
FNF:3
FNH:3
FNDA:7,ZetaTag
FNDA:14,render
FNDA:14,updated
DA:1,4
DA:2,4
DA:3,4
DA:4,4
DA:5,4
DA:6,4
DA:7,4
DA:8,4
DA:9,4
DA:10,4
DA:11,4
DA:12,4
DA:13,4
DA:14,4
DA:15,4
DA:16,4
DA:17,4
DA:18,7
DA:19,7
DA:20,7
DA:21,7
DA:22,7
DA:23,7
DA:24,7
DA:25,7
DA:26,4
DA:27,4
DA:28,4
DA:29,4
DA:30,4
DA:31,4
DA:32,14
DA:33,14
DA:34,14
DA:35,14
DA:36,14
DA:37,14
DA:38,14
DA:39,14
DA:40,14
DA:41,14
DA:42,14
DA:43,4
DA:44,4
DA:45,14
DA:46,14
DA:47,14
DA:48,14
DA:49,4
DA:50,4
DA:51,4
DA:52,4
DA:53,4
DA:54,4
DA:55,4
LF:55
LH:55
BRDA:29,0,0,0
BRDA:17,1,0,7
BRDA:31,2,0,14
BRDA:33,3,0,0
BRDA:38,4,0,9
BRDA:44,5,0,14
BRF:6
BRH:4
end_of_record
TN:
SF:src/components/bottom-sheets/bottom-sheet.ts
FN:14,ZetaBottomSheet
FN:35,ZetaBottomSheet.setLayout
FN:48,render
FNF:3
FNH:3
FNDA:18,ZetaBottomSheet
FNDA:63,ZetaBottomSheet.setLayout
FNDA:45,render
DA:1,4
DA:2,4
DA:3,4
DA:4,4
DA:5,4
DA:6,4
DA:7,4
DA:8,4
DA:9,4
DA:10,4
DA:11,4
DA:12,4
DA:13,4
DA:14,4
DA:15,18
DA:16,18
DA:17,18
DA:18,18
DA:19,18
DA:20,18
DA:21,18
DA:22,18
DA:23,18
DA:24,18
DA:25,18
DA:26,18
DA:27,18
DA:28,18
DA:29,18
DA:30,18
DA:31,18
DA:32,18
DA:33,18
DA:34,18
DA:35,18
DA:36,63
DA:37,63
DA:38,15
DA:39,15
DA:40,63
DA:41,15
DA:42,15
DA:43,48
DA:44,33
DA:45,33
DA:46,63
DA:47,4
DA:48,4
DA:49,45
DA:50,45
DA:51,45
DA:52,45
DA:53,45
DA:54,45
DA:55,45
DA:56,45
DA:57,45
DA:58,45
DA:59,45
DA:60,4
DA:61,4
DA:62,4
DA:63,4
DA:64,4
DA:65,4
LF:65
LH:65
BRDA:14,0,0,18
BRDA:35,1,0,63
BRDA:37,2,0,45
BRDA:37,3,0,15
BRDA:40,4,0,48
BRDA:40,5,0,30
BRDA:40,6,0,15
BRDA:43,7,0,33
BRDA:48,8,0,45
BRDA:54,9,0,27
BRDA:54,10,0,18
BRDA:54,11,0,9
BRDA:54,12,0,36
BRF:13
BRH:13
end_of_record
TN:
SF:src/components/breadcrumbs/breadcrumb.ts
FN:17,ZetaBreadcrumb
FN:33,ZetaBreadcrumb.handleClick
FN:41,ZetaBreadcrumb.handleSlotChange
FN:69,render
FNF:4
FNH:3
FNDA:3,ZetaBreadcrumb
FNDA:0,ZetaBreadcrumb.handleClick
FNDA:6,ZetaBreadcrumb.handleSlotChange
FNDA:6,render
DA:1,4
DA:2,4
DA:3,4
DA:4,4
DA:5,4
DA:6,4
DA:7,4
DA:8,4
DA:9,4
DA:10,4
DA:11,4
DA:12,4
DA:13,4
DA:14,4
DA:15,4
DA:16,4
DA:17,4
DA:18,3
DA:19,3
DA:20,3
DA:21,3
DA:22,3
DA:23,3
DA:24,3
DA:25,3
DA:26,3
DA:27,3
DA:28,3
DA:29,3
DA:30,3
DA:31,3
DA:32,3
DA:33,3
DA:34,0
DA:35,0
DA:36,0
DA:37,0
DA:38,0
DA:39,0
DA:40,3
DA:41,3
DA:42,6
DA:43,6
DA:44,3
DA:45,3
DA:46,3
DA:47,3
DA:48,3
DA:49,3
DA:50,3
DA:51,0
DA:52,0
DA:53,3
DA:54,3
DA:55,3
DA:56,3
DA:57,3
DA:58,18
DA:59,18
DA:60,3
DA:61,3
DA:62,3
DA:63,3
DA:64,3
DA:65,3
DA:66,3
DA:67,6
DA:68,4
DA:69,4
DA:70,6
DA:71,6
DA:72,6
DA:73,6
DA:74,6
DA:75,4
DA:76,4
DA:77,4
DA:78,4
DA:79,4
DA:80,4
DA:81,4
LF:81
LH:73
BRDA:18,0,0,0
BRDA:17,1,0,3
BRDA:41,2,0,6
BRDA:43,3,0,3
BRDA:45,4,0,0
BRDA:50,5,0,0
BRDA:57,6,0,18
BRDA:58,7,0,3
BRDA:59,8,0,9
BRDA:69,9,0,6
BRF:10
BRH:7
end_of_record
TN:
SF:src/components/breadcrumbs/breadcrumb-item/breadcrumb-item.ts
FN:19,render
FNF:1
FNH:1
FNDA:18,render
DA:1,4
DA:2,4
DA:3,4
DA:4,4
DA:5,4
DA:6,4
DA:7,4
DA:8,4
DA:9,4
DA:10,4
DA:11,4
DA:12,4
DA:13,4
DA:14,4
DA:15,4
DA:16,4
DA:17,4
DA:18,4
DA:19,4
DA:20,18
DA:21,18
DA:22,18
DA:23,18
DA:24,18
DA:25,18
DA:26,18
DA:27,4
DA:28,4
DA:29,4
DA:30,4
DA:31,4
DA:32,4
DA:33,4
LF:33
LH:33
BRDA:17,0,0,0
BRDA:19,1,0,18
BRF:2
BRH:1
end_of_record
TN:
SF:src/components/button/base-button.ts
FN:12,<static_initializer>
FN:22,BaseButton
FN:35,focus
FN:39,blur
FN:43,click
FN:48,_handleClick
FNF:6
FNH:4
FNDA:18,<static_initializer>
FNDA:239,BaseButton
FNDA:0,focus
FNDA:0,blur
FNDA:21,click
FNDA:18,_handleClick
DA:1,18
DA:2,18
DA:3,18
DA:4,18
DA:5,18
DA:6,18
DA:7,18
DA:8,18
DA:9,18
DA:10,18
DA:11,18
DA:12,18
DA:13,18
DA:14,18
DA:15,18
DA:16,18
DA:17,18
DA:18,18
DA:19,18
DA:20,18
DA:21,18
DA:22,18
DA:23,239
DA:24,239
DA:25,239
DA:26,18
DA:27,18
DA:28,18
DA:29,18
DA:30,18
DA:31,18
DA:32,18
DA:33,18
DA:34,18
DA:35,18
DA:36,0
DA:37,0
DA:38,18
DA:39,18
DA:40,0
DA:41,0
DA:42,18
DA:43,18
DA:44,21
DA:45,21
DA:46,18
DA:47,18
DA:48,18
DA:49,18
DA:50,0
DA:51,0
DA:52,18
DA:53,2
DA:54,2
DA:55,2
DA:56,18
DA:57,18
DA:58,18
DA:59,18
DA:60,18
DA:61,18
DA:62,18
LF:62
LH:56
BRDA:12,0,0,18
BRDA:61,1,0,0
BRDA:22,2,0,244
BRDA:43,3,0,34
BRDA:48,4,0,30
BRDA:49,5,0,12
BRDA:52,6,0,14
BRDA:44,7,0,30
BRF:8
BRH:7
end_of_record
TN:
SF:src/components/button/button.ts
FN:24,ZetaButton
FN:62,render
FNF:2
FNH:2
FNDA:194,ZetaButton
FNDA:230,render
DA:1,16
DA:2,16
DA:3,16
DA:4,16
DA:5,16
DA:6,16
DA:7,16
DA:8,16
DA:9,16
DA:10,16
DA:11,16
DA:12,16
DA:13,16
DA:14,16
DA:15,16
DA:16,16
DA:17,16
DA:18,16
DA:19,16
DA:20,16
DA:21,16
DA:22,16
DA:23,16
DA:24,16
DA:25,194
DA:26,194
DA:27,194
DA:28,194
DA:29,194
DA:30,194
DA:31,194
DA:32,194
DA:33,194
DA:34,194
DA:35,194
DA:36,194
DA:37,194
DA:38,194
DA:39,194
DA:40,194
DA:41,194
DA:42,194
DA:43,194
DA:44,194
DA:45,194
DA:46,194
DA:47,194
DA:48,194
DA:49,194
DA:50,194
DA:51,194
DA:52,194
DA:53,194
DA:54,194
DA:55,194
DA:56,194
DA:57,194
DA:58,194
DA:59,194
DA:60,194
DA:61,16
DA:62,16
DA:63,230
DA:64,230
DA:65,230
DA:66,230
DA:67,230
DA:68,230
DA:69,230
DA:70,230
DA:71,230
DA:72,230
DA:73,230
DA:74,230
DA:75,230
DA:76,230
DA:77,230
DA:78,136
DA:79,94
DA:80,94
DA:81,230
DA:82,230
DA:83,230
DA:84,230
DA:85,16
DA:86,16
DA:87,16
DA:88,16
DA:89,16
DA:90,16
DA:91,16
LF:91
LH:91
BRDA:24,0,0,194
BRDA:29,1,0,0
BRDA:62,2,0,230
BRDA:63,3,0,3
BRDA:64,4,0,3
BRDA:77,5,0,136
BRDA:78,6,0,94
BRDA:63,7,0,227
BRDA:64,8,0,227
BRF:9
BRH:8
end_of_record
TN:
SF:src/components/button-group/button-group.ts
FN:18,ZetaButtonGroup
FN:22,render
FNF:2
FNH:0
FNDA:0,ZetaButtonGroup
FNDA:0,render
DA:1,3
DA:2,3
DA:3,3
DA:4,3
DA:5,3
DA:6,3
DA:7,3
DA:8,3
DA:9,3
DA:10,3
DA:11,3
DA:12,3
DA:13,3
DA:14,3
DA:15,3
DA:16,3
DA:17,3
DA:18,3
DA:19,0
DA:20,0
DA:21,3
DA:22,3
DA:23,0
DA:24,0
DA:25,3
DA:26,3
DA:27,3
DA:28,3
DA:29,3
DA:30,3
DA:31,3
DA:32,3
DA:33,3
LF:33
LH:29
BRDA:26,0,0,0
BRF:1
BRH:0
end_of_record
TN:
SF:src/components/button-group/button-group-item/button-group-item.ts
FN:20,ZetaButtonGroupItem
FN:46,focus
FN:50,blur
FN:54,render
FNF:4
FNH:0
FNDA:0,ZetaButtonGroupItem
FNDA:0,focus
FNDA:0,blur
FNDA:0,render
DA:1,3
DA:2,3
DA:3,3
DA:4,3
DA:5,3
DA:6,3
DA:7,3
DA:8,3
DA:9,3
DA:10,3
DA:11,3
DA:12,3
DA:13,3
DA:14,3
DA:15,3
DA:16,3
DA:17,3
DA:18,3
DA:19,3
DA:20,3
DA:21,0
DA:22,0
DA:23,0
DA:24,0
DA:25,0
DA:26,0
DA:27,0
DA:28,0
DA:29,0
DA:30,0
DA:31,0
DA:32,0
DA:33,0
DA:34,0
DA:35,0
DA:36,0
DA:37,0
DA:38,0
DA:39,0
DA:40,0
DA:41,0
DA:42,0
DA:43,0
DA:44,0
DA:45,3
DA:46,3
DA:47,0
DA:48,0
DA:49,3
DA:50,3
DA:51,0
DA:52,0
DA:53,3
DA:54,3
DA:55,0
DA:56,0
DA:57,0
DA:58,0
DA:59,0
DA:60,0
DA:61,0
DA:62,0
DA:63,0
DA:64,0
DA:65,0
DA:66,0
DA:67,0
DA:68,0
DA:69,0
DA:70,0
DA:71,3
DA:72,3
DA:73,3
DA:74,3
DA:75,3
DA:76,3
DA:77,3
DA:78,3
DA:79,3
LF:79
LH:35
BRDA:72,0,0,0
BRF:1
BRH:0
end_of_record
TN:
SF:src/components/button/icon-button/icon-button.ts
FN:16,ZetaIconButton
FNF:1
FNH:1
FNDA:118,ZetaIconButton
DA:1,9
DA:2,9
DA:3,9
DA:4,9
DA:5,9
DA:6,9
DA:7,9
DA:8,9
DA:9,9
DA:10,9
DA:11,9
DA:12,9
DA:13,9
DA:14,9
DA:15,9
DA:16,9
DA:17,118
DA:18,118
DA:19,118
DA:20,118
DA:21,9
DA:22,9
DA:23,9
DA:24,9
DA:25,9
DA:26,9
DA:27,9
LF:27
LH:27
BRDA:16,0,0,118
BRDA:18,1,0,0
BRF:2
BRH:1
end_of_record
TN:
SF:src/components/button/tile-button/tile-button.ts
FN:31,ZetaTileButton
FN:62,handleClick
FN:68,render
FNF:3
FNH:3
FNDA:22,ZetaTileButton
FNDA:23,handleClick
FNDA:23,render
DA:1,1
DA:2,1
DA:3,1
DA:4,1
DA:5,1
DA:6,1
DA:7,1
DA:8,1
DA:9,1
DA:10,1
DA:11,1
DA:12,1
DA:13,1
DA:14,1
DA:15,1
DA:16,1
DA:17,1
DA:18,1
DA:19,1
DA:20,1
DA:21,1
DA:22,1
DA:23,1
DA:24,1
DA:25,1
DA:26,1
DA:27,1
DA:28,1
DA:29,1
DA:30,1
DA:31,1
DA:32,22
DA:33,22
DA:34,22
DA:35,22
DA:36,22
DA:37,22
DA:38,22
DA:39,22
DA:40,22
DA:41,22
DA:42,22
DA:43,22
DA:44,22
DA:45,22
DA:46,22
DA:47,22
DA:48,22
DA:49,22
DA:50,22
DA:51,22
DA:52,22
DA:53,22
DA:54,22
DA:55,1
DA:56,1
DA:57,1
DA:58,1
DA:59,1
DA:60,1
DA:61,1
DA:62,1
DA:63,23
DA:64,1
DA:65,1
DA:66,23
DA:67,1
DA:68,1
DA:69,23
DA:70,23
DA:71,23
DA:72,23
DA:73,23
DA:74,23
DA:75,23
DA:76,23
DA:77,23
DA:78,23
DA:79,23
DA:80,23
DA:81,23
DA:82,23
DA:83,23
DA:84,23
DA:85,1
DA:86,1
DA:87,1
DA:88,1
DA:89,1
DA:90,1
DA:91,1
LF:91
LH:91
BRDA:31,0,0,22
BRDA:34,1,0,0
BRDA:62,2,0,23
BRDA:63,3,0,1
BRDA:68,4,0,23
BRDA:80,5,0,1
BRF:6
BRH:5
end_of_record
TN:
SF:src/components/card/card.ts
FN:23,render
FNF:1
FNH:0
FNDA:0,render
DA:1,3
DA:2,3
DA:3,3
DA:4,3
DA:5,3
DA:6,3
DA:7,3
DA:8,3
DA:9,3
DA:10,3
DA:11,3
DA:12,3
DA:13,3
DA:14,3
DA:15,3
DA:16,3
DA:17,3
DA:18,3
DA:19,3
DA:20,3
DA:21,3
DA:22,3
DA:23,3
DA:24,0
DA:25,0
DA:26,3
DA:27,3
DA:28,3
DA:29,3
DA:30,3
DA:31,3
DA:32,3
DA:33,3
DA:34,3
LF:34
LH:32
BRDA:27,0,0,0
BRF:1
BRH:0
end_of_record
TN:
SF:src/components/card/card-body/card-body.ts
FN:12,render
FNF:1
FNH:0
FNDA:0,render
DA:1,3
DA:2,3
DA:3,3
DA:4,3
DA:5,3
DA:6,3
DA:7,3
DA:8,3
DA:9,3
DA:10,3
DA:11,3
DA:12,3
DA:13,0
DA:14,0
DA:15,3
DA:16,3
DA:17,3
DA:18,3
DA:19,3
DA:20,3
DA:21,3
DA:22,3
DA:23,3
LF:23
LH:21
BRF:0
BRH:0
end_of_record
TN:
SF:src/components/card/card-container/card-container.ts
FN:15,ZetaCardContainer
FN:43,render
FN:47,slot
FNF:3
FNH:3
FNDA:12,ZetaCardContainer
FNDA:39,render
FNDA:2,slot
DA:1,4
DA:2,4
DA:3,4
DA:4,4
DA:5,4
DA:6,4
DA:7,4
DA:8,4
DA:9,4
DA:10,4
DA:11,4
DA:12,4
DA:13,4
DA:14,4
DA:15,4
DA:16,12
DA:17,12
DA:18,12
DA:19,12
DA:20,12
DA:21,12
DA:22,12
DA:23,12
DA:24,12
DA:25,12
DA:26,12
DA:27,12
DA:28,12
DA:29,12
DA:30,12
DA:31,12
DA:32,12
DA:33,12
DA:34,12
DA:35,12
DA:36,12
DA:37,12
DA:38,12
DA:39,12
DA:40,12
DA:41,12
DA:42,4
DA:43,4
DA:44,39
DA:45,39
DA:46,39
DA:47,39
DA:48,39
DA:49,39
DA:50,39
DA:51,39
DA:52,39
DA:53,39
DA:54,39
DA:55,39
DA:56,39
DA:57,39
DA:58,39
DA:59,39
DA:60,39
DA:61,12
DA:62,12
DA:63,12
DA:64,12
DA:65,12
DA:66,39
DA:67,39
DA:68,39
DA:69,39
DA:70,39
DA:71,39
DA:72,39
DA:73,39
DA:74,4
DA:75,4
DA:76,4
DA:77,4
DA:78,4
DA:79,4
DA:80,4
DA:81,4
DA:82,4
LF:82
LH:82
BRDA:75,0,0,0
BRDA:15,1,0,12
BRDA:43,2,0,39
BRDA:46,3,0,27
BRDA:46,4,0,12
BRDA:47,5,0,8
BRDA:47,6,0,31
BRDA:48,7,0,8
BRDA:48,8,0,31
BRDA:52,9,0,1
BRDA:52,10,0,38
BRDA:47,11,0,8
BRDA:60,12,0,12
BRDA:64,13,0,12
BRDA:64,14,0,12
BRF:15
BRH:14
end_of_record
TN:
SF:src/components/card/card-footer/card-footer.ts
FN:12,render
FNF:1
FNH:0
FNDA:0,render
DA:1,3
DA:2,3
DA:3,3
DA:4,3
DA:5,3
DA:6,3
DA:7,3
DA:8,3
DA:9,3
DA:10,3
DA:11,3
DA:12,3
DA:13,0
DA:14,0
DA:15,3
DA:16,3
DA:17,3
DA:18,3
DA:19,3
DA:20,3
DA:21,3
DA:22,3
DA:23,3
LF:23
LH:21
BRF:0
BRH:0
end_of_record
TN:
SF:src/components/card/card-header/card-header.ts
FN:20,render
FNF:1
FNH:1
FNDA:5,render
DA:1,4
DA:2,4
DA:3,4
DA:4,4
DA:5,4
DA:6,4
DA:7,4
DA:8,4
DA:9,4
DA:10,4
DA:11,4
DA:12,4
DA:13,4
DA:14,4
DA:15,4
DA:16,4
DA:17,4
DA:18,4
DA:19,4
DA:20,4
DA:21,5
DA:22,5
DA:23,5
DA:24,5
DA:25,5
DA:26,5
DA:27,5
DA:28,5
DA:29,5
DA:30,5
DA:31,5
DA:32,5
DA:33,5
DA:34,4
DA:35,4
DA:36,4
DA:37,4
DA:38,4
DA:39,4
DA:40,4
DA:41,4
DA:42,4
LF:42
LH:42
BRDA:20,0,0,5
BRF:1
BRH:1
end_of_record
TN:
SF:src/components/checkbox/checkbox.ts
FN:29,ZetaCheckbox
FNF:1
FNH:1
FNDA:12,ZetaCheckbox
DA:1,5
DA:2,5
DA:3,5
DA:4,5
DA:5,5
DA:6,5
DA:7,5
DA:8,5
DA:9,5
DA:10,5
DA:11,5
DA:12,5
DA:13,5
DA:14,5
DA:15,5
DA:16,5
DA:17,5
DA:18,5
DA:19,5
DA:20,5
DA:21,5
DA:22,5
DA:23,5
DA:24,5
DA:25,5
DA:26,5
DA:27,5
DA:28,5
DA:29,5
DA:30,12
DA:31,12
DA:32,12
DA:33,5
DA:34,5
DA:35,5
DA:36,5
DA:37,5
DA:38,5
DA:39,5
DA:40,5
DA:41,5
DA:42,5
DA:43,5
DA:44,5
DA:45,5
DA:46,5
DA:47,5
DA:48,5
DA:49,5
DA:50,5
LF:50
LH:50
BRDA:29,0,0,12
BRF:1
BRH:1
end_of_record
TN:
SF:src/components/chips/assist-chip/assist-chip.ts
FN:20,getIcon
FN:28,render
FNF:2
FNH:2
FNDA:3,getIcon
FNDA:3,render
DA:1,3
DA:2,3
DA:3,3
DA:4,3
DA:5,3
DA:6,3
DA:7,3
DA:8,3
DA:9,3
DA:10,3
DA:11,3
DA:12,3
DA:13,3
DA:14,3
DA:15,3
DA:16,3
DA:17,3
DA:18,3
DA:19,3
DA:20,3
DA:21,3
DA:22,3
DA:23,3
DA:24,0
DA:25,0
DA:26,3
DA:27,3
DA:28,3
DA:29,3
DA:30,3
DA:31,3
DA:32,3
DA:33,3
DA:34,3
DA:35,3
DA:36,3
DA:37,3
LF:37
LH:35
BRDA:18,0,0,0
BRDA:20,1,0,3
BRDA:23,2,0,0
BRDA:28,3,0,3
BRF:4
BRH:2
end_of_record
TN:
SF:src/components/chips/base-chips/base-chip.ts
FN:6,<static_initializer>
FN:8,render
FNF:2
FNH:1
FNDA:3,<static_initializer>
FNDA:0,render
DA:1,3
DA:2,3
DA:3,3
DA:4,3
DA:5,3
DA:6,3
DA:7,3
DA:8,3
DA:9,0
DA:10,0
DA:11,3
LF:11
LH:9
BRDA:6,0,0,3
BRDA:6,1,0,3
BRF:2
BRH:2
end_of_record
TN:
SF:src/components/chips/filter-chip/filter-chip.ts
FN:20,getIcon
FN:28,clickHandler
FN:33,render
FNF:3
FNH:2
FNDA:4,getIcon
FNDA:0,clickHandler
FNDA:4,render
DA:1,3
DA:2,3
DA:3,3
DA:4,3
DA:5,3
DA:6,3
DA:7,3
DA:8,3
DA:9,3
DA:10,3
DA:11,3
DA:12,3
DA:13,3
DA:14,3
DA:15,3
DA:16,3
DA:17,3
DA:18,3
DA:19,3
DA:20,3
DA:21,4
DA:22,1
DA:23,4
DA:24,3
DA:25,3
DA:26,4
DA:27,3
DA:28,3
DA:29,0
DA:30,0
DA:31,0
DA:32,3
DA:33,3
DA:34,4
DA:35,4
DA:36,4
DA:37,4
DA:38,3
DA:39,3
DA:40,3
DA:41,3
DA:42,3
DA:43,3
DA:44,3
LF:44
LH:41
BRDA:18,0,0,0
BRDA:20,1,0,4
BRDA:21,2,0,1
BRDA:22,3,0,0
BRDA:23,4,0,3
BRDA:33,5,0,4
BRF:6
BRH:4
end_of_record
TN:
SF:src/components/chips/input-chip/input-chip.ts
FN:16,render
FNF:1
FNH:1
FNDA:2,render
DA:1,3
DA:2,3
DA:3,3
DA:4,3
DA:5,3
DA:6,3
DA:7,3
DA:8,3
DA:9,3
DA:10,3
DA:11,3
DA:12,3
DA:13,3
DA:14,3
DA:15,3
DA:16,3
DA:17,2
DA:18,2
DA:19,2
DA:20,2
DA:21,2
DA:22,2
DA:23,3
DA:24,3
DA:25,3
DA:26,3
DA:27,3
DA:28,3
DA:29,3
LF:29
LH:29
BRDA:14,0,0,0
BRDA:16,1,0,2
BRF:2
BRH:1
end_of_record
TN:
SF:src/components/chips/status-chip/status-chip.ts
FN:12,ZetaStatusChip
FN:18,render
FNF:2
FNH:0
FNDA:0,ZetaStatusChip
FNDA:0,render
DA:1,3
DA:2,3
DA:3,3
DA:4,3
DA:5,3
DA:6,3
DA:7,3
DA:8,3
DA:9,3
DA:10,3
DA:11,3
DA:12,3
DA:13,0
DA:14,0
DA:15,3
DA:16,3
DA:17,3
DA:18,3
DA:19,0
DA:20,0
DA:21,3
DA:22,3
DA:23,3
DA:24,3
DA:25,3
DA:26,3
DA:27,3
LF:27
LH:23
BRDA:16,0,0,0
BRF:1
BRH:0
end_of_record
TN:
SF:src/components/dialog/dialog.ts
FN:43,ZetaDialog
FN:53,ZetaDialog.handleSubmit
FN:93,ZetaDialog.handleActionButtonChange
FN:65,get title
FN:69,set title
FN:114,render
FN:127,btn
FNF:7
FNH:4
FNDA:7,ZetaDialog
FNDA:0,ZetaDialog.handleSubmit
FNDA:7,ZetaDialog.handleActionButtonChange
FNDA:5,get title
FNDA:0,set title
FNDA:7,render
FNDA:0,btn
DA:1,4
DA:2,4
DA:3,4
DA:4,4
DA:5,4
DA:6,4
DA:7,4
DA:8,4
DA:9,4
DA:10,4
DA:11,4
DA:12,4
DA:13,4
DA:14,4
DA:15,4
DA:16,4
DA:17,4
DA:18,4
DA:19,4
DA:20,4
DA:21,4
DA:22,4
DA:23,4
DA:24,4
DA:25,4
DA:26,4
DA:27,4
DA:28,4
DA:29,4
DA:30,4
DA:31,4
DA:32,4
DA:33,4
DA:34,4
DA:35,4
DA:36,4
DA:37,4
DA:38,4
DA:39,4
DA:40,4
DA:41,4
DA:42,4
DA:43,4
DA:44,7
DA:45,7
DA:46,7
DA:47,4
DA:48,4
DA:49,4
DA:50,4
DA:51,4
DA:52,4
DA:53,4
DA:54,3
DA:55,3
DA:56,3
DA:57,3
DA:58,3
DA:59,3
DA:60,3
DA:61,4
DA:62,4
DA:63,4
DA:64,4
DA:65,4
DA:66,5
DA:67,5
DA:68,4
DA:69,4
DA:70,0
DA:71,0
DA:72,4
DA:73,4
DA:74,4
DA:75,4
DA:76,4
DA:77,4
DA:78,4
DA:79,4
DA:80,4
DA:81,4
DA:82,4
DA:83,4
DA:84,4
DA:85,4
DA:86,4
DA:87,4
DA:88,4
DA:89,4
DA:90,4
DA:91,4
DA:92,4
DA:93,4
DA:94,10
DA:95,10
DA:96,10
DA:97,3
DA:98,3
DA:99,3
DA:100,3
DA:101,10
DA:102,3
DA:103,3
DA:104,3
DA:105,3
DA:106,10
DA:107,3
DA:108,3
DA:109,3
DA:110,3
DA:111,10
DA:112,10
DA:113,4
DA:114,4
DA:115,7
DA:116,7
DA:117,7
DA:118,7
DA:119,7
DA:120,7
DA:121,7
DA:122,7
DA:123,7
DA:124,7
DA:125,7
DA:126,7
DA:127,7
DA:128,7
DA:129,7
DA:130,0
DA:131,0
DA:132,0
DA:133,0
DA:134,7
DA:135,7
DA:136,7
DA:137,7
DA:138,7
DA:139,7
DA:140,7
DA:141,7
DA:142,7
DA:143,4
DA:144,4
DA:145,4
DA:146,4
DA:147,4
DA:148,4
DA:149,4
DA:150,4
DA:151,4
LF:151
LH:145
BRDA:144,0,0,0
BRDA:43,1,0,7
BRDA:93,2,0,7
BRDA:96,3,0,0
BRDA:96,4,0,0
BRDA:101,5,0,0
BRDA:101,6,0,0
BRDA:106,7,0,0
BRDA:106,8,0,0
BRDA:65,9,0,5
BRDA:114,10,0,7
BRF:11
BRH:4
end_of_record
TN:
SF:src/components/dropdown/droppable.ts
FN:13,ZetaDroppable
FN:55,ZetaDroppable.topVisible
FN:59,ZetaDroppable.bottomVisible
FN:63,ZetaDroppable.alignHorizontally
FN:77,ZetaDroppable.alignVertically
FN:87,ZetaDroppable.setDroppablePosition
FN:45,getDroppablePosition
FN:125,updated
FN:141,render
FNF:9
FNH:6
FNDA:22,ZetaDroppable
FNDA:0,ZetaDroppable.topVisible
FNDA:0,ZetaDroppable.bottomVisible
FNDA:13,ZetaDroppable.alignHorizontally
FNDA:0,ZetaDroppable.alignVertically
FNDA:15,ZetaDroppable.setDroppablePosition
FNDA:28,getDroppablePosition
FNDA:51,updated
FNDA:51,render
DA:1,6
DA:2,6
DA:3,6
DA:4,6
DA:5,6
DA:6,6
DA:7,6
DA:8,6
DA:9,6
DA:10,6
DA:11,6
DA:12,6
DA:13,6
DA:14,22
DA:15,22
DA:16,22
DA:17,22
DA:18,22
DA:19,22
DA:20,22
DA:21,22
DA:22,22
DA:23,22
DA:24,22
DA:25,22
DA:26,22
DA:27,22
DA:28,22
DA:29,22
DA:30,22
DA:31,22
DA:32,22
DA:33,15
DA:34,15
DA:35,15
DA:36,15
DA:37,15
DA:38,15
DA:39,15
DA:40,15
DA:41,15
DA:42,7
DA:43,22
DA:44,22
DA:45,22
DA:46,28
DA:47,28
DA:48,28
DA:49,28
DA:50,28
DA:51,28
DA:52,28
DA:53,28
DA:54,22
DA:55,22
DA:56,0
DA:57,0
DA:58,22
DA:59,22
DA:60,0
DA:61,0
DA:62,22
DA:63,22
DA:64,13
DA:65,13
DA:66,13
DA:67,13
DA:68,1
DA:69,1
DA:70,13
DA:71,1
DA:72,12
DA:73,11
DA:74,11
DA:75,13
DA:76,22
DA:77,22
DA:78,0
DA:79,0
DA:80,0
DA:81,0
DA:82,0
DA:83,0
DA:84,0
DA:85,0
DA:86,22
DA:87,22
DA:88,15
DA:89,15
DA:90,15
DA:91,15
DA:92,13
DA:93,13
DA:94,0
DA:95,0
DA:96,0
DA:97,0
DA:98,13
DA:99,0
DA:100,0
DA:101,0
DA:102,0
DA:103,13
DA:104,0
DA:105,0
DA:106,0
DA:107,13
DA:108,13
DA:109,13
DA:110,13
DA:111,13
DA:112,0
DA:113,0
DA:114,0
DA:115,0
DA:116,0
DA:117,0
DA:118,0
DA:119,0
DA:120,0
DA:121,13
DA:122,13
DA:123,15
DA:124,6
DA:125,6
DA:126,51
DA:127,15
DA:128,15
DA:129,51
DA:130,51
DA:131,51
DA:132,51
DA:133,40
DA:134,40
DA:135,51
DA:136,24
DA:137,24
DA:138,24
DA:139,51
DA:140,6
DA:141,6
DA:142,51
DA:143,15
DA:144,15
DA:145,36
DA:146,51
DA:147,6
DA:148,6
DA:149,6
DA:150,6
DA:151,6
DA:152,6
DA:153,6
DA:154,6
DA:155,6
LF:155
LH:123
BRDA:148,0,0,0
BRDA:13,1,0,22
BRDA:63,2,0,20
BRDA:67,3,0,8
BRDA:70,4,0,19
BRDA:70,5,0,8
BRDA:72,6,0,18
BRDA:87,7,0,15
BRDA:93,8,0,0
BRDA:98,9,0,0
BRDA:103,10,0,0
BRDA:111,11,0,0
BRDA:41,12,0,7
BRDA:45,13,0,28
BRDA:125,14,0,51
BRDA:126,15,0,15
BRDA:135,16,0,24
BRDA:141,17,0,51
BRDA:142,18,0,15
BRDA:144,19,0,36
BRDA:91,20,0,13
BRDA:32,21,0,15
BRDA:132,22,0,40
BRF:23
BRH:18
end_of_record
TN:
SF:src/components/dropdown/dropdown-menu/dropdown-menu-button.ts
FN:31,ZetaDropdownMenuButton
FN:71,handleChange
FN:80,handleInput
FN:85,firstUpdated
FN:100,handleItemClick
FN:117,handleClick
FN:130,handleOutsideClick
FN:136,renderItems
FN:188,render
FNF:9
FNH:8
FNDA:9,ZetaDropdownMenuButton
FNDA:0,handleChange
FNDA:8,handleInput
FNDA:9,firstUpdated
FNDA:8,handleItemClick
FNDA:15,handleClick
FNDA:326,handleOutsideClick
FNDA:26,renderItems
FNDA:26,render
DA:1,4
DA:2,4
DA:3,4
DA:4,4
DA:5,4
DA:6,4
DA:7,4
DA:8,4
DA:9,4
DA:10,4
DA:11,4
DA:12,4
DA:13,4
DA:14,4
DA:15,4
DA:16,4
DA:17,4
DA:18,4
DA:19,4
DA:20,4
DA:21,4
DA:22,4
DA:23,4
DA:24,4
DA:25,4
DA:26,4
DA:27,4
DA:28,4
DA:29,4
DA:30,4
DA:31,4
DA:32,9
DA:33,9
DA:34,9
DA:35,9
DA:36,9
DA:37,9
DA:38,9
DA:39,9
DA:40,9
DA:41,9
DA:42,9
DA:43,9
DA:44,9
DA:45,9
DA:46,9
DA:47,9
DA:48,9
DA:49,9
DA:50,9
DA:51,9
DA:52,9
DA:53,9
DA:54,9
DA:55,9
DA:56,9
DA:57,9
DA:58,9
DA:59,9
DA:60,9
DA:61,9
DA:62,9
DA:63,4
DA:64,4
DA:65,4
DA:66,4
DA:67,4
DA:68,4
DA:69,4
DA:70,4
DA:71,4
DA:72,0
DA:73,0
DA:74,0
DA:75,0
DA:76,4
DA:77,4
DA:78,4
DA:79,4
DA:80,4
DA:81,8
DA:82,8
DA:83,8
DA:84,4
DA:85,4
DA:86,9
DA:87,9
DA:88,9
DA:89,0
DA:90,0
DA:91,0
DA:92,0
DA:93,0
DA:94,0
DA:95,0
DA:96,0
DA:97,9
DA:98,9
DA:99,4
DA:100,4
DA:101,8
DA:102,6
DA:103,6
DA:104,6
DA:105,8
DA:106,2
DA:107,0
DA:108,2
DA:109,2
DA:110,2
DA:111,2
DA:112,2
DA:113,2
DA:114,8
DA:115,4
DA:116,4
DA:117,4
DA:118,15
DA:119,15
DA:120,8
DA:121,8
DA:122,8
DA:123,15
DA:124,7
DA:125,7
DA:126,7
DA:127,15
DA:128,15
DA:129,4
DA:130,4
DA:131,326
DA:132,5
DA:133,5
DA:134,326
DA:135,4
DA:136,4
DA:137,26
DA:138,2
DA:139,6
DA:140,6
DA:141,4
DA:142,4
DA:143,0
DA:144,0
DA:145,6
DA:146,6
DA:147,6
DA:148,6
DA:149,6
DA:150,6
DA:151,6
DA:152,2
DA:153,26
DA:154,3
DA:155,9
DA:156,9
DA:157,9
DA:158,2
DA:159,2
DA:160,0
DA:161,0
DA:162,9
DA:163,9
DA:164,9
DA:165,9
DA:166,9
DA:167,9
DA:168,9
DA:169,9
DA:170,9
DA:171,3
DA:172,24
DA:173,21
DA:174,25
DA:175,25
DA:176,2
DA:177,2
DA:178,0
DA:179,0
DA:180,25
DA:181,25
DA:182,25
DA:183,25
DA:184,21
DA:185,21
DA:186,26
DA:187,4
DA:188,4
DA:189,26
DA:190,26
DA:191,26
DA:192,26
DA:193,26
DA:194,26
DA:195,26
DA:196,26
DA:197,26
DA:198,26
DA:199,26
DA:200,4
DA:201,4
DA:202,4
DA:203,4
DA:204,4
DA:205,4
DA:206,4
DA:207,4
DA:208,4
LF:208
LH:189
BRDA:201,0,0,0
BRDA:31,1,0,9
BRDA:80,2,0,8
BRDA:85,3,0,9
BRDA:87,4,0,9
BRDA:88,5,0,0
BRDA:100,6,0,8
BRDA:101,7,0,4
BRDA:101,8,0,6
BRDA:103,9,0,2
BRDA:105,10,0,2
BRDA:106,11,0,0
BRDA:117,12,0,15
BRDA:119,13,0,8
BRDA:123,14,0,7
BRDA:130,15,0,326
BRDA:131,16,0,29
BRDA:131,17,0,5
BRDA:136,18,0,26
BRDA:137,19,0,2
BRDA:153,20,0,24
BRDA:153,21,0,3
BRDA:172,22,0,21
BRDA:138,23,0,6
BRDA:140,24,0,4
BRDA:142,25,0,0
BRDA:154,26,0,9
BRDA:157,27,0,2
BRDA:159,28,0,0
BRDA:173,29,0,25
BRDA:175,30,0,2
BRDA:177,31,0,0
BRDA:188,32,0,26
BRDA:191,33,0,8
BRF:34
BRH:28
end_of_record
TN:
SF:src/components/dropdown/menu-item/dropdown-menu-item.ts
FN:16,key
FN:24,render
FNF:2
FNH:1
FNDA:0,key
FNDA:29,render
DA:1,7
DA:2,7
DA:3,7
DA:4,7
DA:5,7
DA:6,7
DA:7,7
DA:8,7
DA:9,7
DA:10,7
DA:11,7
DA:12,7
DA:13,7
DA:14,7
DA:15,7
DA:16,7
DA:17,0
DA:18,0
DA:19,0
DA:20,0
DA:21,0
DA:22,0
DA:23,7
DA:24,7
DA:25,29
DA:26,29
DA:27,29
DA:28,29
DA:29,29
DA:30,29
DA:31,29
DA:32,29
DA:33,29
DA:34,29
DA:35,29
DA:36,29
DA:37,7
DA:38,7
DA:39,7
DA:40,7
DA:41,7
DA:42,7
DA:43,7
DA:44,7
DA:45,7
LF:45
LH:39
BRDA:38,0,0,0
BRDA:24,1,0,29
BRF:2
BRH:1
end_of_record
TN:
SF:src/components/empty-state/empty-state.ts
FN:23,render
FNF:1
FNH:1
FNDA:14,render
DA:1,4
DA:2,4
DA:3,4
DA:4,4
DA:5,4
DA:6,4
DA:7,4
DA:8,4
DA:9,4
DA:10,4
DA:11,4
DA:12,4
DA:13,4
DA:14,4
DA:15,4
DA:16,4
DA:17,4
DA:18,4
DA:19,4
DA:20,4
DA:21,4
DA:22,4
DA:23,4
DA:24,14
DA:25,14
DA:26,14
DA:27,14
DA:28,14
DA:29,14
DA:30,14
DA:31,14
DA:32,14
DA:33,14
DA:34,14
DA:35,14
DA:36,14
DA:37,14
DA:38,4
DA:39,4
DA:40,4
DA:41,4
DA:42,4
DA:43,4
DA:44,4
DA:45,4
DA:46,4
LF:46
LH:46
BRDA:39,0,0,0
BRDA:23,1,0,14
BRF:2
BRH:1
end_of_record
TN:
SF:src/components/fab/fab.ts
FN:20,ZetaFab
FN:35,getLabel
FN:38,render
FNF:3
FNH:3
FNDA:23,ZetaFab
FNDA:27,getLabel
FNDA:27,render
DA:1,4
DA:2,4
DA:3,4
DA:4,4
DA:5,4
DA:6,4
DA:7,4
DA:8,4
DA:9,4
DA:10,4
DA:11,4
DA:12,4
DA:13,4
DA:14,4
DA:15,4
DA:16,4
DA:17,4
DA:18,4
DA:19,4
DA:20,4
DA:21,23
DA:22,23
DA:23,23
DA:24,23
DA:25,23
DA:26,23
DA:27,23
DA:28,23
DA:29,23
DA:30,23
DA:31,23
DA:32,23
DA:33,23
DA:34,4
DA:35,4
DA:36,27
DA:37,27
DA:38,4
DA:39,27
DA:40,27
DA:41,27
DA:42,27
DA:43,27
DA:44,27
DA:45,27
DA:46,27
DA:47,4
DA:48,4
DA:49,4
DA:50,4
DA:51,4
DA:52,4
DA:53,4
LF:53
LH:53
BRDA:20,0,0,23
BRDA:22,1,0,0
BRDA:35,2,0,27
BRDA:36,3,0,18
BRDA:36,4,0,9
BRDA:38,5,0,27
BRDA:42,6,0,1
BRDA:42,7,0,26
BRDA:44,8,0,1
BRDA:44,9,0,26
BRF:10
BRH:9
end_of_record
TN:
SF:src/components/file-upload/file-upload.ts
FN:17,ZetaFileUpload
FN:90,ZetaFileUpload.dropHandler
FN:103,ZetaFileUpload.dragOverHandler
FN:114,ZetaFileUpload.dragLeaveHandler
FN:120,ZetaFileUpload.mouseLeaveHandler
FN:124,ZetaFileUpload.openFileInput
FN:52,checkTypes
FN:74,typesEqual
FN:128,render
FNF:9
FNH:2
FNDA:1,ZetaFileUpload
FNDA:0,ZetaFileUpload.dropHandler
FNDA:0,ZetaFileUpload.dragOverHandler
FNDA:0,ZetaFileUpload.dragLeaveHandler
FNDA:0,ZetaFileUpload.mouseLeaveHandler
FNDA:0,ZetaFileUpload.openFileInput
FNDA:0,checkTypes
FNDA:0,typesEqual
FNDA:1,render
DA:1,4
DA:2,4
DA:3,4
DA:4,4
DA:5,4
DA:6,4
DA:7,4
DA:8,4
DA:9,4
DA:10,4
DA:11,4
DA:12,4
DA:13,4
DA:14,4
DA:15,4
DA:16,4
DA:17,4
DA:18,1
DA:19,1
DA:20,1
DA:21,1
DA:22,1
DA:23,1
DA:24,1
DA:25,1
DA:26,1
DA:27,1
DA:28,1
DA:29,1
DA:30,1
DA:31,1
DA:32,1
DA:33,1
DA:34,1
DA:35,1
DA:36,1
DA:37,1
DA:38,1
DA:39,1
DA:40,1
DA:41,1
DA:42,1
DA:43,1
DA:44,1
DA:45,1
DA:46,1
DA:47,1
DA:48,1
DA:49,1
DA:50,1
DA:51,1
DA:52,1
DA:53,0
DA:54,0
DA:55,0
DA:56,0
DA:57,0
DA:58,0
DA:59,0
DA:60,0
DA:61,0
DA:62,0
DA:63,0
DA:64,0
DA:65,0
DA:66,0
DA:67,0
DA:68,0
DA:69,0
DA:70,0
DA:71,0
DA:72,0
DA:73,1
DA:74,1
DA:75,0
DA:76,0
DA:77,0
DA:78,0
DA:79,0
DA:80,0
DA:81,0
DA:82,0
DA:83,0
DA:84,0
DA:85,0
DA:86,0
DA:87,0
DA:88,0
DA:89,1
DA:90,1
DA:91,0
DA:92,0
DA:93,0
DA:94,0
DA:95,0
DA:96,0
DA:97,0
DA:98,0
DA:99,0
DA:100,0
DA:101,0
DA:102,1
DA:103,1
DA:104,0
DA:105,0
DA:106,0
DA:107,0
DA:108,0
DA:109,0
DA:110,0
DA:111,0
DA:112,0
DA:113,1
DA:114,1
DA:115,0
DA:116,0
DA:117,0
DA:118,0
DA:119,1
DA:120,1
DA:121,0
DA:122,0
DA:123,1
DA:124,1
DA:125,0
DA:126,0
DA:127,4
DA:128,4
DA:129,1
DA:130,1
DA:131,1
DA:132,1
DA:133,1
DA:134,1
DA:135,1
DA:136,1
DA:137,1
DA:138,1
DA:139,1
DA:140,1
DA:141,1
DA:142,1
DA:143,1
DA:144,1
DA:145,1
DA:146,1
DA:147,4
DA:148,4
DA:149,4
DA:150,4
DA:151,4
DA:152,4
DA:153,4
DA:154,4
DA:155,4
LF:155
LH:93
BRDA:148,0,0,0
BRDA:17,1,0,1
BRDA:128,2,0,1
BRDA:142,3,0,0
BRF:4
BRH:2
end_of_record
TN:
SF:src/components/global-header/global-header.ts
FN:20,ZetaGlobalHeader
FN:27,render
FNF:2
FNH:2
FNDA:3,ZetaGlobalHeader
FNDA:3,render
DA:1,4
DA:2,4
DA:3,4
DA:4,4
DA:5,4
DA:6,4
DA:7,4
DA:8,4
DA:9,4
DA:10,4
DA:11,4
DA:12,4
DA:13,4
DA:14,4
DA:15,4
DA:16,4
DA:17,4
DA:18,4
DA:19,4
DA:20,4
DA:21,3
DA:22,3
DA:23,3
DA:24,3
DA:25,3
DA:26,4
DA:27,4
DA:28,3
DA:29,3
DA:30,3
DA:31,3
DA:32,3
DA:33,3
DA:34,3
DA:35,3
DA:36,3
DA:37,3
DA:38,3
DA:39,3
DA:40,3
DA:41,3
DA:42,3
DA:43,3
DA:44,4
DA:45,4
DA:46,4
DA:47,4
DA:48,4
DA:49,4
DA:50,4
DA:51,4
DA:52,4
LF:52
LH:52
BRDA:45,0,0,0
BRDA:20,1,0,3
BRDA:27,2,0,3
BRDA:35,3,0,0
BRDA:41,4,0,0
BRF:5
BRH:2
end_of_record
TN:
SF:src/components/grid-menu-item/grid-menu-item.ts
FN:18,ZetaGridMenuItem
FN:22,render
FNF:2
FNH:2
FNDA:43,ZetaGridMenuItem
FNDA:43,render
DA:1,6
DA:2,6
DA:3,6
DA:4,6
DA:5,6
DA:6,6
DA:7,6
DA:8,6
DA:9,6
DA:10,6
DA:11,6
DA:12,6
DA:13,6
DA:14,6
DA:15,6
DA:16,6
DA:17,6
DA:18,6
DA:19,43
DA:20,43
DA:21,6
DA:22,6
DA:23,43
DA:24,43
DA:25,43
DA:26,43
DA:27,43
DA:28,43
DA:29,43
DA:30,43
DA:31,43
DA:32,43
DA:33,6
DA:34,6
DA:35,6
DA:36,6
DA:37,6
DA:38,6
DA:39,6
DA:40,6
DA:41,6
LF:41
LH:41
BRDA:34,0,0,0
BRDA:18,1,0,43
BRDA:22,2,0,43
BRDA:25,3,0,0
BRF:4
BRH:2
end_of_record
TN:
SF:src/components/icon/icon.ts
FN:47,render
FNF:1
FNH:1
FNDA:1083,render
DA:1,42
DA:2,42
DA:3,42
DA:4,42
DA:5,42
DA:6,42
DA:7,42
DA:8,42
DA:9,42
DA:10,42
DA:11,42
DA:12,42
DA:13,42
DA:14,42
DA:15,42
DA:16,42
DA:17,42
DA:18,42
DA:19,42
DA:20,42
DA:21,42
DA:22,42
DA:23,42
DA:24,42
DA:25,42
DA:26,42
DA:27,42
DA:28,42
DA:29,42
DA:30,42
DA:31,42
DA:32,42
DA:33,42
DA:34,42
DA:35,42
DA:36,42
DA:37,42
DA:38,42
DA:39,42
DA:40,42
DA:41,42
DA:42,42
DA:43,42
DA:44,42
DA:45,42
DA:46,42
DA:47,42
DA:48,1083
DA:49,1083
DA:50,42
DA:51,42
DA:52,42
DA:53,42
DA:54,42
DA:55,42
DA:56,42
DA:57,42
LF:57
LH:57
BRDA:50,0,0,0
BRDA:47,1,0,1083
BRDA:48,2,0,530
BRDA:48,3,0,1044
BRF:4
BRH:3
end_of_record
TN:
SF:src/components/illustration/illustration.ts
FN:61,ZetaIllustration
FN:73,ZetaIllustration.getIllustrationPath
FN:82,render
FNF:3
FNH:3
FNDA:7,ZetaIllustration
FNDA:7,ZetaIllustration.getIllustrationPath
FNDA:7,render
DA:1,4
DA:2,4
DA:3,4
DA:4,4
DA:5,4
DA:6,4
DA:7,4
DA:8,4
DA:9,4
DA:10,4
DA:11,4
DA:12,4
DA:13,4
DA:14,4
DA:15,4
DA:16,4
DA:17,4
DA:18,4
DA:19,4
DA:20,4
DA:21,4
DA:22,4
DA:23,4
DA:24,4
DA:25,4
DA:26,4
DA:27,4
DA:28,4
DA:29,4
DA:30,4
DA:31,4
DA:32,4
DA:33,4
DA:34,4
DA:35,4
DA:36,4
DA:37,4
DA:38,4
DA:39,4
DA:40,4
DA:41,4
DA:42,4
DA:43,4
DA:44,4
DA:45,4
DA:46,4
DA:47,4
DA:48,4
DA:49,4
DA:50,4
DA:51,4
DA:52,4
DA:53,4
DA:54,4
DA:55,4
DA:56,4
DA:57,4
DA:58,4
DA:59,4
DA:60,4
DA:61,4
DA:62,7
DA:63,7
DA:64,7
DA:65,7
DA:66,7
DA:67,7
DA:68,7
DA:69,7
DA:70,7
DA:71,7
DA:72,7
DA:73,7
DA:74,7
DA:75,7
DA:76,7
DA:77,0
DA:78,0
DA:79,7
DA:80,7
DA:81,4
DA:82,4
DA:83,7
DA:84,7
DA:85,4
DA:86,4
DA:87,4
DA:88,4
DA:89,4
DA:90,4
DA:91,4
LF:91
LH:89
BRDA:61,0,0,7
BRDA:73,1,0,7
BRDA:76,2,0,0
BRDA:82,3,0,7
BRF:4
BRH:3
end_of_record
TN:
SF:src/components/in-page-banner/in-page-banner.ts
FN:25,ZetaInPageBanner
FN:42,ZetaInPageBanner.getIcon
FN:55,render
FNF:3
FNH:3
FNDA:3,ZetaInPageBanner
FNDA:3,ZetaInPageBanner.getIcon
FNDA:3,render
DA:1,4
DA:2,4
DA:3,4
DA:4,4
DA:5,4
DA:6,4
DA:7,4
DA:8,4
DA:9,4
DA:10,4
DA:11,4
DA:12,4
DA:13,4
DA:14,4
DA:15,4
DA:16,4
DA:17,4
DA:18,4
DA:19,4
DA:20,4
DA:21,4
DA:22,4
DA:23,4
DA:24,4
DA:25,4
DA:26,3
DA:27,3
DA:28,3
DA:29,3
DA:30,3
DA:31,3
DA:32,3
DA:33,3
DA:34,3
DA:35,3
DA:36,3
DA:37,3
DA:38,3
DA:39,3
DA:40,3
DA:41,3
DA:42,3
DA:43,3
DA:44,3
DA:45,0
DA:46,3
DA:47,0
DA:48,3
DA:49,0
DA:50,3
DA:51,3
DA:52,3
DA:53,3
DA:54,4
DA:55,4
DA:56,3
DA:57,3
DA:58,3
DA:59,3
DA:60,3
DA:61,3
DA:62,3
DA:63,3
DA:64,3
DA:65,3
DA:66,3
DA:67,3
DA:68,3
DA:69,3
DA:70,3
DA:71,3
DA:72,4
DA:73,4
DA:74,4
DA:75,4
DA:76,4
DA:77,4
DA:78,4
LF:78
LH:75
BRDA:40,0,0,0
BRDA:25,1,0,3
BRDA:42,2,0,3
BRDA:44,3,0,0
BRDA:46,4,0,0
BRDA:48,5,0,0
BRDA:55,6,0,3
BRF:7
BRH:3
end_of_record
TN:
SF:src/components/list/list.ts
FN:15,ZetaList
FN:19,render
FNF:2
FNH:0
FNDA:0,ZetaList
FNDA:0,render
DA:1,4
DA:2,4
DA:3,4
DA:4,4
DA:5,4
DA:6,4
DA:7,4
DA:8,4
DA:9,4
DA:10,4
DA:11,4
DA:12,4
DA:13,4
DA:14,4
DA:15,4
DA:16,0
DA:17,0
DA:18,4
DA:19,4
DA:20,0
DA:21,0
DA:22,4
DA:23,4
DA:24,4
DA:25,4
DA:26,4
DA:27,4
DA:28,4
DA:29,4
DA:30,4
LF:30
LH:26
BRF:0
BRH:0
end_of_record
TN:
SF:src/components/list/list-item/list-item.ts
FN:19,render
FNF:1
FNH:1
FNDA:18,render
DA:1,4
DA:2,4
DA:3,4
DA:4,4
DA:5,4
DA:6,4
DA:7,4
DA:8,4
DA:9,4
DA:10,4
DA:11,4
DA:12,4
DA:13,4
DA:14,4
DA:15,4
DA:16,4
DA:17,4
DA:18,4
DA:19,4
DA:20,18
DA:21,18
DA:22,18
DA:23,18
DA:24,18
DA:25,18
DA:26,18
DA:27,18
DA:28,18
DA:29,18
DA:30,18
DA:31,18
DA:32,4
DA:33,4
DA:34,4
DA:35,4
DA:36,4
DA:37,4
DA:38,4
DA:39,4
DA:40,4
LF:40
LH:40
BRDA:19,0,0,18
BRF:1
BRH:1
end_of_record
TN:
SF:src/components/login-page/login-page.ts
FN:22,login
FN:27,render
FNF:2
FNH:0
FNDA:0,login
FNDA:0,render
DA:1,3
DA:2,3
DA:3,3
DA:4,3
DA:5,3
DA:6,3
DA:7,3
DA:8,3
DA:9,3
DA:10,3
DA:11,3
DA:12,3
DA:13,3
DA:14,3
DA:15,3
DA:16,3
DA:17,3
DA:18,3
DA:19,3
DA:20,3
DA:21,3
DA:22,3
DA:23,0
DA:24,0
DA:25,3
DA:26,3
DA:27,3
DA:28,0
DA:29,0
DA:30,0
DA:31,0
DA:32,0
DA:33,0
DA:34,0
DA:35,0
DA:36,0
DA:37,0
DA:38,0
DA:39,0
DA:40,0
DA:41,0
DA:42,0
DA:43,0
DA:44,0
DA:45,3
DA:46,3
DA:47,3
DA:48,3
DA:49,3
DA:50,3
DA:51,3
DA:52,3
DA:53,3
LF:53
LH:34
BRDA:46,0,0,0
BRF:1
BRH:0
end_of_record
TN:
SF:src/components/navigation-bar/navigation-bar.ts
FN:16,ZetaNavigationBar
FN:19,render
FNF:2
FNH:2
FNDA:5,ZetaNavigationBar
FNDA:5,render
DA:1,4
DA:2,4
DA:3,4
DA:4,4
DA:5,4
DA:6,4
DA:7,4
DA:8,4
DA:9,4
DA:10,4
DA:11,4
DA:12,4
DA:13,4
DA:14,4
DA:15,4
DA:16,4
DA:17,5
DA:18,4
DA:19,4
DA:20,5
DA:21,5
DA:22,4
DA:23,4
DA:24,4
DA:25,4
DA:26,4
DA:27,4
DA:28,4
DA:29,4
DA:30,4
DA:31,4
LF:31
LH:31
BRDA:16,0,0,5
BRDA:19,1,0,5
BRF:2
BRH:2
end_of_record
TN:
SF:src/components/navigation-drawer/navigation-drawer.ts
FN:26,ZetaNavigationDrawer
FN:41,render
FNF:2
FNH:2
FNDA:1,ZetaNavigationDrawer
FNDA:1,render
DA:1,4
DA:2,4
DA:3,4
DA:4,4
DA:5,4
DA:6,4
DA:7,4
DA:8,4
DA:9,4
DA:10,4
DA:11,4
DA:12,4
DA:13,4
DA:14,4
DA:15,4
DA:16,4
DA:17,4
DA:18,4
DA:19,4
DA:20,4
DA:21,4
DA:22,4
DA:23,4
DA:24,4
DA:25,4
DA:26,4
DA:27,1
DA:28,1
DA:29,1
DA:30,1
DA:31,1
DA:32,1
DA:33,1
DA:34,1
DA:35,4
DA:36,4
DA:37,4
DA:38,4
DA:39,4
DA:40,4
DA:41,4
DA:42,1
DA:43,1
DA:44,1
DA:45,1
DA:46,1
DA:47,1
DA:48,1
DA:49,1
DA:50,1
DA:51,1
DA:52,1
DA:53,1
DA:54,4
DA:55,4
DA:56,4
DA:57,4
DA:58,4
DA:59,4
DA:60,4
DA:61,4
DA:62,4
LF:62
LH:62
BRDA:55,0,0,0
BRDA:26,1,0,1
BRDA:41,2,0,1
BRF:3
BRH:2
end_of_record
TN:
SF:src/components/navigation-drawer/navigation-drawer-footer/navigation-drawer-footer.ts
FN:19,ZetaNavigationDrawerFooter
FN:63,getLogoFooter
FN:72,render
FN:54,ZetaNavigationDrawerFooter.handleSlotChange
FNF:4
FNH:2
FNDA:1,ZetaNavigationDrawerFooter
FNDA:0,getLogoFooter
FNDA:1,render
FNDA:0,ZetaNavigationDrawerFooter.handleSlotChange
DA:1,5
DA:2,5
DA:3,5
DA:4,5
DA:5,5
DA:6,5
DA:7,5
DA:8,5
DA:9,5
DA:10,5
DA:11,5
DA:12,5
DA:13,5
DA:14,5
DA:15,5
DA:16,5
DA:17,5
DA:18,5
DA:19,5
DA:20,1
DA:21,1
DA:22,1
DA:23,1
DA:24,1
DA:25,1
DA:26,1
DA:27,1
DA:28,1
DA:29,1
DA:30,1
DA:31,1
DA:32,1
DA:33,1
DA:34,1
DA:35,1
DA:36,1
DA:37,1
DA:38,1
DA:39,1
DA:40,1
DA:41,1
DA:42,1
DA:43,1
DA:44,1
DA:45,1
DA:46,1
DA:47,1
DA:48,1
DA:49,1
DA:50,1
DA:51,1
DA:52,1
DA:53,1
DA:54,1
DA:55,0
DA:56,0
DA:57,0
DA:58,0
DA:59,0
DA:60,0
DA:61,0
DA:62,5
DA:63,5
DA:64,0
DA:65,0
DA:66,0
DA:67,0
DA:68,0
DA:69,0
DA:70,0
DA:71,5
DA:72,5
DA:73,1
DA:74,1
DA:75,1
DA:76,1
DA:77,0
DA:78,1
DA:79,1
DA:80,5
DA:81,5
DA:82,5
DA:83,5
DA:84,5
DA:85,5
DA:86,5
DA:87,5
DA:88,5
LF:88
LH:73
BRDA:19,0,0,1
BRDA:45,1,0,0
BRDA:72,2,0,1
BRDA:76,3,0,0
BRF:4
BRH:2
end_of_record
TN:
SF:src/components/navigation-drawer/navigation-drawer-header/navigation-drawer-header.ts
FN:16,ZetaNavigationDrawerHeader
FN:26,render
FNF:2
FNH:0
FNDA:0,ZetaNavigationDrawerHeader
FNDA:0,render
DA:1,4
DA:2,4
DA:3,4
DA:4,4
DA:5,4
DA:6,4
DA:7,4
DA:8,4
DA:9,4
DA:10,4
DA:11,4
DA:12,4
DA:13,4
DA:14,4
DA:15,4
DA:16,4
DA:17,0
DA:18,0
DA:19,0
DA:20,0
DA:21,0
DA:22,0
DA:23,0
DA:24,0
DA:25,4
DA:26,4
DA:27,0
DA:28,0
DA:29,0
DA:30,0
DA:31,0
DA:32,0
DA:33,0
DA:34,0
DA:35,0
DA:36,0
DA:37,0
DA:38,0
DA:39,0
DA:40,4
DA:41,4
DA:42,4
DA:43,4
DA:44,4
DA:45,4
DA:46,4
DA:47,4
DA:48,4
LF:48
LH:27
BRF:0
BRH:0
end_of_record
TN:
SF:src/components/navigation-drawer/navigation-drawer-item/navigation-drawer-item.ts
FN:18,ZetaNavigationDrawerItem
FN:25,render
FNF:2
FNH:2
FNDA:1,ZetaNavigationDrawerItem
FNDA:1,render
DA:1,5
DA:2,5
DA:3,5
DA:4,5
DA:5,5
DA:6,5
DA:7,5
DA:8,5
DA:9,5
DA:10,5
DA:11,5
DA:12,5
DA:13,5
DA:14,5
DA:15,5
DA:16,5
DA:17,5
DA:18,5
DA:19,1
DA:20,1
DA:21,1
DA:22,1
DA:23,1
DA:24,5
DA:25,5
DA:26,1
DA:27,1
DA:28,1
DA:29,1
DA:30,1
DA:31,1
DA:32,1
DA:33,1
DA:34,1
DA:35,1
DA:36,1
DA:37,5
DA:38,5
DA:39,5
DA:40,5
DA:41,5
DA:42,5
DA:43,5
DA:44,5
DA:45,5
LF:45
LH:45
BRDA:38,0,0,0
BRDA:18,1,0,1
BRDA:25,2,0,1
BRF:3
BRH:2
end_of_record
TN:
SF:src/components/navigation-drawer/navigation-drawer-sub-item/navigation-drawer-sub-item.ts
FN:15,ZetaNavigationDrawerSubItem
FN:22,render
FNF:2
FNH:2
FNDA:1,ZetaNavigationDrawerSubItem
FNDA:1,render
DA:1,5
DA:2,5
DA:3,5
DA:4,5
DA:5,5
DA:6,5
DA:7,5
DA:8,5
DA:9,5
DA:10,5
DA:11,5
DA:12,5
DA:13,5
DA:14,5
DA:15,5
DA:16,1
DA:17,1
DA:18,1
DA:19,1
DA:20,1
DA:21,5
DA:22,5
DA:23,1
DA:24,1
DA:25,1
DA:26,1
DA:27,1
DA:28,1
DA:29,1
DA:30,5
DA:31,5
DA:32,5
DA:33,5
DA:34,5
DA:35,5
DA:36,5
DA:37,5
DA:38,5
LF:38
LH:38
BRDA:31,0,0,0
BRDA:15,1,0,1
BRDA:22,2,0,1
BRF:3
BRH:2
end_of_record
TN:
SF:src/components/navigation-profile/navigation-profile.ts
FN:16,render
FNF:1
FNH:1
FNDA:1,render
DA:1,4
DA:2,4
DA:3,4
DA:4,4
DA:5,4
DA:6,4
DA:7,4
DA:8,4
DA:9,4
DA:10,4
DA:11,4
DA:12,4
DA:13,4
DA:14,4
DA:15,4
DA:16,4
DA:17,1
DA:18,1
DA:19,1
DA:20,1
DA:21,1
DA:22,1
DA:23,1
DA:24,1
DA:25,1
DA:26,1
DA:27,4
DA:28,4
DA:29,4
DA:30,4
DA:31,4
DA:32,4
DA:33,4
DA:34,4
DA:35,4
LF:35
LH:35
BRDA:28,0,0,0
BRDA:16,1,0,1
BRF:2
BRH:1
end_of_record
TN:
SF:src/components/navigation-rail/navigation-rail-item.ts
FN:19,ZetaNavigationRailItem
FN:31,render
FNF:2
FNH:2
FNDA:8,ZetaNavigationRailItem
FNDA:9,render
DA:1,5
DA:2,5
DA:3,5
DA:4,5
DA:5,5
DA:6,5
DA:7,5
DA:8,5
DA:9,5
DA:10,5
DA:11,5
DA:12,5
DA:13,5
DA:14,5
DA:15,5
DA:16,5
DA:17,5
DA:18,5
DA:19,5
DA:20,8
DA:21,8
DA:22,8
DA:23,8
DA:24,8
DA:25,8
DA:26,8
DA:27,8
DA:28,8
DA:29,8
DA:30,5
DA:31,5
DA:32,9
DA:33,9
DA:34,9
DA:35,9
DA:36,9
DA:37,9
DA:38,9
DA:39,5
DA:40,5
DA:41,5
DA:42,5
DA:43,5
DA:44,5
DA:45,5
DA:46,5
DA:47,5
LF:47
LH:47
BRDA:40,0,0,0
BRDA:19,1,0,8
BRDA:31,2,0,9
BRF:3
BRH:2
end_of_record
TN:
SF:src/components/navigation-rail/navigation-rail.ts
FN:16,render
FNF:1
FNH:1
FNDA:2,render
DA:1,4
DA:2,4
DA:3,4
DA:4,4
DA:5,4
DA:6,4
DA:7,4
DA:8,4
DA:9,4
DA:10,4
DA:11,4
DA:12,4
DA:13,4
DA:14,4
DA:15,4
DA:16,4
DA:17,2
DA:18,2
DA:19,4
DA:20,4
DA:21,4
DA:22,4
DA:23,4
DA:24,4
DA:25,4
DA:26,4
DA:27,4
LF:27
LH:27
BRDA:20,0,0,0
BRDA:16,1,0,2
BRF:2
BRH:1
end_of_record
TN:
SF:src/components/pagination/pagination.ts
FN:20,ZetaPagination
FN:45,ZetaPagination.range
FN:53,ZetaPagination.handlePageChange
FN:60,ZetaPagination.result
FN:35,set currentPage
FN:92,getIconButton
FN:106,render
FNF:7
FNH:7
FNDA:10,ZetaPagination
FNDA:10,ZetaPagination.range
FNDA:2,ZetaPagination.handlePageChange
FNDA:10,ZetaPagination.result
FNDA:7,set currentPage
FNDA:40,getIconButton
FNDA:10,render
DA:1,4
DA:2,4
DA:3,4
DA:4,4
DA:5,4
DA:6,4
DA:7,4
DA:8,4
DA:9,4
DA:10,4
DA:11,4
DA:12,4
DA:13,4
DA:14,4
DA:15,4
DA:16,4
DA:17,4
DA:18,4
DA:19,4
DA:20,4
DA:21,10
DA:22,10
DA:23,10
DA:24,10
DA:25,10
DA:26,10
DA:27,10
DA:28,10
DA:29,10
DA:30,10
DA:31,10
DA:32,10
DA:33,10
DA:34,10
DA:35,10
DA:36,7
DA:37,2
DA:38,7
DA:39,1
DA:40,5
DA:41,4
DA:42,4
DA:43,7
DA:44,10
DA:45,10
DA:46,10
DA:47,10
DA:48,10
DA:49,10
DA:50,10
DA:51,10
DA:52,10
DA:53,10
DA:54,2
DA:55,2
DA:56,2
DA:57,10
DA:58,10
DA:59,10
DA:60,10
DA:61,10
DA:62,10
DA:63,10
DA:64,10
DA:65,10
DA:66,10
DA:67,10
DA:68,10
DA:69,1
DA:70,1
DA:71,9
DA:72,10
DA:73,6
DA:74,6
DA:75,6
DA:76,6
DA:77,3
DA:78,10
DA:79,2
DA:80,2
DA:81,2
DA:82,2
DA:83,1
DA:84,10
DA:85,1
DA:86,1
DA:87,1
DA:88,0
DA:89,0
DA:90,10
DA:91,4
DA:92,4
DA:93,40
DA:94,40
DA:95,40
DA:96,40
DA:97,40
DA:98,40
DA:99,40
DA:100,40
DA:101,40
DA:102,40
DA:103,40
DA:104,40
DA:105,4
DA:106,4
DA:107,10
DA:108,10
DA:109,10
DA:110,10
DA:111,10
DA:112,10
DA:113,10
DA:114,10
DA:115,68
DA:116,68
DA:117,68
DA:118,68
DA:119,10
DA:120,68
DA:121,58
DA:122,58
DA:123,10
DA:124,10
DA:125,10
DA:126,10
DA:127,10
DA:128,10
DA:129,4
DA:130,4
DA:131,4
DA:132,4
DA:133,4
DA:134,4
DA:135,4
LF:135
LH:133
BRDA:21,0,0,0
BRDA:20,1,0,10
BRDA:45,2,0,10
BRDA:47,3,0,48
BRDA:53,4,0,2
BRDA:60,5,0,10
BRDA:68,6,0,1
BRDA:70,7,0,9
BRDA:72,8,0,6
BRDA:72,9,0,6
BRDA:76,10,0,3
BRDA:78,11,0,2
BRDA:82,12,0,1
BRDA:84,13,0,1
BRDA:87,14,0,0
BRDA:35,15,0,7
BRDA:36,16,0,2
BRDA:38,17,0,5
BRDA:38,18,0,1
BRDA:40,19,0,4
BRDA:92,20,0,40
BRDA:98,21,0,2
BRDA:106,22,0,10
BRDA:114,23,0,68
BRDA:118,24,0,10
BRDA:120,25,0,58
BRF:26
BRH:24
end_of_record
TN:
SF:src/components/progress-indicators/progress-bar/progress-bar.ts
FN:15,ZetaProgressBar
FN:35,getBufferingDots
FN:47,render
FNF:3
FNH:3
FNDA:1,ZetaProgressBar
FNDA:1,getBufferingDots
FNDA:1,render
DA:1,4
DA:2,4
DA:3,4
DA:4,4
DA:5,4
DA:6,4
DA:7,4
DA:8,4
DA:9,4
DA:10,4
DA:11,4
DA:12,4
DA:13,4
DA:14,4
DA:15,4
DA:16,1
DA:17,1
DA:18,1
DA:19,1
DA:20,1
DA:21,1
DA:22,1
DA:23,1
DA:24,4
DA:25,4
DA:26,4
DA:27,4
DA:28,4
DA:29,4
DA:30,4
DA:31,4
DA:32,4
DA:33,4
DA:34,4
DA:35,4
DA:36,1
DA:37,0
DA:38,0
DA:39,0
DA:40,0
DA:41,0
DA:42,1
DA:43,1
DA:44,1
DA:45,1
DA:46,4
DA:47,4
DA:48,1
DA:49,1
DA:50,1
DA:51,1
DA:52,1
DA:53,1
DA:54,1
DA:55,1
DA:56,1
DA:57,1
DA:58,1
DA:59,1
DA:60,1
DA:61,1
DA:62,4
DA:63,4
DA:64,4
DA:65,4
DA:66,4
DA:67,4
DA:68,4
DA:69,4
DA:70,4
LF:70
LH:65
BRDA:63,0,0,0
BRDA:15,1,0,1
BRDA:35,2,0,1
BRDA:36,3,0,0
BRDA:47,4,0,1
BRDA:53,5,0,0
BRDA:56,6,0,0
BRF:7
BRH:3
end_of_record
TN:
SF:src/components/progress-indicators/progress-circle/progress-circle.ts
FN:19,ZetaProgressCircle
FN:53,ZetaProgressCircle.getStrokeDasharray
FN:59,ZetaProgressCircle.getStrokeDashoffset
FN:65,ZetaProgressCircle.renderUploading
FN:86,type.styleMap.padding
FN:36,set progress
FN:101,render
FNF:7
FNH:7
FNDA:9,ZetaProgressCircle
FNDA:20,ZetaProgressCircle.getStrokeDasharray
FNDA:10,ZetaProgressCircle.getStrokeDashoffset
FNDA:10,ZetaProgressCircle.renderUploading
FNDA:1,type.styleMap.padding
FNDA:5,set progress
FNDA:10,render
DA:1,5
DA:2,5
DA:3,5
DA:4,5
DA:5,5
DA:6,5
DA:7,5
DA:8,5
DA:9,5
DA:10,5
DA:11,5
DA:12,5
DA:13,5
DA:14,5
DA:15,5
DA:16,5
DA:17,5
DA:18,5
DA:19,5
DA:20,9
DA:21,9
DA:22,9
DA:23,9
DA:24,9
DA:25,9
DA:26,9
DA:27,9
DA:28,9
DA:29,9
DA:30,9
DA:31,9
DA:32,9
DA:33,9
DA:34,9
DA:35,9
DA:36,9
DA:37,5
DA:38,2
DA:39,2
DA:40,2
DA:41,3
DA:42,5
DA:43,1
DA:44,1
DA:45,1
DA:46,2
DA:47,2
DA:48,5
DA:49,9
DA:50,9
DA:51,9
DA:52,9
DA:53,9
DA:54,20
DA:55,20
DA:56,20
DA:57,20
DA:58,9
DA:59,9
DA:60,10
DA:61,10
DA:62,10
DA:63,10
DA:64,9
DA:65,9
DA:66,10
DA:67,4
DA:68,4
DA:69,4
DA:70,4
DA:71,4
DA:72,4
DA:73,4
DA:74,4
DA:75,4
DA:76,4
DA:77,4
DA:78,4
DA:79,4
DA:80,4
DA:81,4
DA:82,4
DA:83,0
DA:84,4
DA:85,4
DA:86,4
DA:87,1
DA:88,4
DA:89,4
DA:90,4
DA:91,4
DA:92,4
DA:93,4
DA:94,4
DA:95,6
DA:96,6
DA:97,6
DA:98,6
DA:99,10
DA:100,5
DA:101,5
DA:102,10
DA:103,10
DA:104,10
DA:105,10
DA:106,10
DA:107,10
DA:108,10
DA:109,0
DA:110,0
DA:111,0
DA:112,10
DA:113,10
DA:114,10
DA:115,10
DA:116,10
DA:117,10
DA:118,10
DA:119,10
DA:120,10
DA:121,10
DA:122,10
DA:123,10
DA:124,10
DA:125,10
DA:126,10
DA:127,10
DA:128,10
DA:129,10
DA:130,10
DA:131,10
DA:132,5
DA:133,5
DA:134,5
DA:135,5
DA:136,5
DA:137,5
DA:138,5
LF:138
LH:134
BRDA:20,0,0,0
BRDA:19,1,0,9
BRDA:53,2,0,20
BRDA:54,3,0,0
BRDA:59,4,0,10
BRDA:60,5,0,0
BRDA:65,6,0,10
BRDA:82,7,0,0
BRDA:94,8,0,6
BRDA:36,9,0,5
BRDA:37,10,0,3
BRDA:37,11,0,4
BRDA:42,12,0,1
BRDA:45,13,0,2
BRDA:101,14,0,10
BRDA:105,15,0,6
BRDA:108,16,0,0
BRDA:121,17,0,0
BRDA:66,18,0,4
BRDA:86,19,0,3
BRDA:37,20,0,2
BRDA:40,21,0,3
BRDA:42,22,0,3
BRDA:105,23,0,4
BRF:24
BRH:18
end_of_record
TN:
SF:src/components/radio-button/radio-button-controller.ts
FN:5,RadioButtonController
FN:8,hostConnected
FN:12,hostDisconnected
FN:15,handleChange
FN:25,get radios
FNF:5
FNH:5
FNDA:9,RadioButtonController
FNDA:12,hostConnected
FNDA:9,hostDisconnected
FNDA:15,handleChange
FNDA:4,get radios
DA:1,5
DA:2,5
DA:3,5
DA:4,5
DA:5,5
DA:6,9
DA:7,5
DA:8,5
DA:9,12
DA:10,12
DA:11,12
DA:12,5
DA:13,9
DA:14,9
DA:15,5
DA:16,15
DA:17,4
DA:18,8
DA:19,4
DA:20,4
DA:21,8
DA:22,4
DA:23,4
DA:24,15
DA:25,5
DA:26,4
DA:27,4
DA:28,4
DA:29,5
DA:30,5
DA:31,5
DA:32,5
LF:32
LH:32
BRDA:5,0,0,9
BRDA:8,1,0,12
BRDA:12,2,0,9
BRDA:15,3,0,15
BRDA:16,4,0,4
BRDA:17,5,0,8
BRDA:18,6,0,4
BRDA:25,7,0,4
BRF:8
BRH:8
end_of_record
TN:
SF:src/components/radio-button/radio-button.ts
FN:19,ZetaRadioButton
FN:25,handleChange
FNF:2
FNH:2
FNDA:9,ZetaRadioButton
FNDA:3,handleChange
DA:1,5
DA:2,5
DA:3,5
DA:4,5
DA:5,5
DA:6,5
DA:7,5
DA:8,5
DA:9,5
DA:10,5
DA:11,5
DA:12,5
DA:13,5
DA:14,5
DA:15,5
DA:16,5
DA:17,5
DA:18,5
DA:19,5
DA:20,9
DA:21,9
DA:22,9
DA:23,9
DA:24,5
DA:25,5
DA:26,3
DA:27,3
DA:28,3
DA:29,5
DA:30,5
DA:31,5
DA:32,5
DA:33,5
DA:34,5
DA:35,5
DA:36,5
LF:36
LH:36
BRDA:19,0,0,9
BRDA:25,1,0,3
BRF:2
BRH:2
end_of_record
TN:
SF:src/components/search/search.ts
FN:26,ZetaSearch
FN:54,ZetaSearch.resetInput
FN:63,ZetaSearch.handleSpeechRecognition
FN:80,ZetaSearch.renderRightIcon
FN:89,ZetaSearch.renderCancelIcon
FN:43,focus
FN:47,blur
FN:93,render
FNF:8
FNH:7
FNDA:12,ZetaSearch
FNDA:1,ZetaSearch.resetInput
FNDA:0,ZetaSearch.handleSpeechRecognition
FNDA:17,ZetaSearch.renderRightIcon
FNDA:17,ZetaSearch.renderCancelIcon
FNDA:2,focus
FNDA:1,blur
FNDA:17,render
DA:1,4
DA:2,4
DA:3,4
DA:4,4
DA:5,4
DA:6,4
DA:7,4
DA:8,4
DA:9,4
DA:10,4
DA:11,4
DA:12,4
DA:13,4
DA:14,4
DA:15,4
DA:16,4
DA:17,4
DA:18,4
DA:19,4
DA:20,4
DA:21,4
DA:22,4
DA:23,4
DA:24,4
DA:25,4
DA:26,4
DA:27,12
DA:28,12
DA:29,12
DA:30,12
DA:31,12
DA:32,12
DA:33,12
DA:34,12
DA:35,12
DA:36,12
DA:37,12
DA:38,12
DA:39,12
DA:40,12
DA:41,12
DA:42,12
DA:43,12
DA:44,2
DA:45,2
DA:46,12
DA:47,12
DA:48,1
DA:49,1
DA:50,12
DA:51,12
DA:52,12
DA:53,12
DA:54,12
DA:55,1
DA:56,1
DA:57,1
DA:58,12
DA:59,12
DA:60,12
DA:61,12
DA:62,12
DA:63,12
DA:64,0
DA:65,0
DA:66,0
DA:67,0
DA:68,0
DA:69,0
DA:70,0
DA:71,0
DA:72,0
DA:73,0
DA:74,0
DA:75,0
DA:76,0
DA:77,0
DA:78,0
DA:79,12
DA:80,12
DA:81,17
DA:82,2
DA:83,2
DA:84,17
DA:85,15
DA:86,15
DA:87,17
DA:88,12
DA:89,12
DA:90,17
DA:91,17
DA:92,4
DA:93,4
DA:94,17
DA:95,17
DA:96,17
DA:97,17
DA:98,0
DA:99,0
DA:100,17
DA:101,17
DA:102,17
DA:103,17
DA:104,17
DA:105,17
DA:106,17
DA:107,4
DA:108,4
DA:109,4
DA:110,4
DA:111,4
DA:112,4
DA:113,4
DA:114,4
DA:115,4
LF:115
LH:98
BRDA:108,0,0,0
BRDA:26,1,0,12
BRDA:54,2,0,1
BRDA:80,3,0,17
BRDA:81,4,0,4
BRDA:81,5,0,2
BRDA:82,6,0,0
BRDA:84,7,0,15
BRDA:89,8,0,17
BRDA:90,9,0,2
BRDA:90,10,0,15
BRDA:43,11,0,2
BRDA:47,12,0,1
BRDA:93,13,0,17
BRF:14
BRH:12
end_of_record
TN:
SF:src/components/segmented-control/segmented-control.ts
FN:31,ZetaSegmentedControl
FN:40,Promise.then.item.active
FN:50,findSegmentedItem
FN:60,firstUpdated
FN:69,Promise.then.initComplete
FN:74,render
FNF:6
FNH:6
FNDA:4,ZetaSegmentedControl
FNDA:1,Promise.then.item.active
FNDA:3,findSegmentedItem
FNDA:4,firstUpdated
FNDA:4,Promise.then.initComplete
FNDA:9,render
DA:1,4
DA:2,4
DA:3,4
DA:4,4
DA:5,4
DA:6,4
DA:7,4
DA:8,4
DA:9,4
DA:10,4
DA:11,4
DA:12,4
DA:13,4
DA:14,4
DA:15,4
DA:16,4
DA:17,4
DA:18,4
DA:19,4
DA:20,4
DA:21,4
DA:22,4
DA:23,4
DA:24,4
DA:25,4
DA:26,4
DA:27,4
DA:28,4
DA:29,4
DA:30,4
DA:31,4
DA:32,4
DA:33,4
DA:34,1
DA:35,1
DA:36,1
DA:37,3
DA:38,3
DA:39,1
DA:40,1
DA:41,0
DA:42,1
DA:43,3
DA:44,2
DA:45,2
DA:46,1
DA:47,4
DA:48,4
DA:49,4
DA:50,4
DA:51,3
DA:52,3
DA:53,3
DA:54,0
DA:55,0
DA:56,0
DA:57,0
DA:58,3
DA:59,4
DA:60,4
DA:61,4
DA:62,12
DA:63,0
DA:64,0
DA:65,4
DA:66,4
DA:67,4
DA:68,4
DA:69,4
DA:70,0
DA:71,4
DA:72,4
DA:73,4
DA:74,4
DA:75,9
DA:76,9
DA:77,9
DA:78,9
DA:79,9
DA:80,9
DA:81,9
DA:82,9
DA:83,9
DA:84,9
DA:85,9
DA:86,9
DA:87,9
DA:88,9
DA:89,4
DA:90,4
DA:91,4
DA:92,4
DA:93,4
DA:94,4
DA:95,4
DA:96,4
DA:97,4
LF:97
LH:89
BRDA:90,0,0,0
BRDA:31,1,0,4
BRDA:33,2,0,1
BRDA:34,3,0,0
BRDA:36,4,0,3
BRDA:38,5,0,1
BRDA:43,6,0,2
BRDA:40,7,0,1
BRDA:50,8,0,3
BRDA:53,9,0,0
BRDA:60,10,0,4
BRDA:61,11,0,12
BRDA:62,12,0,0
BRDA:69,13,0,4
BRDA:74,14,0,9
BRDA:79,15,0,0
BRDA:81,16,0,5
BRDA:82,17,0,5
BRDA:82,18,0,4
BRDA:83,19,0,5
BRF:20
BRH:15
end_of_record
TN:
SF:src/components/segmented-control/segmented-item.ts
FN:14,ZetaSegmentedItem
FN:20,render
FNF:2
FNH:2
FNDA:11,ZetaSegmentedItem
FNDA:11,render
DA:1,4
DA:2,4
DA:3,4
DA:4,4
DA:5,4
DA:6,4
DA:7,4
DA:8,4
DA:9,4
DA:10,4
DA:11,4
DA:12,4
DA:13,4
DA:14,4
DA:15,11
DA:16,11
DA:17,11
DA:18,11
DA:19,4
DA:20,4
DA:21,11
DA:22,11
DA:23,4
DA:24,4
DA:25,4
DA:26,4
DA:27,4
DA:28,4
DA:29,4
DA:30,4
DA:31,4
LF:31
LH:31
BRDA:24,0,0,0
BRDA:14,1,0,11
BRDA:20,2,0,11
BRF:3
BRH:2
end_of_record
TN:
SF:src/components/select-input/option.ts
FN:17,ZetaOption
FN:26,ZetaOption._handleClick
FN:34,key
FN:42,render
FNF:4
FNH:4
FNDA:102,ZetaOption
FNDA:7,ZetaOption._handleClick
FNDA:4,key
FNDA:106,render
DA:1,4
DA:2,4
DA:3,4
DA:4,4
DA:5,4
DA:6,4
DA:7,4
DA:8,4
DA:9,4
DA:10,4
DA:11,4
DA:12,4
DA:13,4
DA:14,4
DA:15,4
DA:16,4
DA:17,4
DA:18,102
DA:19,102
DA:20,102
DA:21,102
DA:22,102
DA:23,102
DA:24,102
DA:25,102
DA:26,102
DA:27,7
DA:28,7
DA:29,7
DA:30,7
DA:31,7
DA:32,7
DA:33,4
DA:34,4
DA:35,4
DA:36,4
DA:37,4
DA:38,4
DA:39,4
DA:40,4
DA:41,4
DA:42,4
DA:43,106
DA:44,106
DA:45,106
DA:46,106
DA:47,106
DA:48,106
DA:49,106
DA:50,106
DA:51,4
DA:52,4
DA:53,4
DA:54,4
DA:55,4
DA:56,4
DA:57,4
DA:58,4
DA:59,4
LF:59
LH:59
BRDA:52,0,0,0
BRDA:17,1,0,102
BRDA:26,2,0,7
BRDA:34,3,0,4
BRDA:36,4,0,0
BRDA:42,5,0,106
BRDA:43,6,0,4
BRF:7
BRH:5
end_of_record
TN:
SF:src/components/select-input/select-input.ts
FN:36,ZetaSelectInput
FN:83,ZetaSelectInput.handleChange
FN:121,ZetaSelectInput.updateSelectedOption
FN:123,ZetaSelectInput.updateOptionsWidth
FN:131,ZetaSelectInput.handleSlotChange
FN:187,ZetaSelectInput.toggleOpen
FN:202,ZetaSelectInput.handleOutsideClick
FN:116,setValue
FN:153,renderLabel
FN:162,renderInputContent
FN:176,renderHint
FN:194,key
FN:212,connectedCallback
FN:220,disconnectedCallback
FN:228,render
FNF:15
FNH:15
FNDA:17,ZetaSelectInput
FNDA:4,ZetaSelectInput.handleChange
FNDA:21,ZetaSelectInput.updateSelectedOption
FNDA:22,ZetaSelectInput.updateOptionsWidth
FNDA:21,ZetaSelectInput.handleSlotChange
FNDA:22,ZetaSelectInput.toggleOpen
FNDA:13,ZetaSelectInput.handleOutsideClick
FNDA:4,setValue
FNDA:30,renderLabel
FNDA:30,renderInputContent
FNDA:30,renderHint
FNDA:6,key
FNDA:17,connectedCallback
FNDA:17,disconnectedCallback
FNDA:30,render
DA:1,4
DA:2,4
DA:3,4
DA:4,4
DA:5,4
DA:6,4
DA:7,4
DA:8,4
DA:9,4
DA:10,4
DA:11,4
DA:12,4
DA:13,4
DA:14,4
DA:15,4
DA:16,4
DA:17,4
DA:18,4
DA:19,4
DA:20,4
DA:21,4
DA:22,4
DA:23,4
DA:24,4
DA:25,4
DA:26,4
DA:27,4
DA:28,4
DA:29,4
DA:30,4
DA:31,4
DA:32,4
DA:33,4
DA:34,4
DA:35,4
DA:36,4
DA:37,17
DA:38,17
DA:39,17
DA:40,17
DA:41,17
DA:42,17
DA:43,17
DA:44,17
DA:45,17
DA:46,17
DA:47,17
DA:48,17
DA:49,17
DA:50,17
DA:51,17
DA:52,17
DA:53,17
DA:54,17
DA:55,17
DA:56,17
DA:57,17
DA:58,17
DA:59,17
DA:60,17
DA:61,17
DA:62,17
DA:63,17
DA:64,17
DA:65,17
DA:66,17
DA:67,17
DA:68,17
DA:69,17
DA:70,17
DA:71,17
DA:72,17
DA:73,17
DA:74,17
DA:75,17
DA:76,17
DA:77,17
DA:78,17
DA:79,17
DA:80,17
DA:81,17
DA:82,17
DA:83,17
DA:84,4
DA:85,4
DA:86,17
DA:87,17
DA:88,17
DA:89,7
DA:90,7
DA:91,7
DA:92,3
DA:93,3
DA:94,3
DA:95,3
DA:96,7
DA:97,4
DA:98,4
DA:99,4
DA:100,4
DA:101,4
DA:102,52
DA:103,4
DA:104,4
DA:105,52
DA:106,48
DA:107,48
DA:108,4
DA:109,4
DA:110,4
DA:111,4
DA:112,4
DA:113,17
DA:114,17
DA:115,17
DA:116,17
DA:117,4
DA:118,4
DA:119,4
DA:120,17
DA:121,17
DA:122,17
DA:123,17
DA:124,22
DA:125,22
DA:126,22
DA:127,22
DA:128,22
DA:129,22
DA:130,17
DA:131,17
DA:132,21
DA:133,21
DA:134,21
DA:135,126
DA:136,126
DA:137,0
DA:138,0
DA:139,126
DA:140,126
DA:141,126
DA:142,126
DA:143,0
DA:144,0
DA:145,126
DA:146,126
DA:147,0
DA:148,0
DA:149,0
DA:150,21
DA:151,21
DA:152,17
DA:153,17
DA:154,30
DA:155,30
DA:156,30
DA:157,30
DA:158,30
DA:159,30
DA:160,30
DA:161,17
DA:162,17
DA:163,30
DA:164,30
DA:165,30
DA:166,6
DA:167,24
DA:168,24
DA:169,0
DA:170,0
DA:171,30
DA:172,30
DA:173,30
DA:174,30
DA:175,17
DA:176,17
DA:177,30
DA:178,30
DA:179,30
DA:180,30
DA:181,30
DA:182,30
DA:183,30
DA:184,30
DA:185,30
DA:186,17
DA:187,17
DA:188,22
DA:189,22
DA:190,22
DA:191,22
DA:192,22
DA:193,17
DA:194,17
DA:195,6
DA:196,6
DA:197,6
DA:198,6
DA:199,6
DA:200,6
DA:201,17
DA:202,17
DA:203,13
DA:204,13
DA:205,13
DA:206,13
DA:207,13
DA:208,1
DA:209,1
DA:210,13
DA:211,4
DA:212,4
DA:213,17
DA:214,17
DA:215,17
DA:216,17
DA:217,17
DA:218,17
DA:219,4
DA:220,4
DA:221,17
DA:222,17
DA:223,17
DA:224,17
DA:225,17
DA:226,17
DA:227,4
DA:228,4
DA:229,30
DA:230,30
DA:231,30
DA:232,30
DA:233,30
DA:234,30
DA:235,30
DA:236,30
DA:237,30
DA:238,30
DA:239,30
DA:240,30
DA:241,30
DA:242,30
DA:243,30
DA:244,30
DA:245,30
DA:246,30
DA:247,30
DA:248,30
DA:249,30
DA:250,4
DA:251,4
DA:252,4
DA:253,4
DA:254,4
DA:255,4
DA:256,4
LF:256
LH:247
BRDA:43,0,0,0
BRDA:36,1,0,17
BRDA:83,2,0,4
BRDA:121,3,0,21
BRDA:121,4,0,21
BRDA:121,5,0,21
BRDA:123,6,0,22
BRDA:125,7,0,0
BRDA:131,8,0,21
BRDA:134,9,0,126
BRDA:136,10,0,0
BRDA:142,11,0,0
BRDA:146,12,0,4
BRDA:146,13,0,0
BRDA:187,14,0,22
BRDA:202,15,0,13
BRDA:205,16,0,0
BRDA:205,17,0,0
BRDA:205,18,0,0
BRDA:207,19,0,9
BRDA:207,20,0,1
BRDA:88,21,0,7
BRDA:91,22,0,3
BRDA:96,23,0,4
BRDA:101,24,0,52
BRDA:102,25,0,4
BRDA:105,26,0,48
BRDA:116,27,0,4
BRDA:153,28,0,30
BRDA:157,29,0,0
BRDA:162,30,0,30
BRDA:164,31,0,0
BRDA:165,32,0,6
BRDA:166,33,0,24
BRDA:168,34,0,0
BRDA:176,35,0,30
BRDA:177,36,0,0
BRDA:177,37,0,0
BRDA:181,38,0,0
BRDA:194,39,0,6
BRDA:196,40,0,0
BRDA:212,41,0,17
BRDA:220,42,0,17
BRDA:228,43,0,30
BRDA:237,44,0,9
BRDA:238,45,0,6
BRF:46
BRH:31
end_of_record
TN:
SF:src/components/slider/slider.ts
FN:20,ZetaSlider
FN:135,ZetaSlider.onHandleMoved
FN:153,ZetaSlider.moveHandle
FN:158,ZetaSlider.mouseDownHandler
FN:184,ZetaSlider.dragHandler
FN:213,ZetaSlider.trackClickHandler
FN:223,ZetaSlider.snapHandle
FN:249,ZetaSlider.updateSelectedArea
FN:258,ZetaSlider.getSteps
FN:66,convertValueToProgress
FN:74,getHandleProgress
FN:85,getHandlePosition
FN:90,getHandleValue
FN:98,convertProgressToValue
FN:105,roundToStepValue
FN:113,setStyles
FN:124,removeStyles
FN:278,updated
FN:301,render
FN:168,dragHandler
FN:170,onMouseUp
FNF:21
FNH:18
FNDA:43,ZetaSlider
FNDA:4,ZetaSlider.onHandleMoved
FNDA:75,ZetaSlider.moveHandle
FNDA:4,ZetaSlider.mouseDownHandler
FNDA:3,ZetaSlider.dragHandler
FNDA:0,ZetaSlider.trackClickHandler
FNDA:0,ZetaSlider.snapHandle
FNDA:75,ZetaSlider.updateSelectedArea
FNDA:52,ZetaSlider.getSteps
FNDA:72,convertValueToProgress
FNDA:81,getHandleProgress
FNDA:72,getHandlePosition
FNDA:6,getHandleValue
FNDA:6,convertProgressToValue
FNDA:0,roundToStepValue
FNDA:4,setStyles
FNDA:4,removeStyles
FNDA:52,updated
FNDA:52,render
FNDA:3,dragHandler
FNDA:4,onMouseUp
DA:1,6
DA:2,6
DA:3,6
DA:4,6
DA:5,6
DA:6,6
DA:7,6
DA:8,6
DA:9,6
DA:10,6
DA:11,6
DA:12,6
DA:13,6
DA:14,6
DA:15,6
DA:16,6
DA:17,6
DA:18,6
DA:19,6
DA:20,6
DA:21,43
DA:22,43
DA:23,43
DA:24,43
DA:25,43
DA:26,43
DA:27,43
DA:28,43
DA:29,43
DA:30,43
DA:31,43
DA:32,43
DA:33,43
DA:34,43
DA:35,43
DA:36,43
DA:37,43
DA:38,43
DA:39,43
DA:40,43
DA:41,43
DA:42,43
DA:43,43
DA:44,43
DA:45,43
DA:46,43
DA:47,43
DA:48,43
DA:49,43
DA:50,43
DA:51,43
DA:52,43
DA:53,43
DA:54,43
DA:55,43
DA:56,43
DA:57,43
DA:58,43
DA:59,43
DA:60,43
DA:61,43
DA:62,43
DA:63,43
DA:64,43
DA:65,43
DA:66,43
DA:67,72
DA:68,72
DA:69,72
DA:70,72
DA:71,72
DA:72,43
DA:73,43
DA:74,43
DA:75,81
DA:76,81
DA:77,81
DA:78,81
DA:79,81
DA:80,81
DA:81,81
DA:82,43
DA:83,43
DA:84,43
DA:85,43
DA:86,72
DA:87,72
DA:88,43
DA:89,43
DA:90,43
DA:91,6
DA:92,6
DA:93,6
DA:94,6
DA:95,6
DA:96,43
DA:97,43
DA:98,43
DA:99,6
DA:100,6
DA:101,6
DA:102,6
DA:103,43
DA:104,43
DA:105,43
DA:106,0
DA:107,0
DA:108,0
DA:109,0
DA:110,0
DA:111,0
DA:112,43
DA:113,43
DA:114,4
DA:115,4
DA:116,4
DA:117,4
DA:118,4
DA:119,4
DA:120,2
DA:121,2
DA:122,4
DA:123,43
DA:124,43
DA:125,4
DA:126,4
DA:127,4
DA:128,2
DA:129,2
DA:130,4
DA:131,43
DA:132,43
DA:133,43
DA:134,43
DA:135,43
DA:136,4
DA:137,4
DA:138,4
DA:139,2
DA:140,2
DA:141,2
DA:142,2
DA:143,2
DA:144,2
DA:145,2
DA:146,2
DA:147,2
DA:148,2
DA:149,2
DA:150,2
DA:151,4
DA:152,43
DA:153,43
DA:154,75
DA:155,75
DA:156,75
DA:157,43
DA:158,43
DA:159,4
DA:160,4
DA:161,4
DA:162,4
DA:163,4
DA:164,4
DA:165,2
DA:166,2
DA:167,4
DA:168,4
DA:169,4
DA:170,4
DA:171,4
DA:172,4
DA:173,4
DA:174,4
DA:175,4
DA:176,4
DA:177,4
DA:178,4
DA:179,4
DA:180,4
DA:181,4
DA:182,4
DA:183,43
DA:184,43
DA:185,3
DA:186,3
DA:187,3
DA:188,3
DA:189,3
DA:190,3
DA:191,3
DA:192,3
DA:193,3
DA:194,2
DA:195,1
DA:196,1
DA:197,1
DA:198,1
DA:199,1
DA:200,2
DA:201,3
DA:202,3
DA:203,3
DA:204,3
DA:205,3
DA:206,3
DA:207,3
DA:208,3
DA:209,3
DA:210,3
DA:211,3
DA:212,43
DA:213,43
DA:214,0
DA:215,0
DA:216,0
DA:217,0
DA:218,0
DA:219,0
DA:220,0
DA:221,43
DA:222,43
DA:223,43
DA:224,0
DA:225,0
DA:226,0
DA:227,0
DA:228,0
DA:229,0
DA:230,0
DA:231,0
DA:232,0
DA:233,0
DA:234,0
DA:235,0
DA:236,0
DA:237,0
DA:238,0
DA:239,0
DA:240,0
DA:241,0
DA:242,0
DA:243,0
DA:244,0
DA:245,0
DA:246,0
DA:247,43
DA:248,43
DA:249,43
DA:250,75
DA:251,42
DA:252,42
DA:253,75
DA:254,33
DA:255,33
DA:256,75
DA:257,43
DA:258,43
DA:259,52
DA:260,0
DA:261,0
DA:262,0
DA:263,0
DA:264,0
DA:265,0
DA:266,0
DA:267,0
DA:268,0
DA:269,0
DA:270,0
DA:271,0
DA:272,0
DA:273,0
DA:274,0
DA:275,0
DA:276,52
DA:277,6
DA:278,6
DA:279,52
DA:280,32
DA:281,32
DA:282,32
DA:283,0
DA:284,0
DA:285,32
DA:286,32
DA:287,52
DA:288,20
DA:289,20
DA:290,20
DA:291,20
DA:292,0
DA:293,0
DA:294,0
DA:295,20
DA:296,20
DA:297,20
DA:298,20
DA:299,52
DA:300,6
DA:301,6
DA:302,52
DA:303,52
DA:304,52
DA:305,52
DA:306,52
DA:307,52
DA:308,20
DA:309,52
DA:310,52
DA:311,52
DA:312,52
DA:313,6
DA:314,6
DA:315,6
DA:316,6
DA:317,6
DA:318,6
DA:319,6
DA:320,6
DA:321,6
LF:321
LH:264
BRDA:314,0,0,0
BRDA:20,1,0,43
BRDA:153,2,0,75
BRDA:249,3,0,75
BRDA:253,4,0,33
BRDA:258,5,0,52
BRDA:259,6,0,0
BRDA:66,7,0,72
BRDA:74,8,0,81
BRDA:85,9,0,72
BRDA:278,10,0,52
BRDA:279,11,0,32
BRDA:291,12,0,0
BRDA:301,13,0,52
BRDA:308,14,0,32
BRDA:135,15,0,31
BRDA:136,16,0,27
BRDA:138,17,0,29
BRDA:158,18,0,31
BRDA:164,19,0,29
BRDA:168,20,0,30
BRDA:170,21,0,31
BRDA:184,22,0,30
BRDA:193,23,0,29
BRDA:194,24,0,28
BRDA:250,25,0,42
BRDA:90,26,0,33
BRDA:98,27,0,33
BRDA:113,28,0,31
BRDA:119,29,0,29
BRDA:124,30,0,31
BRDA:127,31,0,29
BRDA:282,32,0,0
BRDA:287,33,0,20
BRDA:307,34,0,20
BRDA:306,35,0,35
BRDA:308,36,0,18
BRF:37
BRH:33
end_of_record
TN:
SF:src/components/slider/range-selector/range-selector.ts
FN:25,ZetaRangeSelector
FN:61,ZetaRangeSelector.sliderChange
FN:71,onValueUpdated
FN:84,isError
FN:88,handleInputChange
FN:98,updateVisibleInputs
FN:103,updateHiddenInput
FN:110,handleChange
FN:115,firstUpdated
FN:119,getLabel
FN:127,getInput
FN:144,render
FNF:12
FNH:11
FNDA:14,ZetaRangeSelector
FNDA:1,ZetaRangeSelector.sliderChange
FNDA:3,onValueUpdated
FNDA:6,isError
FNDA:2,handleInputChange
FNDA:1,updateVisibleInputs
FNDA:17,updateHiddenInput
FNDA:0,handleChange
FNDA:14,firstUpdated
FNDA:33,getLabel
FNDA:66,getInput
FNDA:33,render
DA:1,4
DA:2,4
DA:3,4
DA:4,4
DA:5,4
DA:6,4
DA:7,4
DA:8,4
DA:9,4
DA:10,4
DA:11,4
DA:12,4
DA:13,4
DA:14,4
DA:15,4
DA:16,4
DA:17,4
DA:18,4
DA:19,4
DA:20,4
DA:21,4
DA:22,4
DA:23,4
DA:24,4
DA:25,4
DA:26,14
DA:27,14
DA:28,14
DA:29,14
DA:30,14
DA:31,14
DA:32,14
DA:33,14
DA:34,14
DA:35,14
DA:36,14
DA:37,14
DA:38,14
DA:39,14
DA:40,14
DA:41,14
DA:42,14
DA:43,14
DA:44,14
DA:45,14
DA:46,14
DA:47,14
DA:48,14
DA:49,14
DA:50,14
DA:51,14
DA:52,14
DA:53,14
DA:54,14
DA:55,14
DA:56,14
DA:57,14
DA:58,14
DA:59,14
DA:60,14
DA:61,14
DA:62,1
DA:63,1
DA:64,1
DA:65,1
DA:66,1
DA:67,4
DA:68,4
DA:69,4
DA:70,4
DA:71,4
DA:72,3
DA:73,3
DA:74,3
DA:75,3
DA:76,3
DA:77,3
DA:78,3
DA:79,2
DA:80,2
DA:81,3
DA:82,3
DA:83,4
DA:84,4
DA:85,6
DA:86,6
DA:87,4
DA:88,4
DA:89,2
DA:90,2
DA:91,1
DA:92,1
DA:93,1
DA:94,1
DA:95,2
DA:96,2
DA:97,4
DA:98,4
DA:99,1
DA:100,1
DA:101,1
DA:102,4
DA:103,4
DA:104,17
DA:105,17
DA:106,17
DA:107,17
DA:108,17
DA:109,4
DA:110,4
DA:111,0
DA:112,0
DA:113,0
DA:114,4
DA:115,4
DA:116,14
DA:117,14
DA:118,4
DA:119,4
DA:120,33
DA:121,2
DA:122,33
DA:123,31
DA:124,31
DA:125,33
DA:126,4
DA:127,4
DA:128,66
DA:129,66
DA:130,66
DA:131,66
DA:132,66
DA:133,66
DA:134,66
DA:135,66
DA:136,66
DA:137,66
DA:138,66
DA:139,66
DA:140,66
DA:141,66
DA:142,66
DA:143,4
DA:144,4
DA:145,33
DA:146,33
DA:147,33
DA:148,33
DA:149,33
DA:150,33
DA:151,33
DA:152,33
DA:153,33
DA:154,33
DA:155,33
DA:156,33
DA:157,33
DA:158,33
DA:159,33
DA:160,33
DA:161,33
DA:162,33
DA:163,33
DA:164,33
DA:165,33
DA:166,33
DA:167,4
DA:168,4
DA:169,4
DA:170,4
DA:171,4
DA:172,4
DA:173,4
DA:174,4
DA:175,4
LF:175
LH:172
BRDA:168,0,0,0
BRDA:25,1,0,14
BRDA:61,2,0,1
BRDA:71,3,0,3
BRDA:78,4,0,2
BRDA:84,5,0,6
BRDA:88,6,0,2
BRDA:90,7,0,1
BRDA:98,8,0,1
BRDA:103,9,0,17
BRDA:115,10,0,14
BRDA:119,11,0,33
BRDA:120,12,0,2
BRDA:122,13,0,31
BRDA:127,14,0,66
BRDA:130,15,0,62
BRDA:132,16,0,33
BRDA:132,17,0,33
BRDA:134,18,0,33
BRDA:134,19,0,33
BRDA:135,20,0,33
BRDA:135,21,0,33
BRDA:136,22,0,33
BRDA:136,23,0,33
BRDA:138,24,0,33
BRDA:138,25,0,33
BRDA:139,26,0,2
BRDA:144,27,0,33
BRF:28
BRH:27
end_of_record
TN:
SF:src/components/slider/slider-input-field/slider-input-field.ts
FN:22,ZetaSliderInputField
FN:54,update
FN:59,handleChange
FN:68,getLabel
FN:73,render
FNF:5
FNH:5
FNDA:13,ZetaSliderInputField
FNDA:15,update
FNDA:1,handleChange
FNDA:15,getLabel
FNDA:15,render
DA:1,6
DA:2,6
DA:3,6
DA:4,6
DA:5,6
DA:6,6
DA:7,6
DA:8,6
DA:9,6
DA:10,6
DA:11,6
DA:12,6
DA:13,6
DA:14,6
DA:15,6
DA:16,6
DA:17,6
DA:18,6
DA:19,6
DA:20,6
DA:21,6
DA:22,6
DA:23,13
DA:24,13
DA:25,13
DA:26,13
DA:27,13
DA:28,13
DA:29,13
DA:30,13
DA:31,13
DA:32,13
DA:33,13
DA:34,13
DA:35,13
DA:36,13
DA:37,13
DA:38,13
DA:39,13
DA:40,13
DA:41,13
DA:42,13
DA:43,13
DA:44,13
DA:45,13
DA:46,13
DA:47,13
DA:48,13
DA:49,13
DA:50,13
DA:51,6
DA:52,6
DA:53,6
DA:54,6
DA:55,15
DA:56,15
DA:57,15
DA:58,6
DA:59,6
DA:60,1
DA:61,1
DA:62,1
DA:63,1
DA:64,1
DA:65,1
DA:66,1
DA:67,6
DA:68,6
DA:69,15
DA:70,2
DA:71,15
DA:72,6
DA:73,6
DA:74,15
DA:75,15
DA:76,15
DA:77,15
DA:78,15
DA:79,15
DA:80,15
DA:81,15
DA:82,15
DA:83,15
DA:84,15
DA:85,15
DA:86,15
DA:87,15
DA:88,15
DA:89,15
DA:90,15
DA:91,15
DA:92,15
DA:93,15
DA:94,15
DA:95,15
DA:96,15
DA:97,6
DA:98,6
DA:99,6
DA:100,6
DA:101,6
DA:102,6
DA:103,6
DA:104,6
DA:105,6
LF:105
LH:105
BRDA:98,0,0,0
BRDA:22,1,0,13
BRDA:54,2,0,15
BRDA:59,3,0,1
BRDA:68,4,0,15
BRDA:69,5,0,13
BRDA:69,6,0,2
BRDA:73,7,0,15
BRDA:82,8,0,0
BRDA:85,9,0,1
BRF:10
BRH:8
end_of_record
TN:
SF:src/components/snackbar/snackbar.ts
FN:20,ZetaSnackbar
FN:43,render
FNF:2
FNH:2
FNDA:27,ZetaSnackbar
FNDA:64,render
DA:1,4
DA:2,4
DA:3,4
DA:4,4
DA:5,4
DA:6,4
DA:7,4
DA:8,4
DA:9,4
DA:10,4
DA:11,4
DA:12,4
DA:13,4
DA:14,4
DA:15,4
DA:16,4
DA:17,4
DA:18,4
DA:19,4
DA:20,4
DA:21,27
DA:22,27
DA:23,27
DA:24,27
DA:25,27
DA:26,27
DA:27,27
DA:28,27
DA:29,27
DA:30,4
DA:31,4
DA:32,4
DA:33,4
DA:34,4
DA:35,4
DA:36,4
DA:37,4
DA:38,4
DA:39,4
DA:40,4
DA:41,4
DA:42,4
DA:43,4
DA:44,64
DA:45,64
DA:46,64
DA:47,64
DA:48,64
DA:49,64
DA:50,64
DA:51,64
DA:52,64
DA:53,64
DA:54,64
DA:55,64
DA:56,0
DA:57,0
DA:58,64
DA:59,64
DA:60,64
DA:61,64
DA:62,64
DA:63,4
DA:64,4
DA:65,4
DA:66,4
DA:67,4
DA:68,4
DA:69,4
DA:70,4
DA:71,4
LF:71
LH:69
BRDA:64,0,0,0
BRDA:20,1,0,27
BRDA:43,2,0,64
BRDA:51,3,0,37
BRDA:51,4,0,27
BRDA:55,5,0,0
BRDA:54,6,0,3
BRF:7
BRH:5
end_of_record
TN:
SF:src/components/stepper/stepper.ts
FN:19,ZetaStepper
FN:29,ZetaStepper.renderSteps
FN:61,render
FNF:3
FNH:3
FNDA:3,ZetaStepper
FNDA:1,ZetaStepper.renderSteps
FNDA:1,render
DA:1,4
DA:2,4
DA:3,4
DA:4,4
DA:5,4
DA:6,4
DA:7,4
DA:8,4
DA:9,4
DA:10,4
DA:11,4
DA:12,4
DA:13,4
DA:14,4
DA:15,4
DA:16,4
DA:17,4
DA:18,4
DA:19,4
DA:20,3
DA:21,3
DA:22,3
DA:23,3
DA:24,3
DA:25,3
DA:26,3
DA:27,3
DA:28,3
DA:29,3
DA:30,1
DA:31,1
DA:32,1
DA:33,3
DA:34,3
DA:35,3
DA:36,3
DA:37,3
DA:38,3
DA:39,3
DA:40,3
DA:41,3
DA:42,3
DA:43,3
DA:44,3
DA:45,3
DA:46,3
DA:47,3
DA:48,3
DA:49,3
DA:50,3
DA:51,3
DA:52,3
DA:53,3
DA:54,3
DA:55,3
DA:56,3
DA:57,3
DA:58,1
DA:59,1
DA:60,4
DA:61,4
DA:62,1
DA:63,1
DA:64,1
DA:65,1
DA:66,1
DA:67,1
DA:68,4
DA:69,4
DA:70,4
DA:71,4
DA:72,4
DA:73,4
DA:74,4
DA:75,4
DA:76,4
LF:76
LH:76
BRDA:69,0,0,0
BRDA:19,1,0,3
BRDA:29,2,0,1
BRDA:32,3,0,3
BRDA:40,4,0,0
BRDA:41,5,0,1
BRDA:52,6,0,0
BRDA:61,7,0,1
BRF:8
BRH:5
end_of_record
TN:
SF:src/components/stepper-input/stepper-input.ts
FN:23,ZetaStepperInput
FN:125,ZetaStepperInput._isSafari
FN:39,handleFocus
FN:44,handleBlur
FN:58,updated
FN:93,handleChange
FN:98,firstUpdated
FN:102,focus
FN:106,blur
FN:110,validateValue
FN:127,onButtonClick
FN:134,render
FNF:12
FNH:8
FNDA:14,ZetaStepperInput
FNDA:0,ZetaStepperInput._isSafari
FNDA:4,handleFocus
FNDA:3,handleBlur
FNDA:33,updated
FNDA:3,handleChange
FNDA:12,firstUpdated
FNDA:0,focus
FNDA:0,blur
FNDA:47,validateValue
FNDA:0,onButtonClick
FNDA:33,render
DA:1,4
DA:2,4
DA:3,4
DA:4,4
DA:5,4
DA:6,4
DA:7,4
DA:8,4
DA:9,4
DA:10,4
DA:11,4
DA:12,4
DA:13,4
DA:14,4
DA:15,4
DA:16,4
DA:17,4
DA:18,4
DA:19,4
DA:20,4
DA:21,4
DA:22,4
DA:23,4
DA:24,14
DA:25,14
DA:26,14
DA:27,14
DA:28,14
DA:29,14
DA:30,14
DA:31,14
DA:32,14
DA:33,14
DA:34,14
DA:35,14
DA:36,14
DA:37,14
DA:38,14
DA:39,14
DA:40,4
DA:41,4
DA:42,4
DA:43,14
DA:44,14
DA:45,3
DA:46,3
DA:47,3
DA:48,3
DA:49,2
DA:50,2
DA:51,2
DA:52,3
DA:53,14
DA:54,14
DA:55,14
DA:56,14
DA:57,14
DA:58,14
DA:59,33
DA:60,33
DA:61,33
DA:62,33
DA:63,9
DA:64,9
DA:65,33
DA:66,29
DA:67,29
DA:68,33
DA:69,33
DA:70,14
DA:71,14
DA:72,14
DA:73,14
DA:74,14
DA:75,14
DA:76,14
DA:77,14
DA:78,14
DA:79,14
DA:80,14
DA:81,14
DA:82,14
DA:83,14
DA:84,14
DA:85,14
DA:86,14
DA:87,14
DA:88,14
DA:89,14
DA:90,14
DA:91,14
DA:92,14
DA:93,14
DA:94,3
DA:95,3
DA:96,3
DA:97,14
DA:98,14
DA:99,12
DA:100,12
DA:101,14
DA:102,14
DA:103,0
DA:104,0
DA:105,14
DA:106,14
DA:107,0
DA:108,0
DA:109,14
DA:110,14
DA:111,47
DA:112,47
DA:113,2
DA:114,47
DA:115,7
DA:116,45
DA:117,8
DA:118,38
DA:119,30
DA:120,30
DA:121,47
DA:122,47
DA:123,14
DA:124,14
DA:125,14
DA:126,4
DA:127,4
DA:128,0
DA:129,0
DA:130,0
DA:131,0
DA:132,0
DA:133,4
DA:134,4
DA:135,33
DA:136,33
DA:137,33
DA:138,33
DA:139,33
DA:140,33
DA:141,33
DA:142,33
DA:143,33
DA:144,33
DA:145,33
DA:146,33
DA:147,33
DA:148,33
DA:149,33
DA:150,33
DA:151,33
DA:152,33
DA:153,33
DA:154,33
DA:155,33
DA:156,33
DA:157,33
DA:158,33
DA:159,33
DA:160,33
DA:161,33
DA:162,33
DA:163,0
DA:164,0
DA:165,0
DA:166,33
DA:167,33
DA:168,33
DA:169,33
DA:170,33
DA:171,4
DA:172,4
DA:173,4
DA:174,4
DA:175,4
DA:176,4
DA:177,4
LF:177
LH:165
BRDA:26,0,0,0
BRDA:23,1,0,14
BRDA:39,2,0,4
BRDA:44,3,0,3
BRDA:48,4,0,2
BRDA:58,5,0,33
BRDA:62,6,0,9
BRDA:65,7,0,29
BRDA:93,8,0,3
BRDA:98,9,0,12
BRDA:110,10,0,47
BRDA:112,11,0,45
BRDA:112,12,0,2
BRDA:114,13,0,45
BRDA:114,14,0,23
BRDA:114,15,0,7
BRDA:116,16,0,38
BRDA:116,17,0,25
BRDA:116,18,0,8
BRDA:118,19,0,30
BRDA:134,20,0,33
BRDA:139,21,0,18
BRDA:140,22,0,0
BRDA:151,23,0,15
BRDA:152,24,0,0
BRDA:162,25,0,0
BRF:26
BRH:22
end_of_record
TN:
SF:src/components/switch/switch.ts
FN:40,ZetaSwitch
FN:55,handleChange
FN:63,render
FNF:3
FNH:3
FNDA:22,ZetaSwitch
FNDA:2,handleChange
FNDA:21,render
DA:1,4
DA:2,4
DA:3,4
DA:4,4
DA:5,4
DA:6,4
DA:7,4
DA:8,4
DA:9,4
DA:10,4
DA:11,4
DA:12,4
DA:13,4
DA:14,4
DA:15,4
DA:16,4
DA:17,4
DA:18,4
DA:19,4
DA:20,4
DA:21,4
DA:22,4
DA:23,4
DA:24,4
DA:25,4
DA:26,4
DA:27,4
DA:28,4
DA:29,4
DA:30,4
DA:31,4
DA:32,4
DA:33,4
DA:34,4
DA:35,4
DA:36,4
DA:37,4
DA:38,4
DA:39,4
DA:40,4
DA:41,22
DA:42,22
DA:43,22
DA:44,4
DA:45,4
DA:46,4
DA:47,4
DA:48,4
DA:49,4
DA:50,4
DA:51,4
DA:52,4
DA:53,4
DA:54,4
DA:55,4
DA:56,2
DA:57,2
DA:58,2
DA:59,2
DA:60,4
DA:61,4
DA:62,4
DA:63,4
DA:64,21
DA:65,21
DA:66,21
DA:67,21
DA:68,0
DA:69,0
DA:70,21
DA:71,21
DA:72,21
DA:73,21
DA:74,21
DA:75,21
DA:76,21
DA:77,19
DA:78,19
DA:79,21
DA:80,21
DA:81,19
DA:82,19
DA:83,19
DA:84,21
DA:85,21
DA:86,21
DA:87,21
DA:88,21
DA:89,21
DA:90,4
DA:91,4
DA:92,4
DA:93,4
DA:94,4
DA:95,4
DA:96,4
LF:96
LH:94
BRDA:61,0,0,0
BRDA:40,1,0,22
BRDA:55,2,0,2
BRDA:58,3,0,1
BRDA:58,4,0,1
BRDA:63,5,0,21
BRDA:73,6,0,4
BRDA:73,7,0,17
BRDA:76,8,0,19
BRDA:80,9,0,19
BRF:10
BRH:9
end_of_record
TN:
SF:src/components/system-banner/system-banner.ts
FN:19,ZetaSystemBanner
FN:39,render
FNF:2
FNH:0
FNDA:0,ZetaSystemBanner
FNDA:0,render
DA:1,3
DA:2,3
DA:3,3
DA:4,3
DA:5,3
DA:6,3
DA:7,3
DA:8,3
DA:9,3
DA:10,3
DA:11,3
DA:12,3
DA:13,3
DA:14,3
DA:15,3
DA:16,3
DA:17,3
DA:18,3
DA:19,3
DA:20,0
DA:21,0
DA:22,0
DA:23,0
DA:24,0
DA:25,3
DA:26,3
DA:27,3
DA:28,3
DA:29,3
DA:30,3
DA:31,3
DA:32,3
DA:33,3
DA:34,3
DA:35,3
DA:36,3
DA:37,3
DA:38,3
DA:39,3
DA:40,0
DA:41,0
DA:42,0
DA:43,0
DA:44,0
DA:45,0
DA:46,0
DA:47,0
DA:48,0
DA:49,0
DA:50,0
DA:51,0
DA:52,0
DA:53,0
DA:54,0
DA:55,0
DA:56,3
DA:57,3
DA:58,3
DA:59,3
DA:60,3
DA:61,3
DA:62,3
LF:62
LH:41
BRDA:37,0,0,0
BRF:1
BRH:0
end_of_record
TN:
SF:src/components/tab-bar/tab-bar.ts
FN:17,render
FNF:1
FNH:0
FNDA:0,render
DA:1,4
DA:2,4
DA:3,4
DA:4,4
DA:5,4
DA:6,4
DA:7,4
DA:8,4
DA:9,4
DA:10,4
DA:11,4
DA:12,4
DA:13,4
DA:14,4
DA:15,4
DA:16,4
DA:17,4
DA:18,0
DA:19,0
DA:20,4
DA:21,4
DA:22,4
DA:23,4
DA:24,4
DA:25,4
DA:26,4
DA:27,4
[...]
BRDA:30,3,0,2
BRDA:32,4,0,1
BRDA:34,5,0,2
BRDA:39,6,0,1
BRDA:43,7,0,5
BRDA:53,8,0,1
BRF:9
BRH:8
end_of_record
TN:
SF:src/mixins/contour.ts
FN:18,Contourable
FN:19,ContourableClass
FN:29,<static_initializer>
FNF:3
FNH:3
FNDA:248,Contourable
FNDA:1248,ContourableClass
FNDA:248,<static_initializer>
DA:1,53
DA:2,53
DA:3,53
DA:4,53
DA:5,53
DA:6,53
DA:7,53
DA:8,53
DA:9,53
DA:10,53
DA:11,53
DA:12,53
DA:13,53
DA:14,53
DA:15,53
DA:16,53
DA:17,53
DA:18,53
DA:19,248
DA:20,1248
DA:21,1248
DA:22,1248
DA:23,1248
DA:24,1248
DA:25,1248
DA:26,1248
DA:27,1248
DA:28,248
DA:29,248
DA:30,248
DA:31,248
DA:32,248
DA:33,248
DA:34,248
DA:35,248
DA:36,248
DA:37,248
DA:38,248
DA:39,248
DA:40,248
DA:41,248
DA:42,248
DA:43,248
DA:44,248
DA:45,248
DA:46,248
DA:47,248
DA:48,248
DA:49,248
LF:49
LH:49
BRDA:18,0,0,248
BRDA:19,1,0,1251
BRDA:29,2,0,248
BRDA:30,3,0,192
BRF:4
BRH:4
end_of_record
TN:
SF:src/mixins/contourable-three.ts
FN:21,ContourableThree
FN:22,ContourableThreeClass
FN:37,<static_initializer>
FNF:3
FNH:3
FNDA:26,ContourableThree
FNDA:278,ContourableThreeClass
FNDA:26,<static_initializer>
DA:1,19
DA:2,19
DA:3,19
DA:4,19
DA:5,19
DA:6,19
DA:7,19
DA:8,19
DA:9,19
DA:10,19
DA:11,19
DA:12,19
DA:13,19
DA:14,19
DA:15,19
DA:16,19
DA:17,19
DA:18,19
DA:19,19
DA:20,19
DA:21,19
DA:22,26
DA:23,278
DA:24,278
DA:25,278
DA:26,278
DA:27,278
DA:28,278
DA:29,278
DA:30,278
DA:31,278
DA:32,278
DA:33,278
DA:34,278
DA:35,278
DA:36,26
DA:37,26
DA:38,26
DA:39,26
DA:40,26
DA:41,26
DA:42,26
DA:43,26
DA:44,26
DA:45,26
DA:46,26
DA:47,26
DA:48,26
DA:49,26
DA:50,26
DA:51,26
DA:52,26
DA:53,26
DA:54,26
DA:55,26
DA:56,26
DA:57,26
DA:58,26
DA:59,26
DA:60,26
DA:61,26
DA:62,26
DA:63,26
DA:64,26
LF:64
LH:64
BRDA:21,0,0,26
BRDA:22,1,0,288
BRDA:37,2,0,26
BRDA:38,3,0,0
BRF:4
BRH:3
end_of_record
TN:
SF:src/mixins/flavor.ts
FN:21,Flavored
FN:22,FlavoredClass
FN:38,<static_initializer>
FNF:3
FNH:3
FNDA:25,Flavored
FNDA:248,FlavoredClass
FNDA:25,<static_initializer>
DA:1,52
DA:2,52
DA:3,52
DA:4,52
DA:5,52
DA:6,52
DA:7,52
DA:8,52
DA:9,52
DA:10,52
DA:11,52
DA:12,52
DA:13,52
DA:14,52
DA:15,52
DA:16,52
DA:17,52
DA:18,52
DA:19,52
DA:20,52
DA:21,52
DA:22,25
DA:23,248
DA:24,248
DA:25,248
DA:26,248
DA:27,248
DA:28,248
DA:29,248
DA:30,248
DA:31,248
DA:32,248
DA:33,248
DA:34,248
DA:35,248
DA:36,248
DA:37,25
DA:38,25
DA:39,25
DA:40,25
DA:41,25
DA:42,25
LF:42
LH:42
BRDA:21,0,0,25
BRDA:22,1,0,259
BRDA:38,2,0,25
BRDA:38,3,0,25
BRF:4
BRH:4
end_of_record
TN:
SF:src/mixins/form-field.ts
FN:61,FormField
FN:69,FormFieldClass
FN:94,get isCheckable
FN:152,willUpdate
FN:163,checkValidity
FN:167,reportValidity
FN:171,get validity
FN:175,get validationMessage
FN:179,getValue
FN:190,connectedCallback
FN:204,firstUpdated
FN:212,disconnectedCallback
FN:218,formResetCallback
FN:222,setToInitialValues
FN:233,_handleInput
FN:242,_handleInteger
FN:266,_handleIntegerMinMax
FN:278,_setValue
FN:290,_handleChange
FN:299,handleFocus
FN:306,handleBlur
FN:317,handleChange
FN:324,handleInput
FN:345,render
FNF:24
FNH:18
FNDA:40,FormField
FNDA:159,FormFieldClass
FNDA:886,get isCheckable
FNDA:311,willUpdate
FNDA:0,checkValidity
FNDA:0,reportValidity
FNDA:0,get validity
FNDA:0,get validationMessage
FNDA:319,getValue
FNDA:159,connectedCallback
FNDA:98,firstUpdated
FNDA:150,disconnectedCallback
FNDA:0,formResetCallback
FNDA:13,setToInitialValues
FNDA:147,_handleInput
FNDA:51,_handleInteger
FNDA:9,_handleIntegerMinMax
FNDA:160,_setValue
FNDA:30,_handleChange
FNDA:23,handleFocus
FNDA:22,handleBlur
FNDA:0,handleChange
FNDA:109,handleInput
FNDA:311,render
DA:1,14
DA:2,14
DA:3,14
DA:4,14
DA:5,14
DA:6,14
DA:7,14
DA:8,14
DA:9,14
DA:10,14
DA:11,14
DA:12,14
DA:13,14
DA:14,14
DA:15,14
DA:16,14
DA:17,14
DA:18,14
DA:19,14
DA:20,14
DA:21,14
DA:22,14
DA:23,14
DA:24,14
DA:25,14
DA:26,14
DA:27,14
DA:28,14
DA:29,14
DA:30,14
DA:31,14
DA:32,14
DA:33,14
DA:34,14
DA:35,14
DA:36,14
DA:37,14
DA:38,14
DA:39,14
DA:40,14
DA:41,14
DA:42,14
DA:43,14
DA:44,14
DA:45,14
DA:46,14
DA:47,14
DA:48,14
DA:49,14
DA:50,14
DA:51,14
DA:52,14
DA:53,14
DA:54,14
DA:55,14
DA:56,14
DA:57,14
DA:58,14
DA:59,14
DA:60,14
DA:61,14
DA:62,40
DA:63,40
DA:64,40
DA:65,40
DA:66,40
DA:67,40
DA:68,40
DA:69,40
DA:70,159
DA:71,159
DA:72,159
DA:73,159
DA:74,40
DA:75,40
DA:76,40
DA:77,40
DA:78,40
DA:79,40
DA:80,40
DA:81,40
DA:82,40
DA:83,40
DA:84,40
DA:85,40
DA:86,40
DA:87,40
DA:88,40
DA:89,40
DA:90,40
DA:91,40
DA:92,40
DA:93,40
DA:94,40
DA:95,886
DA:96,886
DA:97,40
DA:98,40
DA:99,40
DA:100,40
DA:101,40
DA:102,40
DA:103,40
DA:104,40
DA:105,40
DA:106,40
DA:107,40
DA:108,40
DA:109,40
DA:110,40
DA:111,40
DA:112,40
DA:113,40
DA:114,40
DA:115,40
DA:116,40
DA:117,40
DA:118,40
DA:119,40
DA:120,40
DA:121,40
DA:122,40
DA:123,40
DA:124,40
DA:125,40
DA:126,40
DA:127,40
DA:128,40
DA:129,40
DA:130,40
DA:131,40
DA:132,40
DA:133,40
DA:134,40
DA:135,40
DA:136,40
DA:137,40
DA:138,40
DA:139,40
DA:140,40
DA:141,40
DA:142,40
DA:143,40
DA:144,40
DA:145,40
DA:146,40
DA:147,40
DA:148,40
DA:149,40
DA:150,40
DA:151,40
DA:152,40
DA:153,311
DA:154,311
DA:155,158
DA:156,7
DA:157,158
DA:158,151
DA:159,151
DA:160,158
DA:161,311
DA:162,40
DA:163,40
DA:164,0
DA:165,0
DA:166,40
DA:167,40
DA:168,0
DA:169,0
DA:170,40
DA:171,40
DA:172,0
DA:173,0
DA:174,40
DA:175,40
DA:176,0
DA:177,0
DA:178,40
DA:179,40
DA:180,319
DA:181,63
DA:182,19
DA:183,63
DA:184,44
DA:185,44
DA:186,63
DA:187,256
DA:188,319
DA:189,40
DA:190,40
DA:191,159
DA:192,159
DA:193,159
DA:194,159
DA:195,159
DA:196,159
DA:197,159
DA:198,159
DA:199,159
DA:200,45
DA:201,45
DA:202,159
DA:203,40
DA:204,40
DA:205,98
DA:206,98
DA:207,98
DA:208,98
DA:209,98
DA:210,98
DA:211,40
DA:212,40
DA:213,150
DA:214,150
DA:215,150
DA:216,150
DA:217,40
DA:218,40
DA:219,0
DA:220,0
DA:221,40
DA:222,40
DA:223,13
DA:224,13
DA:225,40
DA:226,40
DA:227,40
DA:228,40
DA:229,40
DA:230,40
DA:231,40
DA:232,40
DA:233,40
DA:234,147
DA:235,147
DA:236,51
DA:237,51
DA:238,147
DA:239,147
DA:240,147
DA:241,40
DA:242,40
DA:243,51
DA:244,51
DA:245,51
DA:246,51
DA:247,51
DA:248,8
DA:249,8
DA:250,51
DA:251,51
DA:252,51
DA:253,51
DA:254,11
DA:255,11
DA:256,11
DA:257,11
DA:258,11
DA:259,11
DA:260,11
DA:261,11
DA:262,11
DA:263,11
DA:264,51
DA:265,40
DA:266,40
DA:267,9
DA:268,9
DA:269,1
DA:270,1
DA:271,1
DA:272,9
DA:273,2
DA:274,2
DA:275,2
DA:276,9
DA:277,40
DA:278,40
DA:279,160
DA:280,160
DA:281,160
DA:282,18
DA:283,18
DA:284,160
DA:285,142
DA:286,142
DA:287,142
DA:288,160
DA:289,40
DA:290,40
DA:291,30
DA:292,30
DA:293,30
DA:294,30
DA:295,40
DA:296,40
DA:297,40
DA:298,40
DA:299,40
DA:300,23
DA:301,23
DA:302,40
DA:303,40
DA:304,40
DA:305,40
DA:306,40
DA:307,22
DA:308,22
DA:309,40
DA:310,40
DA:311,40
DA:312,40
DA:313,40
DA:314,40
DA:315,40
DA:316,40
DA:317,40
DA:318,0
DA:319,0
DA:320,40
DA:321,40
DA:322,40
DA:323,40
DA:324,40
DA:325,109
DA:326,109
DA:327,40
DA:328,40
DA:329,40
DA:330,40
DA:331,40
DA:332,40
DA:333,40
DA:334,40
DA:335,40
DA:336,40
DA:337,40
DA:338,40
DA:339,40
DA:340,40
DA:341,40
DA:342,40
DA:343,40
DA:344,40
DA:345,40
DA:346,311
DA:347,311
DA:348,311
DA:349,311
DA:350,311
DA:351,51
DA:352,51
DA:353,51
DA:354,51
DA:355,51
DA:356,51
DA:357,51
DA:358,51
DA:359,51
DA:360,51
DA:361,51
DA:362,51
DA:363,51
DA:364,51
DA:365,51
DA:366,51
DA:367,51
DA:368,311
DA:369,311
DA:370,1
DA:371,1
DA:372,1
DA:373,1
DA:374,1
DA:375,1
DA:376,1
DA:377,1
DA:378,1
DA:379,1
DA:380,1
DA:381,1
DA:382,1
DA:383,1
DA:384,1
DA:385,1
DA:386,1
DA:387,311
DA:388,311
DA:389,311
DA:390,311
DA:391,26
DA:392,26
DA:393,26
DA:394,26
DA:395,26
DA:396,26
DA:397,26
DA:398,26
DA:399,26
DA:400,26
DA:401,26
DA:402,26
DA:403,26
DA:404,26
DA:405,26
DA:406,26
DA:407,26
DA:408,26
DA:409,311
DA:410,311
DA:411,15
DA:412,15
DA:413,15
DA:414,15
DA:415,15
DA:416,15
DA:417,15
DA:418,15
DA:419,15
DA:420,15
DA:421,15
DA:422,15
DA:423,15
DA:424,15
DA:425,15
DA:426,15
DA:427,15
DA:428,15
DA:429,311
DA:430,311
DA:431,33
DA:432,33
DA:433,33
DA:434,33
DA:435,33
DA:436,33
DA:437,33
DA:438,33
DA:439,33
DA:440,33
DA:441,33
DA:442,33
DA:443,33
DA:444,33
DA:445,311
DA:446,311
DA:447,30
DA:448,30
DA:449,30
DA:450,30
DA:451,30
DA:452,30
DA:453,30
DA:454,30
DA:455,30
DA:456,30
DA:457,30
DA:458,30
DA:459,311
DA:460,311
DA:461,311
DA:462,155
DA:463,155
DA:464,155
DA:465,155
DA:466,155
DA:467,155
DA:468,155
DA:469,155
DA:470,155
DA:471,155
DA:472,155
DA:473,155
DA:474,155
DA:475,155
DA:476,155
DA:477,155
DA:478,155
DA:479,155
DA:480,155
DA:481,311
DA:482,311
DA:483,311
DA:484,311
DA:485,311
DA:486,311
DA:487,311
DA:488,311
DA:489,311
DA:490,311
DA:491,311
DA:492,311
DA:493,311
DA:494,311
DA:495,311
DA:496,311
DA:497,311
DA:498,311
DA:499,311
DA:500,311
DA:501,311
DA:502,40
DA:503,40
DA:504,40
LF:504
LH:492
BRDA:61,0,0,40
BRDA:69,1,0,185
BRDA:124,2,0,26
BRDA:94,3,0,912
BRDA:95,4,0,762
BRDA:152,5,0,337
BRDA:154,6,0,184
BRDA:155,7,0,33
BRDA:156,8,0,28
BRDA:156,9,0,28
BRDA:157,10,0,177
BRDA:179,11,0,345
BRDA:181,12,0,45
BRDA:182,13,0,32
BRDA:183,14,0,70
BRDA:186,15,0,282
BRDA:190,16,0,185
BRDA:204,17,0,129
BRDA:206,18,0,44
BRDA:212,19,0,176
BRDA:233,20,0,174
BRDA:235,21,0,78
BRDA:239,22,0,144
BRDA:278,23,0,187
BRDA:284,24,0,169
BRDA:290,25,0,62
BRDA:292,26,0,41
BRDA:324,27,0,137
BRDA:345,28,0,337
BRDA:353,29,0,31
BRDA:353,30,0,72
BRDA:358,31,0,30
BRDA:359,32,0,26
BRDA:361,33,0,26
BRDA:362,34,0,33
BRDA:362,35,0,70
BRDA:369,36,0,27
BRDA:388,37,0,47
BRDA:389,38,0,50
BRDA:390,39,0,52
BRDA:410,40,0,41
BRDA:430,41,0,59
BRDA:446,42,0,56
BRDA:461,43,0,181
BRDA:180,44,0,89
BRDA:199,45,0,71
BRDA:214,46,0,65
BRDA:281,47,0,45
BRDA:349,48,0,63
BRDA:350,49,0,77
BRDA:393,50,0,26
BRDA:396,51,0,26
BRDA:398,52,0,26
BRDA:399,53,0,26
BRDA:403,54,0,47
BRDA:156,55,0,31
BRDA:433,56,0,26
BRDA:437,57,0,26
BRDA:439,58,0,26
BRDA:441,59,0,40
BRDA:208,60,0,70
BRDA:299,61,0,60
BRDA:306,62,0,59
BRDA:463,63,0,59
BRDA:464,64,0,26
BRDA:467,65,0,29
BRDA:467,66,0,178
BRDA:469,67,0,26
BRDA:470,68,0,28
BRDA:474,69,0,75
BRDA:449,70,0,26
BRDA:452,71,0,26
BRDA:454,72,0,26
BRDA:455,73,0,50
BRDA:222,74,0,51
BRDA:413,75,0,39
BRDA:413,76,0,28
BRDA:417,77,0,26
BRDA:419,78,0,26
BRDA:421,79,0,26
BRDA:463,80,0,148
BRDA:358,81,0,73
BRDA:242,82,0,90
BRDA:244,83,0,39
BRDA:247,84,0,47
BRDA:247,85,0,47
BRDA:253,86,0,50
BRDA:258,87,0,39
BRDA:260,88,0,39
BRDA:261,89,0,39
BRDA:266,90,0,48
BRDA:268,91,0,41
BRDA:268,92,0,40
BRDA:272,93,0,41
BRDA:272,94,0,41
BRDA:371,95,0,26
BRDA:374,96,0,26
BRDA:376,97,0,26
BRDA:381,98,0,26
BRDA:470,99,0,179
BRF:100
BRH:100
end_of_record
TN:
SF:src/mixins/interactive.ts
FN:19,Interactive
FN:20,InteractiveClass
FN:50,InteractiveClass._handleFocus
FN:37,disconnectedCallback
FN:81,<static_initializer>
FNF:5
FNH:5
FNDA:84,Interactive
FNDA:525,InteractiveClass
FNDA:4,InteractiveClass._handleFocus
FNDA:518,disconnectedCallback
FNDA:84,<static_initializer>
DA:1,52
DA:2,52
DA:3,52
DA:4,52
DA:5,52
DA:6,52
DA:7,52
DA:8,52
DA:9,52
DA:10,52
DA:11,52
DA:12,52
DA:13,52
DA:14,52
DA:15,52
DA:16,52
DA:17,52
DA:18,52
DA:19,52
DA:20,84
DA:21,525
DA:22,525
DA:23,525
DA:24,525
DA:25,525
DA:26,525
DA:27,525
DA:28,73
DA:29,73
DA:30,525
DA:31,452
DA:32,452
DA:33,452
DA:34,452
DA:35,525
DA:36,525
DA:37,525
DA:38,518
DA:39,518
DA:40,518
DA:41,70
DA:42,70
DA:43,518
DA:44,425
DA:45,425
DA:46,518
DA:47,518
DA:48,525
DA:49,525
DA:50,525
DA:51,4
DA:52,0
DA:53,0
DA:54,0
DA:55,0
DA:56,0
DA:57,0
DA:58,0
DA:59,0
DA:60,0
DA:61,4
DA:62,4
DA:63,525
DA:64,525
DA:65,525
DA:66,525
DA:67,525
DA:68,525
DA:69,525
DA:70,525
DA:71,525
DA:72,525
DA:73,525
DA:74,525
DA:75,525
DA:76,525
DA:77,525
DA:78,525
DA:79,525
DA:80,84
DA:81,84
DA:82,84
DA:83,84
DA:84,84
LF:84
LH:75
BRDA:19,0,0,84
BRDA:20,1,0,533
BRDA:27,2,0,81
BRDA:37,3,0,526
BRDA:40,4,0,78
BRDA:81,5,0,84
BRDA:43,6,0,433
BRDA:50,7,0,493
BRDA:51,8,0,489
BRDA:30,9,0,460
BRDA:81,10,0,84
BRF:11
BRH:11
end_of_record
TN:
SF:src/mixins/mixins.ts
FNF:0
FNH:0
DA:1,52
DA:2,52
DA:3,52
DA:4,52
DA:5,52
DA:6,52
DA:7,52
LF:7
LH:7
BRF:0
BRH:0
end_of_record
TN:
SF:src/mixins/navigate.ts
FN:17,Navigate
FN:24,<static_initializer>
FNF:2
FNH:2
FNDA:9,Navigate
FNDA:9,<static_initializer>
DA:1,52
DA:2,52
DA:3,52
DA:4,52
DA:5,52
DA:6,52
DA:7,52
DA:8,52
DA:9,52
DA:10,52
DA:11,52
DA:12,52
DA:13,52
DA:14,52
DA:15,52
DA:16,52
DA:17,52
DA:18,9
DA:19,9
DA:20,9
DA:21,9
DA:22,9
DA:23,9
DA:24,9
DA:25,9
DA:26,9
DA:27,9
DA:28,9
DA:29,9
DA:30,9
DA:31,9
DA:32,9
DA:33,9
DA:34,9
LF:34
LH:34
BRDA:17,0,0,9
BRDA:24,1,0,9
BRDA:25,2,0,4
BRF:3
BRH:3
end_of_record
TN:
SF:src/mixins/popup.ts
FN:27,Popup
FN:28,PopupClass
FN:42,get open
FN:46,showModal
FN:50,show
FN:55,_show
FN:66,hide
FN:72,cancel
FN:76,_onClose
FN:80,_onCancel
FN:84,onBarrierClicked
FN:101,firstUpdated
FN:111,disconnectedCallback
FN:118,<static_initializer>
FNF:14
FNH:13
FNDA:8,Popup
FNDA:8,PopupClass
FNDA:16,get open
FNDA:2,showModal
FNDA:3,show
FNDA:5,_show
FNDA:3,hide
FNDA:1,cancel
FNDA:3,_onClose
FNDA:0,_onCancel
FNDA:2,onBarrierClicked
FNDA:6,firstUpdated
FNDA:6,disconnectedCallback
FNDA:8,<static_initializer>
DA:1,52
DA:2,52
DA:3,52
DA:4,52
DA:5,52
DA:6,52
DA:7,52
DA:8,52
DA:9,52
DA:10,52
DA:11,52
DA:12,52
DA:13,52
DA:14,52
DA:15,52
DA:16,52
DA:17,52
DA:18,52
DA:19,52
DA:20,52
DA:21,52
DA:22,52
DA:23,52
DA:24,52
DA:25,52
DA:26,52
DA:27,52
DA:28,8
DA:29,8
DA:30,8
DA:31,8
DA:32,8
DA:33,8
DA:34,8
DA:35,8
DA:36,8
DA:37,8
DA:38,8
DA:39,8
DA:40,8
DA:41,8
DA:42,8
DA:43,16
DA:44,16
DA:45,8
DA:46,8
DA:47,2
DA:48,2
DA:49,8
DA:50,8
DA:51,3
DA:52,3
DA:53,8
DA:54,8
DA:55,8
DA:56,5
DA:57,5
DA:58,2
DA:59,5
DA:60,3
DA:61,3
DA:62,5
DA:63,5
DA:64,5
DA:65,8
DA:66,8
DA:67,3
DA:68,3
DA:69,3
DA:70,3
DA:71,8
DA:72,8
DA:73,1
DA:74,1
DA:75,8
DA:76,8
DA:77,3
DA:78,3
DA:79,8
DA:80,8
DA:81,0
DA:82,0
DA:83,8
DA:84,8
DA:85,2
DA:86,0
DA:87,0
DA:88,2
DA:89,2
DA:90,2
DA:91,2
DA:92,2
DA:93,2
DA:94,2
DA:95,1
DA:96,1
DA:97,1
DA:98,2
DA:99,8
DA:100,8
DA:101,8
DA:102,6
DA:103,6
DA:104,6
DA:105,6
DA:106,6
DA:107,6
DA:108,6
DA:109,6
DA:110,8
DA:111,8
DA:112,6
DA:113,6
DA:114,6
DA:115,6
DA:116,6
DA:117,8
DA:118,8
DA:119,8
DA:120,8
DA:121,8
DA:122,8
DA:123,8
DA:124,8
DA:125,8
DA:126,8
DA:127,8
DA:128,8
LF:128
LH:124
BRDA:27,0,0,8
BRDA:28,1,0,14
BRDA:42,2,0,22
BRDA:43,3,0,10
BRDA:43,4,0,18
BRDA:46,5,0,9
BRDA:50,6,0,10
BRDA:55,7,0,12
BRDA:57,8,0,9
BRDA:59,9,0,10
BRDA:66,10,0,10
BRDA:72,11,0,8
BRDA:76,12,0,10
BRDA:84,13,0,9
BRDA:85,14,0,7
BRDA:92,15,0,7
BRDA:92,16,0,7
BRDA:92,17,0,7
BRDA:94,18,0,8
BRDA:101,19,0,12
BRDA:111,20,0,12
BRDA:118,21,0,8
BRF:22
BRH:22
end_of_record
TN:
SF:src/mixins/size.ts
FN:19,Size
FN:20,SizeClass
FNF:2
FNH:2
FNDA:50,Size
FNDA:454,SizeClass
DA:1,52
DA:2,52
DA:3,52
DA:4,52
DA:5,52
DA:6,52
DA:7,52
DA:8,52
DA:9,52
DA:10,52
DA:11,52
DA:12,52
DA:13,52
DA:14,52
DA:15,52
DA:16,52
DA:17,52
DA:18,52
DA:19,52
DA:20,50
DA:21,454
DA:22,454
DA:23,50
DA:24,50
DA:25,50
LF:25
LH:25
BRDA:19,0,0,50
BRDA:20,1,0,481
BRF:2
BRH:2
end_of_record
TN:
SF:src/test/utils.ts
FN:9,toRGB
FN:21,getCssVarValue
FN:31,getCssVarColorValue
FN:40,getSlotTextNode
FN:51,getSlot
FN:61,getSlottedIconName
FN:72,getSlotText
FN:86,getIconColor
FN:95,getMiddleOfElement
FN:104,getCoordsOfElement
FN:118,<static_initializer>
FN:118,hover
FN:130,down
FN:140,up
FN:144,click
FN:154,clickOutside
FN:163,<static_initializer>
FN:163,press
FN:166,type
FN:175,disableShadowDOMTransitions
FNF:20
FNH:20
FNDA:94,toRGB
FNDA:104,getCssVarValue
FNDA:91,getCssVarColorValue
FNDA:31,getSlotTextNode
FNDA:10,getSlot
FNDA:2,getSlottedIconName
FNDA:15,getSlotText
FNDA:16,getIconColor
FNDA:26,getMiddleOfElement
FNDA:13,getCoordsOfElement
FNDA:21,<static_initializer>
FNDA:26,hover
FNDA:19,down
FNDA:19,up
FNDA:19,click
FNDA:13,clickOutside
FNDA:21,<static_initializer>
FNDA:4,press
FNDA:15,type
FNDA:32,disableShadowDOMTransitions
DA:1,21
DA:2,21
DA:3,21
DA:4,21
DA:5,21
DA:6,21
DA:7,21
DA:8,21
DA:9,21
DA:10,94
DA:11,94
DA:12,94
DA:13,94
DA:14,21
DA:15,21
DA:16,21
DA:17,21
DA:18,21
DA:19,21
DA:20,21
DA:21,21
DA:22,104
DA:23,104
DA:24,21
DA:25,21
DA:26,21
DA:27,21
DA:28,21
DA:29,21
DA:30,21
DA:31,21
DA:32,91
DA:33,91
DA:34,21
DA:35,21
DA:36,21
DA:37,21
DA:38,21
DA:39,21
DA:40,21
DA:41,31
DA:42,31
DA:43,31
DA:44,31
DA:45,1
DA:46,31
DA:47,30
DA:48,30
DA:49,31
DA:50,21
DA:51,21
DA:52,10
DA:53,10
DA:54,21
DA:55,21
DA:56,21
DA:57,21
DA:58,21
DA:59,21
DA:60,21
DA:61,21
DA:62,2
DA:63,2
DA:64,2
DA:65,2
DA:66,21
DA:67,21
DA:68,21
DA:69,21
DA:70,21
DA:71,21
DA:72,21
DA:73,15
DA:74,15
DA:75,15
DA:76,15
DA:77,15
DA:78,15
DA:79,15
DA:80,21
DA:81,21
DA:82,21
DA:83,21
DA:84,21
DA:85,21
DA:86,21
DA:87,16
DA:88,16
DA:89,21
DA:90,21
DA:91,21
DA:92,21
DA:93,21
DA:94,21
DA:95,21
DA:96,26
DA:97,26
DA:98,26
DA:99,26
DA:100,26
DA:101,26
DA:102,26
DA:103,21
DA:104,21
DA:105,13
DA:106,13
DA:107,13
DA:108,21
DA:109,21
DA:110,21
DA:111,21
DA:112,21
DA:113,21
DA:114,21
DA:115,21
DA:116,21
DA:117,21
DA:118,21
DA:119,26
DA:120,26
DA:121,26
DA:122,26
DA:123,21
DA:124,21
DA:125,21
DA:126,21
DA:127,21
DA:128,21
DA:129,21
DA:130,21
DA:131,19
DA:132,19
DA:133,19
DA:134,21
DA:135,21
DA:136,21
DA:137,21
DA:138,21
DA:139,21
DA:140,21
DA:141,19
DA:142,19
DA:143,21
DA:144,21
DA:145,19
DA:146,19
DA:147,19
DA:148,21
DA:149,21
DA:150,21
DA:151,21
DA:152,21
DA:153,21
DA:154,21
DA:155,13
DA:156,13
DA:157,13
DA:158,13
DA:159,13
DA:160,21
DA:161,21
DA:162,21
DA:163,21
DA:164,4
DA:165,4
DA:166,21
DA:167,15
DA:168,15
DA:169,21
DA:170,21
DA:171,21
DA:172,21
DA:173,21
DA:174,21
DA:175,21
DA:176,32
DA:177,0
DA:178,0
DA:179,0
DA:180,32
DA:181,32
DA:182,32
DA:183,32
DA:184,32
DA:185,32
DA:186,32
DA:187,32
DA:188,32
DA:189,32
DA:190,32
DA:191,32
DA:192,32
LF:192
LH:189
BRDA:9,0,0,94
BRDA:21,1,0,104
BRDA:31,2,0,91
BRDA:118,3,0,21
BRDA:163,4,0,21
BRDA:175,5,0,32
BRDA:176,6,0,0
BRDA:40,7,0,31
BRDA:44,8,0,1
BRDA:41,9,0,36
BRDA:43,10,0,46
BRDA:43,11,0,46
BRDA:72,12,0,15
BRDA:76,13,0,22
BRDA:77,14,0,22
BRDA:46,15,0,30
BRDA:95,16,0,26
BRDA:118,17,0,43
BRDA:130,18,0,37
BRDA:140,19,0,37
BRDA:144,20,0,37
BRDA:163,21,0,23
BRDA:51,22,0,10
BRDA:61,23,0,2
BRDA:63,24,0,2
BRDA:86,25,0,16
BRDA:166,26,0,34
BRDA:104,27,0,13
BRDA:154,28,0,33
BRF:29
BRH:28
end_of_record
TN:
SF:src/test/accessibility-utils/accessibility-test-runner.ts
FN:9,rgbToHex
FN:29,contrastTest
FN:33,waitForStylesheet
FN:36,link.onload
FN:40,link.onerror
FNF:5
FNH:3
FNDA:0,rgbToHex
FNDA:63,contrastTest
FNDA:504,waitForStylesheet
FNDA:504,link.onload
FNDA:0,link.onerror
DA:1,12
DA:2,12
DA:3,12
DA:4,12
DA:5,12
DA:6,12
DA:7,12
DA:8,12
DA:9,0
DA:10,0
DA:11,0
DA:12,0
DA:13,0
DA:14,0
DA:15,0
DA:16,0
DA:17,0
DA:18,0
DA:19,0
DA:20,0
DA:21,12
DA:22,12
DA:23,12
DA:24,12
DA:25,12
DA:26,12
DA:27,12
DA:28,12
DA:29,12
DA:30,63
DA:31,63
DA:32,63
DA:33,63
DA:34,504
DA:35,504
DA:36,504
DA:37,504
DA:38,504
DA:39,504
DA:40,504
DA:41,0
DA:42,0
DA:43,0
DA:44,504
DA:45,504
DA:46,63
DA:47,63
DA:48,252
DA:49,240
DA:50,240
DA:51,252
DA:52,240
DA:53,240
DA:54,252
DA:55,252
DA:56,252
DA:57,252
DA:58,252
DA:59,252
DA:60,252
DA:61,252
DA:62,252
DA:63,252
DA:64,252
DA:65,252
DA:66,252
DA:67,252
DA:68,252
DA:69,252
DA:70,252
DA:71,252
DA:72,252
DA:73,252
DA:74,252
DA:75,252
DA:76,252
DA:77,252
DA:78,252
DA:79,252
DA:80,252
DA:81,252
DA:82,252
DA:83,126
DA:84,126
DA:85,126
DA:86,126
DA:87,252
DA:88,0
DA:89,0
DA:90,0
DA:91,0
DA:92,0
DA:93,0
DA:94,252
DA:95,63
LF:95
LH:74
BRDA:23,0,0,24
BRDA:23,1,0,24
BRDA:29,2,0,63
BRDA:47,3,0,252
BRDA:48,4,0,240
BRDA:51,5,0,240
BRDA:59,6,0,126
BRDA:59,7,0,126
BRDA:65,8,0,126
BRDA:65,9,0,126
BRDA:82,10,0,126
BRDA:87,11,0,0
BRDA:33,12,0,504
BRDA:34,13,0,504
BRDA:36,14,0,504
BRF:15
BRH:14
end_of_record
TN:
SF:src/test/text-input/setup.ts
FN:25,setup
FNF:1
FNH:1
FNDA:36,setup
DA:1,1
DA:2,1
DA:3,1
DA:4,1
DA:5,1
DA:6,1
DA:7,1
DA:8,1
DA:9,1
DA:10,1
DA:11,1
DA:12,1
DA:13,1
DA:14,1
DA:15,1
DA:16,1
DA:17,1
DA:18,1
DA:19,1
DA:20,1
DA:21,1
DA:22,1
DA:23,1
DA:24,1
DA:25,36
DA:26,36
DA:27,36
DA:28,36
DA:29,36
DA:30,36
DA:31,36
DA:32,36
DA:33,36
DA:34,36
DA:35,36
DA:36,36
DA:37,36
DA:38,36
DA:39,36
DA:40,36
DA:41,36
DA:42,36
DA:43,36
DA:44,36
DA:45,36
DA:46,36
DA:47,36
DA:48,36
DA:49,36
DA:50,36
DA:51,36
DA:52,36
DA:53,36
DA:54,36
DA:55,36
DA:56,36
DA:57,36
DA:58,36
DA:59,36
DA:60,36
DA:61,36
LF:61
LH:61
BRDA:25,0,0,36
BRDA:52,1,0,32
BRF:2
BRH:2
end_of_record
TN:
SF:src/utils/utils.ts
FN:7,makeIntegerWidth
FNF:1
FNH:1
FNDA:14,makeIntegerWidth
DA:1,4
DA:2,4
DA:3,4
DA:4,4
DA:5,4
DA:6,4
DA:7,4
DA:8,14
DA:9,14
DA:10,14
LF:10
LH:10
BRDA:7,0,0,14
BRF:1
BRH:1
end_of_record
